<?xml version="1.0" encoding="utf-8"?><testsuites name="pytest tests"><testsuite name="pytest" errors="0" failures="0" skipped="0" tests="28" time="3.105" timestamp="2026-04-24T08:20:13.618531+00:00" hostname="agent-env-be9a8764-83f7-4c88-abb0-2335df0b12e8"><testcase classname="backend.tests.test_client_cas_invite.TestMfdCreateInvite" name="test_create_invite_returns_expected_shape" time="0.301" /><testcase classname="backend.tests.test_client_cas_invite.TestMfdCreateInvite" name="test_unauthenticated_create_returns_401" time="0.104" /><testcase classname="backend.tests.test_client_cas_invite.TestMfdCreateInvite" name="test_non_existent_profile_returns_404" time="0.051" /><testcase classname="backend.tests.test_client_cas_invite.TestMfdListInvites" name="test_list_invites_returns_array" time="0.045" /><testcase classname="backend.tests.test_client_cas_invite.TestMfdListInvites" name="test_list_never_leaks_oauth_tokens" time="0.047" /><testcase classname="backend.tests.test_client_cas_invite.TestMfdListInvites" name="test_unauthenticated_list_returns_401" time="0.044" /><testcase classname="backend.tests.test_client_cas_invite.TestMfdRevoke" name="test_revoke_sets_status_and_clears_tokens" time="0.203" /><testcase classname="backend.tests.test_client_cas_invite.TestMfdRevoke" name="test_unauthenticated_revoke_returns_401" time="0.045" /><testcase classname="backend.tests.test_client_cas_invite.TestPublicInviteDetails" name="test_valid_token_returns_details" time="0.044" /><testcase classname="backend.tests.test_client_cas_invite.TestPublicInviteDetails" name="test_bad_token_returns_404" time="0.046" /><testcase classname="backend.tests.test_client_cas_invite.TestPublicGmailConnect" name="test_returns_auth_url_with_invite_state" time="0.047" /><testcase classname="backend.tests.test_client_cas_invite.TestPublicGmailConnect" name="test_bad_token_returns_404" time="0.046" /><testcase classname="backend.tests.test_client_cas_invite.TestPublicScanGuard" name="test_scan_before_oauth_returns_400" time="0.051" /><testcase classname="backend.tests.test_client_cas_invite.TestPublicStatus" name="test_status_returns_processed_files" time="0.045" /><testcase classname="backend.tests.test_client_cas_invite.TestExpiredInvite" name="test_public_details_with_expired_marker" time="0.169" /><testcase classname="backend.tests.test_client_cas_invite.TestV2CreateWithPrefill" name="test_create_with_prefill_fields" time="0.157" /><testcase classname="backend.tests.test_client_cas_invite.TestV2Regenerate" name="test_regenerate_deactivates_prior_and_issues_new" time="0.407" /><testcase classname="backend.tests.test_client_cas_invite.TestV2ClientDetails" name="test_valid_details_captures_and_returns_next" time="0.137" /><testcase classname="backend.tests.test_client_cas_invite.TestV2ClientDetails" name="test_gmail_consent_false_returns_cas_upload_next" time="0.088" /><testcase classname="backend.tests.test_client_cas_invite.TestV2ClientDetails" name="test_invalid_pan_short_rejected_422" time="0.090" /><testcase classname="backend.tests.test_client_cas_invite.TestV2ClientDetails" name="test_invalid_pan_format_rejected_400" time="0.092" /><testcase classname="backend.tests.test_client_cas_invite.TestV2ClientDetails" name="test_short_mobile_rejected" time="0.110" /><testcase classname="backend.tests.test_client_cas_invite.TestV2ClientDetails" name="test_mobile_less_than_10_digits_400" time="0.090" /><testcase classname="backend.tests.test_client_cas_invite.TestV2ClientDetails" name="test_invalid_email_rejected" time="0.092" /><testcase classname="backend.tests.test_client_cas_invite.TestV2ClientDetails" name="test_missing_cas_consent_rejected" time="0.100" /><testcase classname="backend.tests.test_client_cas_invite.TestV2ClientDetails" name="test_missing_advisor_consent_rejected" time="0.091" /><testcase classname="backend.tests.test_client_cas_invite.TestV2ImportPasswordFallback" name="test_import_no_pan_stored_returns_400" time="0.111" /><testcase classname="backend.tests.test_client_cas_invite.TestV2ImportPasswordFallback" name="test_import_empty_selections_400" time="0.139" /></testsuite></testsuites>