<?xml version="1.0" encoding="utf-8"?><testsuites name="pytest tests"><testsuite name="pytest" errors="0" failures="0" skipped="0" tests="12" time="5.329" timestamp="2026-04-22T13:13:18.982060+00:00" hostname="agent-env-e54b594b-a3ed-4608-8852-61e07233b647"><testcase classname="tests.test_v3_portfolio_has_api.TestPortfolioHasAggregates" name="test_portfolio_object_present" time="5.239" /><testcase classname="tests.test_v3_portfolio_has_api.TestPortfolioHasAggregates" name="test_avg_has_score_is_number" time="0.000" /><testcase classname="tests.test_v3_portfolio_has_api.TestPortfolioHasAggregates" name="test_has_action_counts_keys" time="0.000" /><testcase classname="tests.test_v3_portfolio_has_api.TestPortfolioHasAggregates" name="test_target_weight_pct_per_fund" time="0.000" /><testcase classname="tests.test_v3_portfolio_has_api.TestPerFundHas" name="test_funds_list_exists" time="0.000" /><testcase classname="tests.test_v3_portfolio_has_api.TestPerFundHas" name="test_at_least_one_fund_has_has_payload" time="0.000" /><testcase classname="tests.test_v3_portfolio_has_api.TestPerFundHas" name="test_has_object_required_keys" time="0.000" /><testcase classname="tests.test_v3_portfolio_has_api.TestPerFundHas" name="test_actions_in_allowed_set" time="0.000" /><testcase classname="tests.test_v3_portfolio_has_api.TestPerFundHas" name="test_funds_sorted_by_has_action_priority" time="0.000" /><testcase classname="tests.test_v3_portfolio_has_api.TestPerFundHas" name="test_high_quality_protection_no_exit" time="0.000" /><testcase classname="tests.test_v3_portfolio_has_api.TestPerFundHas" name="test_action_counts_match_funds" time="0.000" /><testcase classname="tests.test_v3_portfolio_has_api.TestPerFundHas" name="test_category_field_valid" time="0.000" /></testsuite></testsuites>