<?xml version="1.0" encoding="utf-8"?><testsuites name="pytest tests"><testsuite name="pytest" errors="0" failures="0" skipped="0" tests="13" time="3.722" timestamp="2026-04-23T11:55:21.896602+00:00" hostname="agent-env-e54b594b-a3ed-4608-8852-61e07233b647"><testcase classname="tests.test_iteration44_compliance.TestConsents" name="test_list_5_purposes" time="0.212" /><testcase classname="tests.test_iteration44_compliance.TestConsents" name="test_grant_data_processing_then_marketing" time="0.270" /><testcase classname="tests.test_iteration44_compliance.TestConsents" name="test_withdraw_marketing_then_required_blocked" time="0.289" /><testcase classname="tests.test_iteration44_compliance.TestPAN" name="test_invalid_pan" time="0.156" /><testcase classname="tests.test_iteration44_compliance.TestPAN" name="test_set_get_delete_pan" time="0.309" /><testcase classname="tests.test_iteration44_compliance.TestEncryptRoundtrip" name="test_roundtrip" time="0.007" /><testcase classname="tests.test_iteration44_compliance.TestDBEncryption" name="test_db_stores_ciphertext_not_plain" time="0.727" /><testcase classname="tests.test_iteration44_compliance.TestAudit" name="test_audit_trail_has_actions" time="0.262" /><testcase classname="tests.test_iteration44_compliance.TestExport" name="test_export_masks_pan" time="0.291" /><testcase classname="tests.test_iteration44_compliance.TestConsentWithdrawFix" name="test_grant_withdraw_regrant_partner_sharing" time="0.442" /><testcase classname="tests.test_iteration44_compliance.TestConsentWithdrawFix" name="test_event_ts_populated_on_both_paths" time="0.173" /><testcase classname="tests.test_iteration44_compliance.TestConsentWithdrawFix" name="test_legacy_row_coalesce_fallback" time="0.117" /><testcase classname="tests.test_iteration44_compliance.TestCategoryRank" name="test_holdings_enriched_has_cat_rank" time="0.360" /></testsuite></testsuites>