<?xml version="1.0" encoding="utf-8"?><testsuites name="pytest tests"><testsuite name="pytest" errors="0" failures="0" skipped="0" tests="23" time="0.093" timestamp="2026-05-11T20:46:47.467390+00:00" hostname="agent-env-ab11feca-0ba0-4641-a9a6-b9b669bf58f3"><testcase classname="backend.tests.test_copilot_phase_ab" name="test_route_intent_canonical[How is my portfolio doing?-portfolio_analyzer]" time="0.002" /><testcase classname="backend.tests.test_copilot_phase_ab" name="test_route_intent_canonical[Tell me about Parag Parikh Flexi Cap-mf_research]" time="0.000" /><testcase classname="backend.tests.test_copilot_phase_ab" name="test_route_intent_canonical[Compare Parag Parikh and Quant Flexi Cap-mf_research]" time="0.000" /><testcase classname="backend.tests.test_copilot_phase_ab" name="test_route_intent_canonical[What happened in the markets today?-market_strategist]" time="0.000" /><testcase classname="backend.tests.test_copilot_phase_ab" name="test_route_intent_canonical[Which sectors are leading?-market_strategist]" time="0.000" /><testcase classname="backend.tests.test_copilot_phase_ab" name="test_route_intent_canonical[What can I harvest before year-end?-tax_agent]" time="0.000" /><testcase classname="backend.tests.test_copilot_phase_ab" name="test_route_intent_canonical[How much LTCG do I have this FY?-tax_agent]" time="0.000" /><testcase classname="backend.tests.test_copilot_phase_ab" name="test_route_intent_canonical[Am I taking too much risk?-compliance_agent]" time="0.000" /><testcase classname="backend.tests.test_copilot_phase_ab" name="test_route_intent_canonical[Generate my Q4 portfolio summary-report_generator]" time="0.000" /><testcase classname="backend.tests.test_copilot_phase_ab" name="test_route_intent_canonical[Show me a rebalance plan-portfolio_analyzer]" time="0.000" /><testcase classname="backend.tests.test_copilot_phase_ab" name="test_route_intent_empty_falls_back" time="0.000" /><testcase classname="backend.tests.test_copilot_phase_ab" name="test_route_intent_unknown_falls_back_to_mf_research" time="0.000" /><testcase classname="backend.tests.test_copilot_phase_ab" name="test_agent_metadata_includes_seven_agents" time="0.000" /><testcase classname="backend.tests.test_copilot_phase_ab" name="test_get_agent_returns_spec" time="0.000" /><testcase classname="backend.tests.test_copilot_phase_ab" name="test_model_default_is_gpt_4o" time="0.000" /><testcase classname="backend.tests.test_copilot_phase_ab" name="test_model_lookup_known" time="0.000" /><testcase classname="backend.tests.test_copilot_phase_ab" name="test_model_lookup_unknown_falls_back_to_default" time="0.000" /><testcase classname="backend.tests.test_copilot_phase_ab" name="test_model_metadata_includes_three" time="0.000" /><testcase classname="backend.tests.test_copilot_phase_ab" name="test_fund_card_envelope_roundtrip" time="0.000" /><testcase classname="backend.tests.test_copilot_phase_ab" name="test_market_brief_envelope_roundtrip" time="0.000" /><testcase classname="backend.tests.test_copilot_phase_ab" name="test_compare_table_envelope_roundtrip" time="0.000" /><testcase classname="backend.tests.test_copilot_phase_ab" name="test_sip_plan_envelope_roundtrip" time="0.000" /><testcase classname="backend.tests.test_copilot_phase_ab" name="test_envelope_partial_flag_defaults_false" time="0.000" /></testsuite></testsuites>