<?xml version="1.0" encoding="utf-8"?><testsuites name="pytest tests"><testsuite name="pytest" errors="0" failures="5" skipped="2" tests="152" time="165.301" timestamp="2026-04-23T04:52:04.365764+00:00" hostname="agent-env-e54b594b-a3ed-4608-8852-61e07233b647"><testcase classname="tests.test_portfolio_health" name="test_hhi_single_stock" time="0.001" /><testcase classname="tests.test_portfolio_health" name="test_hhi_equal_weights" time="0.000" /><testcase classname="tests.test_portfolio_health" name="test_concentration_reaches_100_with_ideal_N" time="0.000" /><testcase classname="tests.test_portfolio_health" name="test_concentration_heavy_top_heavy" time="0.000" /><testcase classname="tests.test_portfolio_health" name="test_concentration_empty_returns_zero" time="0.000" /><testcase classname="tests.test_portfolio_health" name="test_allocation_perfect_match_scores_100" time="0.000" /><testcase classname="tests.test_portfolio_health" name="test_allocation_20pp_drift_scores_60" time="0.000" /><testcase classname="tests.test_portfolio_health" name="test_overlap_zero_scores_100" time="0.000" /><testcase classname="tests.test_portfolio_health" name="test_overlap_full_scores_zero" time="0.000" /><testcase classname="tests.test_portfolio_health" name="test_overlap_handles_none" time="0.000" /><testcase classname="tests.test_portfolio_health" name="test_compute_diversification_happy_path" time="0.000" /><testcase classname="tests.test_portfolio_health" name="test_compute_diversification_drivers_fire" time="0.000" /><testcase classname="tests.test_portfolio_health" name="test_risk_equal_weights_mid_vol_score" time="0.000" /><testcase classname="tests.test_portfolio_health" name="test_risk_single_low_vol_high_score" time="0.000" /><testcase classname="tests.test_portfolio_health" name="test_risk_no_holdings" time="0.000" /><testcase classname="tests.test_portfolio_health" name="test_risk_heuristic_fallback_flags_low_confidence" time="0.000" /><testcase classname="tests.test_portfolio_health" name="test_cost_cheap_direct_plan" time="0.000" /><testcase classname="tests.test_portfolio_health" name="test_cost_expensive_regular_plan_triggers_drivers" time="0.000" /><testcase classname="tests.test_portfolio_health" name="test_performance_strong_returns" time="0.000" /><testcase classname="tests.test_portfolio_health" name="test_performance_underperforms_benchmark" time="0.000" /><testcase classname="tests.test_portfolio_health" name="test_performance_partial_inputs_flag_low_confidence" time="0.000" /><testcase classname="tests.test_portfolio_health" name="test_compute_portfolio_health_weights_are_30_25_20_25" time="0.000" /><testcase classname="tests.test_portfolio_health" name="test_compute_portfolio_health_worst_case" time="0.000" /><testcase classname="tests.test_portfolio_health" name="test_compute_portfolio_health_mid_case" time="0.000" /><testcase classname="tests.test_portfolio_health" name="test_compute_portfolio_health_aggregates_drivers" time="0.000" /><testcase classname="tests.test_portfolio_health" name="test_compute_portfolio_health_low_confidence_propagates" time="0.000" /><testcase classname="tests.test_portfolio_health" name="test_normalise_risk_profile[Moderate-moderate]" time="0.000" /><testcase classname="tests.test_portfolio_health" name="test_normalise_risk_profile[MEDIUM-moderate]" time="0.000" /><testcase classname="tests.test_portfolio_health" name="test_normalise_risk_profile[balanced-moderate]" time="0.000" /><testcase classname="tests.test_portfolio_health" name="test_normalise_risk_profile[aggressive-aggressive]" time="0.000" /><testcase classname="tests.test_portfolio_health" name="test_normalise_risk_profile[growth-aggressive]" time="0.000" /><testcase classname="tests.test_portfolio_health" name="test_normalise_risk_profile[conservative-conservative]" time="0.000" /><testcase classname="tests.test_portfolio_health" name="test_normalise_risk_profile[low-conservative]" time="0.000" /><testcase classname="tests.test_portfolio_health" name="test_normalise_risk_profile[None-moderate]" time="0.000" /><testcase classname="tests.test_portfolio_health" name="test_normalise_risk_profile[-moderate]" time="0.000" /><testcase classname="tests.test_portfolio_health" name="test_normalise_risk_profile[unknown-thing-moderate]" time="0.000" /><testcase classname="tests.test_portfolio_health" name="test_ideal_allocation_long_horizon_aggressive" time="0.000" /><testcase classname="tests.test_portfolio_health" name="test_ideal_allocation_short_horizon_caps_equity" time="0.000" /><testcase classname="tests.test_portfolio_health" name="test_classify_market_cap_large" time="0.000" /><testcase classname="tests.test_portfolio_health" name="test_classify_market_cap_mid" time="0.000" /><testcase classname="tests.test_portfolio_health" name="test_classify_market_cap_small" time="0.000" /><testcase classname="tests.test_portfolio_health" name="test_classify_market_cap_unknown" time="0.000" /><testcase classname="tests.test_portfolio_health" name="test_primitives_from_bucket_table" time="0.000" /><testcase classname="tests.test_portfolio_health" name="test_stock_weights_concentration_helper" time="0.000" /><testcase classname="tests.test_portfolio_health" name="test_stock_weights_skips_zero_value" time="0.000" /><testcase classname="tests.test_portfolio_health" name="test_health_result_to_dict_shape" time="0.000" /><testcase classname="tests.test_portfolio_health_api" name="test_primary_has_health_block" time="10.416" /><testcase classname="tests.test_portfolio_health_api" name="test_primary_health_score_in_range" time="0.000" /><testcase classname="tests.test_portfolio_health_api" name="test_primary_components_shape_and_weights" time="0.000" /><testcase classname="tests.test_portfolio_health_api" name="test_primary_diversification_low_and_performance_high" time="0.000" /><testcase classname="tests.test_portfolio_health_api" name="test_risk_drivers_sorted_and_capped" time="0.000" /><testcase classname="tests.test_portfolio_health_api" name="test_primary_no_regression_legacy_fields" time="0.000" /><testcase classname="tests.test_portfolio_health_api" name="test_refresh_stocks_still_200" time="11.428" /><testcase classname="tests.test_portfolio_health_api" name="test_secondary_user_zero_holdings_seeded" time="0.182" /><testcase classname="tests.test_portfolio_health_api" name="test_equity_only_user_returns_health" time="0.131" /><testcase classname="tests.test_v3_portfolio_has_api.TestPortfolioHasAggregates" name="test_portfolio_object_present" time="10.337" /><testcase classname="tests.test_v3_portfolio_has_api.TestPortfolioHasAggregates" name="test_avg_has_score_is_number" time="0.000" /><testcase classname="tests.test_v3_portfolio_has_api.TestPortfolioHasAggregates" name="test_has_action_counts_keys" time="0.000" /><testcase classname="tests.test_v3_portfolio_has_api.TestPortfolioHasAggregates" name="test_target_weight_pct_per_fund" time="0.000" /><testcase classname="tests.test_v3_portfolio_has_api.TestPerFundHas" name="test_funds_list_exists" time="0.000" /><testcase classname="tests.test_v3_portfolio_has_api.TestPerFundHas" name="test_at_least_one_fund_has_has_payload" time="0.000" /><testcase classname="tests.test_v3_portfolio_has_api.TestPerFundHas" name="test_has_object_required_keys" time="0.000" /><testcase classname="tests.test_v3_portfolio_has_api.TestPerFundHas" name="test_actions_in_allowed_set" time="0.000" /><testcase classname="tests.test_v3_portfolio_has_api.TestPerFundHas" name="test_funds_sorted_by_has_action_priority" time="0.000" /><testcase classname="tests.test_v3_portfolio_has_api.TestPerFundHas" name="test_high_quality_protection_no_exit" time="0.000" /><testcase classname="tests.test_v3_portfolio_has_api.TestPerFundHas" name="test_action_counts_match_funds" time="0.000" /><testcase classname="tests.test_v3_portfolio_has_api.TestPerFundHas" name="test_category_field_valid" time="0.000" /><testcase classname="tests.test_holding_action_score" name="test_ois_clamps_and_rounds" time="0.000" /><testcase classname="tests.test_holding_action_score" name="test_ads_none_when_inputs_missing" time="0.000" /><testcase classname="tests.test_holding_action_score" name="test_ads_overweight" time="0.000" /><testcase classname="tests.test_holding_action_score" name="test_ads_underweight" time="0.000" /><testcase classname="tests.test_holding_action_score" name="test_ads_on_target" time="0.000" /><testcase classname="tests.test_holding_action_score" name="test_ads_clamps_at_zero" time="0.000" /><testcase classname="tests.test_holding_action_score" name="test_tfs_none_when_inputs_missing" time="0.000" /><testcase classname="tests.test_holding_action_score" name="test_tfs_zero_when_no_tax" time="0.000" /><testcase classname="tests.test_holding_action_score" name="test_tfs_high_gain_stcg_heavy_penalty" time="0.000" /><testcase classname="tests.test_holding_action_score" name="test_tfs_low_gain_ltcg_light_penalty" time="0.000" /><testcase classname="tests.test_holding_action_score" name="test_tfs_caps_at_100" time="0.000" /><testcase classname="tests.test_holding_action_score" name="test_tfs_zero_holding_value_returns_none" time="0.000" /><testcase classname="tests.test_holding_action_score" name="test_has_equity_full_inputs" time="0.000" /><testcase classname="tests.test_holding_action_score" name="test_has_partial_inputs_renormalise" time="0.000" /><testcase classname="tests.test_holding_action_score" name="test_has_all_missing_returns_none" time="0.000" /><testcase classname="tests.test_holding_action_score" name="test_has_debt_routes_to_debt_profile" time="0.000" /><testcase classname="tests.test_holding_action_score" name="test_has_liquid_ignores_overlap_exit" time="0.000" /><testcase classname="tests.test_holding_action_score" name="test_has_unknown_category_falls_back_to_equity" time="0.000" /><testcase classname="tests.test_holding_action_score" name="test_guardrail_high_quality_blocks_exit" time="0.000" /><testcase classname="tests.test_holding_action_score" name="test_guardrail_tax_cost_exceeds_benefit" time="0.000" /><testcase classname="tests.test_holding_action_score" name="test_guardrail_recent_investment_blocks" time="0.000" /><testcase classname="tests.test_holding_action_score" name="test_guardrail_overlap_override_allows_exit" time="0.000" /><testcase classname="tests.test_holding_action_score" name="test_guardrail_low_confidence" time="0.000" /><testcase classname="tests.test_holding_action_score" name="test_guardrail_no_blocks_when_healthy" time="0.000" /><testcase classname="tests.test_holding_action_score" name="test_map_has_action_basic[90-HOLD]" time="0.000" /><testcase classname="tests.test_holding_action_score" name="test_map_has_action_basic[60.5-HOLD]" time="0.000" /><testcase classname="tests.test_holding_action_score" name="test_map_has_action_basic[50-TRIM]" time="0.000" /><testcase classname="tests.test_holding_action_score" name="test_map_has_action_basic[40-SWITCH]" time="0.000" /><testcase classname="tests.test_holding_action_score" name="test_map_has_action_basic[20-EXIT]" time="0.000" /><testcase classname="tests.test_holding_action_score" name="test_map_has_action_basic[None-UNKNOWN]" time="0.000" /><testcase classname="tests.test_holding_action_score" name="test_map_has_to_add_when_add_score_high" time="0.000" /><testcase classname="tests.test_holding_action_score" name="test_map_exit_downgrades_when_blocked" time="0.001" /><testcase classname="tests.test_holding_action_score" name="test_map_respects_overlap_override" time="0.000" /><testcase classname="tests.test_holding_action_score" name="test_map_low_confidence_downgrades_exit_and_switch" time="0.000" /><testcase classname="tests.test_holding_action_score" name="test_reason_cites_weakest_driver_for_exit" time="0.000" /><testcase classname="tests.test_holding_action_score" name="test_reason_cites_strongest_driver_for_hold" time="0.000" /><testcase classname="tests.test_holding_action_score" name="test_reason_mentions_overweight_stance" time="0.000" /><testcase classname="tests.test_holding_action_score" name="test_reason_mentions_blocked_guardrail_on_review" time="0.000" /><testcase classname="tests.test_holding_action_score" name="test_build_holding_action_happy_path" time="0.000" /><testcase classname="tests.test_holding_action_score" name="test_build_holding_action_high_quality_protected_from_exit" time="0.000" /><testcase classname="tests.test_holding_action_score" name="test_build_holding_action_accepts_none_partial_inputs" time="0.000" /><testcase classname="tests.test_v3_fund_breakdown_api" name="test_portfolio_has_recommendation_counts" time="10.344" /><testcase classname="tests.test_v3_fund_breakdown_api" name="test_portfolio_no_longer_exposes_danger_counts" time="0.000" /><testcase classname="tests.test_v3_fund_breakdown_api" name="test_portfolio_returns_funds" time="0.000" /><testcase classname="tests.test_v3_fund_breakdown_api" name="test_each_fund_has_scores_block" time="0.000" /><testcase classname="tests.test_v3_fund_breakdown_api" name="test_each_fund_has_plan_type" time="0.000" /><testcase classname="tests.test_v3_fund_breakdown_api" name="test_each_fund_has_cost_leak_field" time="0.000" /><testcase classname="tests.test_v3_fund_breakdown_api" name="test_each_fund_has_recommendation" time="0.000" /><testcase classname="tests.test_v3_fund_breakdown_api" name="test_no_fund_has_danger_block" time="0.000" /><testcase classname="tests.test_v3_fund_breakdown_api" name="test_each_fund_has_deterministic_explanation" time="0.000" /><testcase classname="tests.test_v3_fund_breakdown_api" name="test_switch_null_for_direct_numeric_for_regular_with_cost_leak" time="0.000" /><testcase classname="tests.test_v3_fund_breakdown_api" name="test_funds_sorted_by_recommendation_priority" time="0.000"><failure message="AssertionError: sort broken: fund 'Franklin India Small, Cap Fund - Growth, (erstwhile Franklin, India Smaller, Companies Fund -, Growth)' with action REVIEW (rank 2) appears after rank 3&#10;assert 2 &gt;= 3">tests/test_v3_fund_breakdown_api.py:128: in test_funds_sorted_by_recommendation_priority
    assert rank &gt;= prev_rank, (
E   AssertionError: sort broken: fund 'Franklin India Small, Cap Fund - Growth, (erstwhile Franklin, India Smaller, Companies Fund -, Growth)' with action REVIEW (rank 2) appears after rank 3
E   assert 2 &gt;= 3</failure></testcase><testcase classname="tests.test_v3_fund_breakdown_api" name="test_recommendation_counts_consistent_with_funds" time="0.000" /><testcase classname="tests.test_v3_fund_breakdown_api" name="test_switch_action_only_on_regular_plans" time="0.000" /><testcase classname="tests.test_v3_fund_breakdown_api" name="test_explanation_is_deterministic_no_llm_markers" time="0.000" /><testcase classname="tests.test_v3_fund_breakdown_api" name="test_expected_priyanka_has_actionable_recs" time="0.000" /><testcase classname="tests.test_portfolio_intelligence.TestPortfolioIntelligence" name="test_auth_required" time="0.134" /><testcase classname="tests.test_portfolio_intelligence.TestPortfolioIntelligence" name="test_narrative_no_ai" time="7.432" /><testcase classname="tests.test_portfolio_intelligence.TestPortfolioIntelligence" name="test_compression_shape_and_bounds" time="7.359" /><testcase classname="tests.test_portfolio_intelligence.TestPortfolioIntelligence" name="test_dedupe_26_to_22" time="7.366"><failure message="AssertionError: dedupe failed: got 39 rows&#10;assert 39 &lt;= 23&#10; +  where 39 = len([{'amount_rs': 8664.1385, 'category': None, 'instrument_id': None, 'resolved': False, ...}, {'amount_rs': 15.5844, 'au...3.5, ...}, {'amount_rs': 287721.1695956, 'aum_cr': 61808.85, 'category': 'Small Cap', 'expense_ratio': 1.59, ...}, ...])">tests/test_portfolio_intelligence.py:96: in test_dedupe_26_to_22
    assert len(invs) &lt;= 23, f"dedupe failed: got {len(invs)} rows"
E   AssertionError: dedupe failed: got 39 rows
E   assert 39 &lt;= 23
E    +  where 39 = len([{'amount_rs': 8664.1385, 'category': None, 'instrument_id': None, 'resolved': False, ...}, {'amount_rs': 15.5844, 'au...3.5, ...}, {'amount_rs': 287721.1695956, 'aum_cr': 61808.85, 'category': 'Small Cap', 'expense_ratio': 1.59, ...}, ...])</failure></testcase><testcase classname="tests.test_portfolio_intelligence.TestPortfolioIntelligence" name="test_no_self_overlap_pairs" time="7.348" /><testcase classname="tests.test_portfolio_intelligence.TestPortfolioIntelligence" name="test_pairwise_overlap_sorted_desc" time="7.399" /><testcase classname="tests.test_portfolio_intelligence.TestPortfolioIntelligence" name="test_top_stocks_shape" time="7.369" /><testcase classname="tests.test_portfolio_intelligence.TestPortfolioIntelligence" name="test_category_inefficiency_has_two_plus_funds" time="7.333" /><testcase classname="tests.test_portfolio_intelligence.TestPortfolioIntelligence" name="test_sector_exposure_sums_near_100" time="7.416"><failure message="AssertionError: sector sum 84.1 not ~100&#10;assert 85 &lt;= 84.1">tests/test_portfolio_intelligence.py:137: in test_sector_exposure_sums_near_100
    assert 85 &lt;= tot &lt;= 105, f"sector sum {tot} not ~100"
E   AssertionError: sector sum 84.1 not ~100
E   assert 85 &lt;= 84.1</failure></testcase><testcase classname="tests.test_portfolio_intelligence.TestPortfolioIntelligence" name="test_redundancy_suggestions_sorted_by_score" time="7.355" /><testcase classname="tests.test_portfolio_intelligence.TestAIInsights" name="test_insights_3_to_6_items" time="8.121" /><testcase classname="tests.test_portfolio_intelligence.TestAIInsights" name="test_at_least_one_headline_cites_rs_or_pct" time="7.350" /><testcase classname="tests.test_portfolio_intelligence.TestAIInsights" name="test_fallback_insights_still_cite_rs" time="0.002" /><testcase classname="tests.test_portfolio_intelligence.TestSimulate" name="test_empty_body_returns_unchanged" time="7.369" /><testcase classname="tests.test_portfolio_intelligence.TestSimulate" name="test_remove_two_funds_recomputes" time="14.672" /><testcase classname="tests.test_portfolio_intelligence.TestSimulate" name="test_body_validation_bad_type" time="0.054" /><testcase classname="tests.test_portfolio_intelligence.TestSimulate" name="test_simulate_auth_required" time="0.207" /><testcase classname="tests.test_portfolio_intelligence.TestAdminPortfolio" name="test_admin_can_view_user_intelligence" time="7.503" /><testcase classname="tests.test_portfolio_intelligence.TestAdminPortfolio" name="test_non_admin_cannot_view_other_user" time="0.000"><skipped type="pytest.skip" message="Both seeded users are admins; see admin_route_auth_required">/app/backend/tests/test_portfolio_intelligence.py:289: Both seeded users are admins; see admin_route_auth_required</skipped></testcase><testcase classname="tests.test_portfolio_intelligence.TestAdminPortfolio" name="test_admin_route_auth_required" time="0.135" /><testcase classname="tests.test_portfolio_intelligence.TestRateFund" name="test_rate_fund_first_call" time="1.493"><failure message="AssertionError: Internal Server Error&#10;assert 500 == 200&#10; +  where 500 = &lt;Response [500]&gt;.status_code">tests/test_portfolio_intelligence.py:312: in test_rate_fund_first_call
    assert r.status_code == 200, r.text
E   AssertionError: Internal Server Error
E   assert 500 == 200
E    +  where 500 = &lt;Response [500]&gt;.status_code</failure></testcase><testcase classname="tests.test_portfolio_intelligence.TestRateFund" name="test_rate_fund_second_call_cached" time="0.356"><failure message="requests.exceptions.JSONDecodeError: Expecting value: line 1 column 1 (char 0)">/root/.venv/lib/python3.11/site-packages/requests/models.py:978: in json
    return complexjson.loads(self.text, **kwargs)
           ^^^^^^^^^^^^^^^^^^^^^^^^^^^^^^^^^^^^^^
/usr/local/lib/python3.11/json/__init__.py:346: in loads
    return _default_decoder.decode(s)
           ^^^^^^^^^^^^^^^^^^^^^^^^^^
/usr/local/lib/python3.11/json/decoder.py:337: in decode
    obj, end = self.raw_decode(s, idx=_w(s, 0).end())
               ^^^^^^^^^^^^^^^^^^^^^^^^^^^^^^^^^^^^^^
/usr/local/lib/python3.11/json/decoder.py:355: in raw_decode
    raise JSONDecodeError("Expecting value", s, err.value) from None
E   json.decoder.JSONDecodeError: Expecting value: line 1 column 1 (char 0)

During handling of the above exception, another exception occurred:
tests/test_portfolio_intelligence.py:325: in test_rate_fund_second_call_cached
    ).json()
      ^^^^^^
/root/.venv/lib/python3.11/site-packages/requests/models.py:982: in json
    raise RequestsJSONDecodeError(e.msg, e.doc, e.pos)
E   requests.exceptions.JSONDecodeError: Expecting value: line 1 column 1 (char 0)</failure></testcase><testcase classname="tests.test_portfolio_intelligence.TestRateFund" name="test_rate_fund_404_on_bad_id" time="0.113" /><testcase classname="tests.test_portfolio_intelligence.TestRateFund" name="test_rate_fund_requires_admin" time="0.000"><skipped type="pytest.skip" message="Both seeded users are admins">/app/backend/tests/test_portfolio_intelligence.py:347: Both seeded users are admins</skipped></testcase><testcase classname="tests.test_portfolio_intelligence.TestRegression" name="test_mf_holdings" time="0.169" /><testcase classname="tests.test_portfolio_intelligence.TestRegression" name="test_admin_mf_funds" time="0.122" /><testcase classname="tests.test_portfolio_intelligence.TestRegression" name="test_admin_mf_db_status" time="0.148" /><testcase classname="tests.test_portfolio_intelligence.TestRegression" name="test_user_profile" time="0.061" /><testcase classname="tests.test_portfolio_intelligence.TestRegression" name="test_scenarios_suggest" time="7.188" /></testsuite></testsuites>