<?xml version="1.0" encoding="utf-8"?><testsuites name="pytest tests"><testsuite name="pytest" errors="0" failures="0" skipped="0" tests="24" time="0.166" timestamp="2026-04-22T15:11:44.893795+00:00" hostname="agent-env-e54b594b-a3ed-4608-8852-61e07233b647"><testcase classname="tests.test_goal_engine" name="test_inflate_target_matches_formula" time="0.000" /><testcase classname="tests.test_goal_engine" name="test_required_sip_zero_pv_matches_formula" time="0.000" /><testcase classname="tests.test_goal_engine" name="test_required_sip_with_pv_reduces_sip" time="0.000" /><testcase classname="tests.test_goal_engine" name="test_required_sip_pv_exceeds_target_returns_zero" time="0.000" /><testcase classname="tests.test_goal_engine" name="test_required_lumpsum_inverse_of_fv" time="0.000" /><testcase classname="tests.test_goal_engine" name="test_project_corpus_matches_sip_math" time="0.000" /><testcase classname="tests.test_goal_engine" name="test_project_corpus_with_starting" time="0.000" /><testcase classname="tests.test_goal_engine" name="test_allocation_for_moderate_profile" time="0.000" /><testcase classname="tests.test_goal_engine" name="test_allocation_for_aggressive_profile" time="0.000" /><testcase classname="tests.test_goal_engine" name="test_allocation_caps_equity_for_short_horizon" time="0.000" /><testcase classname="tests.test_goal_engine" name="test_allocation_unknown_profile_falls_back_to_moderate" time="0.000" /><testcase classname="tests.test_goal_engine" name="test_blend_return_vol_matches_weighted_avg" time="0.000" /><testcase classname="tests.test_goal_engine" name="test_blend_100_debt_gives_debt_stats" time="0.000" /><testcase classname="tests.test_goal_engine" name="test_scenario_matrix_orders_corpus" time="0.000" /><testcase classname="tests.test_goal_engine" name="test_scenario_matrix_never_goes_negative" time="0.000" /><testcase classname="tests.test_goal_engine" name="test_mc_deterministic_with_seed" time="0.028" /><testcase classname="tests.test_goal_engine" name="test_mc_probability_in_range" time="0.002" /><testcase classname="tests.test_goal_engine" name="test_mc_huge_sip_high_success" time="0.002" /><testcase classname="tests.test_goal_engine" name="test_mc_underfunded_low_success" time="0.001" /><testcase classname="tests.test_goal_engine" name="test_actions_recommend_sip_increase_on_shortfall" time="0.000" /><testcase classname="tests.test_goal_engine" name="test_actions_recommend_risk_reduction_for_short_horizon" time="0.000" /><testcase classname="tests.test_goal_engine" name="test_actions_on_track_signal_when_healthy" time="0.000" /><testcase classname="tests.test_goal_engine" name="test_evaluate_goal_full_plan" time="0.003" /><testcase classname="tests.test_goal_engine" name="test_evaluate_goal_allocation_override_respected" time="0.005" /></testsuite></testsuites>