<?xml version="1.0" encoding="utf-8"?><testsuites name="pytest tests"><testsuite name="pytest" errors="0" failures="0" skipped="0" tests="3" time="39.276" timestamp="2026-04-23T10:22:04.949124+00:00" hostname="agent-env-e54b594b-a3ed-4608-8852-61e07233b647"><testcase classname="backend.tests.test_iteration42_cache_scraper" name="test_cache_hit_false_then_true_after_invalidate" time="20.245" /><testcase classname="backend.tests.test_iteration42_cache_scraper" name="test_refresh_new_response_shape" time="0.715" /><testcase classname="backend.tests.test_iteration42_cache_scraper" name="test_coverage_and_midcap_symbols_scored" time="18.240" /></testsuite></testsuites>