<?xml version="1.0" encoding="utf-8"?><testsuites name="pytest tests"><testsuite name="pytest" errors="0" failures="0" skipped="0" tests="6" time="8.364" timestamp="2026-04-23T09:33:00.299090+00:00" hostname="agent-env-e54b594b-a3ed-4608-8852-61e07233b647"><testcase classname="backend.tests.test_iteration40_xirr_coverage_cagr" name="test_totals_xirr_realistic" time="8.292" /><testcase classname="backend.tests.test_iteration40_xirr_coverage_cagr" name="test_coverage_at_least_55" time="0.000" /><testcase classname="backend.tests.test_iteration40_xirr_coverage_cagr" name="test_per_holding_xirr_clamped" time="0.000" /><testcase classname="backend.tests.test_iteration40_xirr_coverage_cagr" name="test_new_xirr_source_and_cagr_fields" time="0.000" /><testcase classname="backend.tests.test_iteration40_xirr_coverage_cagr" name="test_mf_cagr_3y_fallback_used" time="0.000" /><testcase classname="backend.tests.test_iteration40_xirr_coverage_cagr" name="test_xirr_source_distribution" time="0.000" /></testsuite></testsuites>