<?xml version="1.0" encoding="utf-8"?><testsuites name="pytest tests"><testsuite name="pytest" errors="0" failures="0" skipped="0" tests="15" time="9.459" timestamp="2026-05-10T05:16:03.391919+00:00" hostname="agent-env-c105caf6-9d1d-4040-8d22-55a2eef01623"><testcase classname="backend.tests.test_nidp_admin_iter56.TestJobs" name="test_jobs_returns_32_with_required_fields" time="1.374" /><testcase classname="backend.tests.test_nidp_admin_iter56.TestJobs" name="test_jobs_grafana_embed_url" time="1.127" /><testcase classname="backend.tests.test_nidp_admin_iter56.TestJobs" name="test_jobs_drift_arrays_empty" time="1.116" /><testcase classname="backend.tests.test_nidp_admin_iter56.TestExecute" name="test_execute_passes_target_date" time="0.598" /><testcase classname="backend.tests.test_nidp_admin_iter56.TestGrafanaProxy" name="test_grafana_health" time="0.599" /><testcase classname="backend.tests.test_nidp_admin_iter56.TestGrafanaProxy" name="test_grafana_dashboard" time="0.612" /><testcase classname="backend.tests.test_nidp_admin_iter56.TestArchiveListing" name="test_bhavcopy_listing" time="0.594" /><testcase classname="backend.tests.test_nidp_admin_iter56.TestArchiveListing" name="test_delivery_listing" time="0.587" /><testcase classname="backend.tests.test_nidp_admin_iter56.TestArchiveListing" name="test_amfi_nav_listing" time="0.583" /><testcase classname="backend.tests.test_nidp_admin_iter56.TestArchiveDownload" name="test_bhavcopy_download_real_zip" time="1.609" /><testcase classname="backend.tests.test_nidp_admin_iter56.TestArchiveDownload" name="test_path_traversal_blocked" time="0.060" /><testcase classname="backend.tests.test_nidp_admin_iter56.TestAuth" name="test_jobs_unauth" time="0.149" /><testcase classname="backend.tests.test_nidp_admin_iter56.TestAuth" name="test_grafana_unauth" time="0.118" /><testcase classname="backend.tests.test_nidp_admin_iter56.TestAuth" name="test_archive_list_unauth" time="0.109" /><testcase classname="backend.tests.test_nidp_admin_iter56.TestAuth" name="test_archive_download_unauth" time="0.117" /></testsuite></testsuites>