<?xml version="1.0" encoding="utf-8"?><testsuites name="pytest tests"><testsuite name="pytest" errors="0" failures="0" skipped="0" tests="15" time="4.513" timestamp="2026-04-22T15:12:43.556853+00:00" hostname="agent-env-e54b594b-a3ed-4608-8852-61e07233b647"><testcase classname="tests.test_goals_api.TestAuth" name="test_snapshot_unauth" time="0.234" /><testcase classname="tests.test_goals_api.TestAuth" name="test_list_goals_unauth" time="0.157" /><testcase classname="tests.test_goals_api.TestAuth" name="test_fund_shortlist_unauth" time="0.165" /><testcase classname="tests.test_goals_api.TestAuth" name="test_post_goal_unauth" time="0.118" /><testcase classname="tests.test_goals_api.TestSnapshot" name="test_get_snapshot" time="0.208" /><testcase classname="tests.test_goals_api.TestSnapshot" name="test_put_snapshot_idempotent" time="0.489" /><testcase classname="tests.test_goals_api.TestFundShortlist" name="test_shortlist_returns_quality_funds[equity]" time="0.179" /><testcase classname="tests.test_goals_api.TestFundShortlist" name="test_shortlist_returns_quality_funds[debt]" time="0.139" /><testcase classname="tests.test_goals_api.TestFundShortlist" name="test_shortlist_returns_quality_funds[hybrid]" time="0.142" /><testcase classname="tests.test_goals_api.TestGoalLifecycle" name="test_create_goal_returns_full_simulation" time="0.603" /><testcase classname="tests.test_goals_api.TestGoalLifecycle" name="test_list_goals_contains_created" time="0.140" /><testcase classname="tests.test_goals_api.TestGoalLifecycle" name="test_simulate_persists" time="0.375" /><testcase classname="tests.test_goals_api.TestGoalLifecycle" name="test_what_if_does_not_persist" time="0.405" /><testcase classname="tests.test_goals_api.TestGoalLifecycle" name="test_patch_persists" time="0.317" /><testcase classname="tests.test_goals_api.TestGoalLifecycle" name="test_delete_soft_abandons" time="0.769" /></testsuite></testsuites>