<?xml version="1.0" encoding="utf-8"?><testsuites name="pytest tests"><testsuite name="pytest" errors="0" failures="0" skipped="0" tests="10" time="34.884" timestamp="2026-04-23T09:49:55.025547+00:00" hostname="agent-env-e54b594b-a3ed-4608-8852-61e07233b647"><testcase classname="tests.test_iteration41_ux_enhancements.TestPortfolioImpact" name="test_portfolio_impact_has_all_keys" time="34.802" /><testcase classname="tests.test_iteration41_ux_enhancements.TestPortfolioImpact" name="test_by_action_breakdown" time="0.000" /><testcase classname="tests.test_iteration41_ux_enhancements.TestPortfolioImpact" name="test_priyanka_expected_values" time="0.000" /><testcase classname="tests.test_iteration41_ux_enhancements.TestHoldSubAction" name="test_hold_rows_have_sub_action" time="0.000" /><testcase classname="tests.test_iteration41_ux_enhancements.TestHoldSubAction" name="test_sub_action_distribution" time="0.000" /><testcase classname="tests.test_iteration41_ux_enhancements.TestRebalanceUnit" name="test_rebalance_when_weight_ge_10pct" time="0.001" /><testcase classname="tests.test_iteration41_ux_enhancements.TestRebalanceUnit" name="test_keep_branch" time="0.000" /><testcase classname="tests.test_iteration41_ux_enhancements.TestRebalanceUnit" name="test_watch_branch" time="0.000" /><testcase classname="tests.test_iteration41_ux_enhancements.TestRebalanceUnit" name="test_review_branch" time="0.000" /><testcase classname="tests.test_iteration41_ux_enhancements.TestAlertsForCTA" name="test_alert_components" time="0.000" /></testsuite></testsuites>