<?xml version="1.0" encoding="utf-8"?><testsuites name="pytest tests"><testsuite name="pytest" errors="0" failures="0" skipped="0" tests="9" time="24.418" timestamp="2026-04-23T04:44:01.876564+00:00" hostname="agent-env-e54b594b-a3ed-4608-8852-61e07233b647"><testcase classname="tests.test_portfolio_health_api" name="test_primary_has_health_block" time="10.901" /><testcase classname="tests.test_portfolio_health_api" name="test_primary_health_score_in_range" time="0.000" /><testcase classname="tests.test_portfolio_health_api" name="test_primary_components_shape_and_weights" time="0.000" /><testcase classname="tests.test_portfolio_health_api" name="test_primary_diversification_low_and_performance_high" time="0.000" /><testcase classname="tests.test_portfolio_health_api" name="test_risk_drivers_sorted_and_capped" time="0.000" /><testcase classname="tests.test_portfolio_health_api" name="test_primary_no_regression_legacy_fields" time="0.000" /><testcase classname="tests.test_portfolio_health_api" name="test_refresh_stocks_still_200" time="12.237" /><testcase classname="tests.test_portfolio_health_api" name="test_secondary_user_zero_holdings_seeded" time="0.678" /><testcase classname="tests.test_portfolio_health_api" name="test_equity_only_user_returns_health" time="0.506" /></testsuite></testsuites>