<?xml version="1.0" encoding="utf-8"?><testsuites name="pytest tests"><testsuite name="pytest" errors="0" failures="0" skipped="3" tests="89" time="34.115" timestamp="2026-04-18T16:03:26.479684+00:00" hostname="agent-env-1ea9a5c6-9c8c-436d-82e2-09a05bfff263"><testcase classname="tests.test_portfolio_intelligence.TestPortfolioIntelligence" name="test_auth_required" time="0.169" /><testcase classname="tests.test_portfolio_intelligence.TestPortfolioIntelligence" name="test_narrative_no_ai" time="0.322" /><testcase classname="tests.test_portfolio_intelligence.TestPortfolioIntelligence" name="test_compression_shape_and_bounds" time="0.179" /><testcase classname="tests.test_portfolio_intelligence.TestPortfolioIntelligence" name="test_dedupe_26_to_22" time="0.173" /><testcase classname="tests.test_portfolio_intelligence.TestPortfolioIntelligence" name="test_no_self_overlap_pairs" time="0.177" /><testcase classname="tests.test_portfolio_intelligence.TestPortfolioIntelligence" name="test_pairwise_overlap_sorted_desc" time="0.184" /><testcase classname="tests.test_portfolio_intelligence.TestPortfolioIntelligence" name="test_top_stocks_shape" time="0.213" /><testcase classname="tests.test_portfolio_intelligence.TestPortfolioIntelligence" name="test_category_inefficiency_has_two_plus_funds" time="0.177" /><testcase classname="tests.test_portfolio_intelligence.TestPortfolioIntelligence" name="test_sector_exposure_sums_near_100" time="0.176" /><testcase classname="tests.test_portfolio_intelligence.TestPortfolioIntelligence" name="test_redundancy_suggestions_sorted_by_score" time="0.180" /><testcase classname="tests.test_portfolio_intelligence.TestAIInsights" name="test_insights_3_to_6_items" time="0.366" /><testcase classname="tests.test_portfolio_intelligence.TestAIInsights" name="test_at_least_one_headline_cites_rs_or_pct" time="0.420" /><testcase classname="tests.test_portfolio_intelligence.TestAIInsights" name="test_fallback_insights_still_cite_rs" time="0.315" /><testcase classname="tests.test_portfolio_intelligence.TestSimulate" name="test_empty_body_returns_unchanged" time="0.177" /><testcase classname="tests.test_portfolio_intelligence.TestSimulate" name="test_remove_two_funds_recomputes" time="0.332" /><testcase classname="tests.test_portfolio_intelligence.TestSimulate" name="test_body_validation_bad_type" time="0.052" /><testcase classname="tests.test_portfolio_intelligence.TestSimulate" name="test_simulate_auth_required" time="0.118" /><testcase classname="tests.test_portfolio_intelligence.TestAdminPortfolio" name="test_admin_can_view_user_intelligence" time="0.337" /><testcase classname="tests.test_portfolio_intelligence.TestAdminPortfolio" name="test_non_admin_cannot_view_other_user" time="0.000"><skipped type="pytest.skip" message="Both seeded users are admins; see admin_route_auth_required">/app/backend/tests/test_portfolio_intelligence.py:289: Both seeded users are admins; see admin_route_auth_required</skipped></testcase><testcase classname="tests.test_portfolio_intelligence.TestAdminPortfolio" name="test_admin_route_auth_required" time="0.123" /><testcase classname="tests.test_portfolio_intelligence.TestRateFund" name="test_rate_fund_first_call" time="0.276" /><testcase classname="tests.test_portfolio_intelligence.TestRateFund" name="test_rate_fund_second_call_cached" time="0.380"><skipped type="pytest.xfail" message="LLM integration broken — rate_fund returned null rating: &quot;LLM error: Error code: 401 - {'error': {'message': 'Incorrect API key provided: sk-emerg******************7A18. You can find your API key at https://platform.openai.com/account/api-keys.', 'type': 'invalid_request_error', 'code': 'invalid_api_key', 'param': None}, 'status': 401}&quot;. Route only caches non-null ratings, so 2nd call also not cached. See action_items." /></testcase><testcase classname="tests.test_portfolio_intelligence.TestRateFund" name="test_rate_fund_404_on_bad_id" time="0.053" /><testcase classname="tests.test_portfolio_intelligence.TestRateFund" name="test_rate_fund_requires_admin" time="0.000"><skipped type="pytest.skip" message="Both seeded users are admins">/app/backend/tests/test_portfolio_intelligence.py:347: Both seeded users are admins</skipped></testcase><testcase classname="tests.test_portfolio_intelligence.TestRegression" name="test_mf_holdings" time="0.062" /><testcase classname="tests.test_portfolio_intelligence.TestRegression" name="test_admin_mf_funds" time="0.054" /><testcase classname="tests.test_portfolio_intelligence.TestRegression" name="test_admin_mf_db_status" time="0.056" /><testcase classname="tests.test_portfolio_intelligence.TestRegression" name="test_user_profile" time="0.052" /><testcase classname="tests.test_portfolio_intelligence.TestRegression" name="test_scenarios_suggest" time="0.056" /><testcase classname="tests.test_groww_phase1" name="test_slug_basic" time="0.000" /><testcase classname="tests.test_groww_phase1" name="test_slug_strips_plan_and_parens" time="0.000" /><testcase classname="tests.test_groww_phase1" name="test_parse_sample" time="0.007" /><testcase classname="tests.test_groww_phase1" name="test_off_hours_weekend" time="0.000" /><testcase classname="tests.test_groww_phase1" name="test_off_hours_weekday_market_open" time="0.000" /><testcase classname="tests.test_groww_phase1" name="test_off_hours_weekday_after_close" time="0.000" /><testcase classname="tests.test_groww_phase1" name="test_resolve_instrument_no_pg" time="0.001" /><testcase classname="tests.test_groww_phase1" name="test_resolve_instrument_with_scheme_code_no_pg" time="0.000" /><testcase classname="tests.test_groww_phase1_api" name="test_db_status_rejects_unauthenticated" time="0.127" /><testcase classname="tests.test_groww_phase1_api" name="test_db_status_reports_not_configured" time="0.118" /><testcase classname="tests.test_groww_phase1_api" name="test_lookup_requires_auth" time="0.195" /><testcase classname="tests.test_groww_phase1_api" name="test_lookup_falls_back_to_name_key_when_pg_absent" time="0.154" /><testcase classname="tests.test_groww_phase1_api" name="test_lookup_requires_at_least_one_param" time="0.134" /><testcase classname="tests.test_groww_phase1_api" name="test_holdings_requires_auth" time="0.122" /><testcase classname="tests.test_groww_phase1_api" name="test_holdings_fresh_scrape_shape" time="2.732" /><testcase classname="tests.test_groww_phase1_api" name="test_holdings_second_call_is_cached" time="1.124" /><testcase classname="tests.test_groww_phase1_api" name="test_holdings_search_api_fallback_sbi_small_cap" time="1.887" /><testcase classname="tests.test_groww_phase1_api" name="test_scrape_queue_rejects_unauthenticated" time="0.135" /><testcase classname="tests.test_groww_phase1_api" name="test_scrape_queue_shape" time="0.116" /><testcase classname="tests.test_groww_phase1_api" name="test_scrape_now_rejects_unauthenticated" time="0.142" /><testcase classname="tests.test_groww_phase1_api" name="test_scrape_now_bypass_gate" time="2.529" /><testcase classname="tests.test_groww_phase1_api" name="test_admin_secrets_lists_postgres_and_redis" time="0.130" /><testcase classname="tests.test_groww_phase1_api" name="test_postgres_test_endpoint_reports_not_configured" time="0.133" /><testcase classname="tests.test_groww_phase1_api" name="test_redis_test_endpoint_reports_not_configured" time="0.114" /><testcase classname="tests.test_groww_phase1_api" name="test_user_profile_still_works" time="0.105" /><testcase classname="tests.test_groww_phase1_api" name="test_scenarios_suggest_auth_gated" time="0.217" /><testcase classname="tests.test_groww_phase2_phase3.TestScheduler" name="test_scheduler_running_with_three_jobs" time="0.117" /><testcase classname="tests.test_groww_phase2_phase3.TestScheduler" name="test_scheduler_stop_then_start_toggles" time="0.223" /><testcase classname="tests.test_groww_phase2_phase3.TestScheduler" name="test_scheduler_control_requires_admin" time="0.212" /><testcase classname="tests.test_groww_phase2_phase3.TestScrapeLifecycle" name="test_scrape_now_full_shape" time="3.469" /><testcase classname="tests.test_groww_phase2_phase3.TestScrapeLifecycle" name="test_pg_instrument_master_row_exists" time="0.044" /><testcase classname="tests.test_groww_phase2_phase3.TestScrapeLifecycle" name="test_pg_metadata_row_populated" time="0.039" /><testcase classname="tests.test_groww_phase2_phase3.TestScrapeLifecycle" name="test_pg_performance_ratios_row_populated" time="0.040" /><testcase classname="tests.test_groww_phase2_phase3.TestScrapeLifecycle" name="test_pg_holdings_rows_populated" time="0.082" /><testcase classname="tests.test_groww_phase2_phase3.TestScrapeLifecycle" name="test_pg_audit_log_has_ok_status" time="0.041" /><testcase classname="tests.test_groww_phase2_phase3.TestCacheEnrichment" name="test_second_holdings_call_is_cached_and_enriched" time="1.262" /><testcase classname="tests.test_groww_phase2_phase3.TestPgFallback" name="test_load_fund_from_pg_direct" time="0.120" /><testcase classname="tests.test_groww_phase2_phase3.TestDashboard" name="test_list_funds_returns_instrument_ids" time="0.117" /><testcase classname="tests.test_groww_phase2_phase3.TestDashboard" name="test_list_funds_requires_admin" time="0.111" /><testcase classname="tests.test_groww_phase2_phase3.TestDashboard" name="test_fund_detail_returns_full_payload" time="0.105" /><testcase classname="tests.test_groww_phase2_phase3.TestDashboard" name="test_fund_detail_404_for_missing_uuid" time="0.117" /><testcase classname="tests.test_groww_phase2_phase3.TestDashboard" name="test_audit_log_endpoint" time="0.111" /><testcase classname="tests.test_groww_phase2_phase3.TestDashboard" name="test_audit_log_requires_admin" time="0.112" /><testcase classname="tests.test_groww_phase2_phase3.TestQueueOps" name="test_seed_portfolio_queue" time="0.149" /><testcase classname="tests.test_groww_phase2_phase3.TestQueueOps" name="test_seed_portfolio_queue_requires_admin" time="0.109" /><testcase classname="tests.test_groww_phase2_phase3.TestQueueOps" name="test_drain_queue_force" time="9.714" /><testcase classname="tests.test_groww_phase2_phase3.TestQueueOps" name="test_drain_queue_requires_admin" time="0.149" /><testcase classname="tests.test_groww_phase2_phase3.TestAdminAuth" name="test_unauthenticated_rejected[/api/admin/mf/db-status-GET]" time="0.119" /><testcase classname="tests.test_groww_phase2_phase3.TestAdminAuth" name="test_unauthenticated_rejected[/api/admin/mf/funds-GET]" time="0.118" /><testcase classname="tests.test_groww_phase2_phase3.TestAdminAuth" name="test_unauthenticated_rejected[/api/admin/mf/audit-log-GET]" time="0.110" /><testcase classname="tests.test_groww_phase2_phase3.TestAdminAuth" name="test_unauthenticated_rejected[/api/admin/mf/scrape-queue-GET]" time="0.111" /><testcase classname="tests.test_groww_phase2_phase3.TestAdminAuth" name="test_unauthenticated_rejected[/api/admin/mf/scrape-now?scheme_name=X-POST]" time="0.115" /><testcase classname="tests.test_groww_phase2_phase3.TestAdminAuth" name="test_unauthenticated_rejected[/api/admin/mf/seed-portfolio-queue-POST]" time="0.109" /><testcase classname="tests.test_groww_phase2_phase3.TestAdminAuth" name="test_unauthenticated_rejected[/api/admin/mf/drain-queue-POST]" time="0.111" /><testcase classname="tests.test_groww_phase2_phase3.TestAdminAuth" name="test_unauthenticated_rejected[/api/admin/mf/scheduler/start-POST]" time="0.157" /><testcase classname="tests.test_groww_phase2_phase3.TestAdminAuth" name="test_unauthenticated_rejected[/api/admin/mf/scheduler/stop-POST]" time="0.115" /><testcase classname="tests.test_groww_phase2_phase3.TestRegression" name="test_user_profile" time="0.127" /><testcase classname="tests.test_groww_phase2_phase3.TestRegression" name="test_mf_holdings_user_auth" time="0.118" /><testcase classname="tests.test_groww_phase2_phase3.TestRegression" name="test_admin_secrets" time="0.104" /><testcase classname="tests.test_groww_phase2_phase3.TestRegression" name="test_admin_feature_flags" time="0.114" /></testsuite></testsuites>