<?xml version="1.0" encoding="utf-8"?><testsuites name="pytest tests"><testsuite name="pytest" errors="0" failures="1" skipped="0" tests="22" time="6.592" timestamp="2026-05-11T20:47:22.917508+00:00" hostname="agent-env-ab11feca-0ba0-4641-a9a6-b9b669bf58f3"><testcase classname="backend.tests.test_copilot_phase_ab_integration" name="test_agents_catalog" time="0.288" /><testcase classname="backend.tests.test_copilot_phase_ab_integration" name="test_models_picker_default_gpt4o" time="0.127" /><testcase classname="backend.tests.test_copilot_phase_ab_integration" name="test_legacy_models_endpoint_no_collision" time="0.112" /><testcase classname="backend.tests.test_copilot_phase_ab_integration" name="test_agent_route_classification[How much LTCG do I have this FY?-tax_agent]" time="0.134" /><testcase classname="backend.tests.test_copilot_phase_ab_integration" name="test_agent_route_classification[What happened in the markets today?-market_strategist]" time="0.108" /><testcase classname="backend.tests.test_copilot_phase_ab_integration" name="test_agent_route_classification[Tell me about Parag Parikh Flexi Cap-mf_research]" time="0.115" /><testcase classname="backend.tests.test_copilot_phase_ab_integration" name="test_agent_route_classification[Show me a rebalance plan-portfolio_analyzer]" time="0.147" /><testcase classname="backend.tests.test_copilot_phase_ab_integration" name="test_agent_route_classification[Am I taking too much risk?-compliance_agent]" time="0.126" /><testcase classname="backend.tests.test_copilot_phase_ab_integration" name="test_agent_route_classification[Generate my Q4 portfolio summary-report_generator]" time="0.154" /><testcase classname="backend.tests.test_copilot_phase_ab_integration" name="test_agent_oneshot_gpt4o" time="2.998" /><testcase classname="backend.tests.test_copilot_phase_ab_integration" name="test_widget_market_brief" time="0.696" /><testcase classname="backend.tests.test_copilot_phase_ab_integration" name="test_widget_fund_card" time="0.155" /><testcase classname="backend.tests.test_copilot_phase_ab_integration" name="test_widget_sip_plan" time="0.108" /><testcase classname="backend.tests.test_copilot_phase_ab_integration" name="test_widget_compare_funds_invalid_codes" time="0.112" /><testcase classname="backend.tests.test_copilot_phase_ab_integration" name="test_auth_required[/api/copilot/agents-GET-None]" time="0.129" /><testcase classname="backend.tests.test_copilot_phase_ab_integration" name="test_auth_required[/api/copilot/models/picker-GET-None]" time="0.204" /><testcase classname="backend.tests.test_copilot_phase_ab_integration" name="test_auth_required[/api/copilot/agents/route-POST-payload2]" time="0.145" /><testcase classname="backend.tests.test_copilot_phase_ab_integration" name="test_auth_required[/api/copilot/agents/oneshot-POST-payload3]" time="0.111" /><testcase classname="backend.tests.test_copilot_phase_ab_integration" name="test_auth_required[/api/copilot/widgets/market_brief-POST-payload4]" time="0.114" /><testcase classname="backend.tests.test_copilot_phase_ab_integration" name="test_auth_required[/api/copilot/widgets/fund_card-POST-payload5]" time="0.109"><failure message="AssertionError: POST /api/copilot/widgets/fund_card expected 401 got 422 body={&quot;detail&quot;:[{&quot;type&quot;:&quot;string_too_short&quot;,&quot;loc&quot;:[&quot;body&quot;,&quot;query&quot;],&quot;msg&quot;:&quot;String should have at least 2 characters&quot;,&quot;input&quot;:&quot;x&quot;,&quot;ctx&quot;:{&quot;min_length&quot;:2},&quot;url&quot;:&quot;https://errors.pydantic.dev/2.12/v/string_too_sh&#10;assert 422 == 401&#10; +  where 422 = &lt;Response [422]&gt;.status_code">backend/tests/test_copilot_phase_ab_integration.py:180: in test_auth_required
    assert r.status_code == 401, f"{method} {path} expected 401 got {r.status_code} body={r.text[:200]}"
E   AssertionError: POST /api/copilot/widgets/fund_card expected 401 got 422 body={"detail":[{"type":"string_too_short","loc":["body","query"],"msg":"String should have at least 2 characters","input":"x","ctx":{"min_length":2},"url":"https://errors.pydantic.dev/2.12/v/string_too_sh
E   assert 422 == 401
E    +  where 422 = &lt;Response [422]&gt;.status_code</failure></testcase><testcase classname="backend.tests.test_copilot_phase_ab_integration" name="test_auth_required[/api/copilot/widgets/sip_plan-POST-payload6]" time="0.139" /><testcase classname="backend.tests.test_copilot_phase_ab_integration" name="test_auth_required[/api/copilot/widgets/compare_funds-POST-payload7]" time="0.122" /></testsuite></testsuites>