<?xml version="1.0" encoding="utf-8"?><testsuites name="pytest tests"><testsuite name="pytest" errors="0" failures="0" skipped="0" tests="12" time="10.527" timestamp="2026-04-23T12:36:21.195474+00:00" hostname="agent-env-e54b594b-a3ed-4608-8852-61e07233b647"><testcase classname="backend.tests.test_iteration48_insights_v3_morningstar_rank.TestPortfolioAggregate" name="test_aggregate_keys_present" time="10.449" /><testcase classname="backend.tests.test_iteration48_insights_v3_morningstar_rank.TestPortfolioAggregate" name="test_morningstar_rated_count" time="0.000" /><testcase classname="backend.tests.test_iteration48_insights_v3_morningstar_rank.TestPortfolioAggregate" name="test_avg_morningstar" time="0.000" /><testcase classname="backend.tests.test_iteration48_insights_v3_morningstar_rank.TestPortfolioAggregate" name="test_ms_4plus" time="0.000" /><testcase classname="backend.tests.test_iteration48_insights_v3_morningstar_rank.TestPortfolioAggregate" name="test_category_ranked_count" time="0.000" /><testcase classname="backend.tests.test_iteration48_insights_v3_morningstar_rank.TestPortfolioAggregate" name="test_top_quartile_count" time="0.000" /><testcase classname="backend.tests.test_iteration48_insights_v3_morningstar_rank.TestFundRows" name="test_funds_carry_new_keys" time="0.000" /><testcase classname="backend.tests.test_iteration48_insights_v3_morningstar_rank.TestFundRows" name="test_rank_invariants" time="0.000" /><testcase classname="backend.tests.test_iteration48_insights_v3_morningstar_rank.TestFundRows" name="test_morningstar_in_range" time="0.000" /><testcase classname="backend.tests.test_iteration48_insights_v3_morningstar_rank.TestFundRows" name="test_spot_aditya_birla_large_cap" time="0.000" /><testcase classname="backend.tests.test_iteration48_insights_v3_morningstar_rank.TestFundRows" name="test_spot_icici_value" time="0.000" /><testcase classname="backend.tests.test_iteration48_insights_v3_morningstar_rank.TestFundRows" name="test_spot_hdfc_small_cap" time="0.000" /></testsuite></testsuites>