<?xml version="1.0" encoding="utf-8"?><testsuites name="pytest tests"><testsuite name="pytest" errors="0" failures="1" skipped="0" tests="7" time="83.131" timestamp="2026-04-22T14:27:14.945400+00:00" hostname="agent-env-e54b594b-a3ed-4608-8852-61e07233b647"><testcase classname="tests.test_post_deploy_migration.TestAuthGating" name="test_mirror_endpoint_requires_admin" time="0.188" /><testcase classname="tests.test_post_deploy_migration.TestAuthGating" name="test_post_deploy_endpoint_requires_admin" time="0.063" /><testcase classname="tests.test_post_deploy_migration.TestAuthGating" name="test_apply_pg_schema_requires_admin" time="0.058" /><testcase classname="tests.test_post_deploy_migration.TestApplyPgSchema" name="test_applies_all_six_migrations" time="1.262" /><testcase classname="tests.test_post_deploy_migration.TestMirrorPgToMongo" name="test_mirror_returns_ok_with_full_table_set" time="6.031" /><testcase classname="tests.test_post_deploy_migration.TestPostDeployMigrate" name="test_post_deploy_migrate_completes_under_60s_with_all_phases_green" time="38.374"><failure message="AssertionError: missing phase hydrate_secrets; have ['0_hydrate_secrets', '1_health_check', '2_apply_migrations', '3_restore_mirrors', '4_replay_scrape_cache', '5_analytics_sweep', '6_v3_rescore', '7_smoke_check']&#10;assert 'hydrate_secrets' in {'0_hydrate_secrets': {'ms': 4, 'name': '0_hydrate_secrets', 'result': {'pg_url_set': True, 'redis_url_set': True}, 'status': 'ok'}, '1_health_check': {'ms': 109, 'name': '1_health_check', 'result': {'mongo': 'ok', 'postgres': 'ok', 'redis': 'not_configured'}, 'status': 'ok'}, '2_apply_migrations': {'ms': 224, 'name': '2_apply_migrations', 'result': {'applied': [{'file': '001_phase2_mf_schema.sql', 'status': 'already_applied'}, {'file': '002_v3_engine_schema.sql', 'status': 'already_applied'}, {'file': '003_v3_phase0b_scrape_fields.sql', 'status': 'already_applied'}, {'file': '004_v3_phase1a_nav_analytics.sql', 'status': 'already_applied'}, {'file': '005_v3_phase2b_sweep_log.sql', 'status': 'already_applied'}, {'file': '006_benchmark_proxy_mapping.sql', 'status': 'already_applied'}], 'status': 'ok'}, 'status': 'ok'}, '3_restore_mirrors': {'ms': 18304, 'name': '3_restore_mirrors', 'result': {'status': 'ok', 'tables': [{'failed': 0, 'ms': 422, 'rows': 2429, 'table': 'instrument_master', ...}, {'failed': 0, 'ms': 122, 'rows': 34, 'table': 'benchmark_master', ...}, {'failed': 0, 'ms': 184, 'rows': 185, 'table': 'mutual_fund_metadata', ...}, {'failed': 0, 'ms': 131, 'rows': 219, 'table': 'mutual_fund_performance_ratios', ...}, {'failed': 0, 'ms': 1641, 'rows': 16554, 'table': 'mutual_fund_holdings', ...}, {'failed': 0, 'ms': 15589, 'rows': 246919, 'table': 'mutual_fund_nav_history', ...}, ...], 'total_ms': 18299}, 'status': 'ok'}, ...}">tests/test_post_deploy_migration.py:161: in test_post_deploy_migrate_completes_under_60s_with_all_phases_green
    assert phase_name in phase_map, f"missing phase {phase_name}; have {list(phase_map.keys())}"
E   AssertionError: missing phase hydrate_secrets; have ['0_hydrate_secrets', '1_health_check', '2_apply_migrations', '3_restore_mirrors', '4_replay_scrape_cache', '5_analytics_sweep', '6_v3_rescore', '7_smoke_check']
E   assert 'hydrate_secrets' in {'0_hydrate_secrets': {'ms': 4, 'name': '0_hydrate_secrets', 'result': {'pg_url_set': True, 'redis_url_set': True}, 'status': 'ok'}, '1_health_check': {'ms': 109, 'name': '1_health_check', 'result': {'mongo': 'ok', 'postgres': 'ok', 'redis': 'not_configured'}, 'status': 'ok'}, '2_apply_migrations': {'ms': 224, 'name': '2_apply_migrations', 'result': {'applied': [{'file': '001_phase2_mf_schema.sql', 'status': 'already_applied'}, {'file': '002_v3_engine_schema.sql', 'status': 'already_applied'}, {'file': '003_v3_phase0b_scrape_fields.sql', 'status': 'already_applied'}, {'file': '004_v3_phase1a_nav_analytics.sql', 'status': 'already_applied'}, {'file': '005_v3_phase2b_sweep_log.sql', 'status': 'already_applied'}, {'file': '006_benchmark_proxy_mapping.sql', 'status': 'already_applied'}], 'status': 'ok'}, 'status': 'ok'}, '3_restore_mirrors': {'ms': 18304, 'name': '3_restore_mirrors', 'result': {'status': 'ok', 'tables': [{'failed': 0, 'ms': 422, 'rows': 2429, 'table': 'instrument_master', ...}, {'failed': 0, 'ms': 122, 'rows': 34, 'table': 'benchmark_master', ...}, {'failed': 0, 'ms': 184, 'rows': 185, 'table': 'mutual_fund_metadata', ...}, {'failed': 0, 'ms': 131, 'rows': 219, 'table': 'mutual_fund_performance_ratios', ...}, {'failed': 0, 'ms': 1641, 'rows': 16554, 'table': 'mutual_fund_holdings', ...}, {'failed': 0, 'ms': 15589, 'rows': 246919, 'table': 'mutual_fund_nav_history', ...}, ...], 'total_ms': 18299}, 'status': 'ok'}, ...}</failure></testcase><testcase classname="tests.test_post_deploy_migration.TestPostDeployMigrate" name="test_post_deploy_migrate_idempotent" time="37.060" /></testsuite></testsuites>