<?xml version="1.0" encoding="utf-8"?><testsuites name="pytest tests"><testsuite name="pytest" errors="0" failures="1" skipped="0" tests="10" time="21.650" timestamp="2026-04-23T11:48:54.718261+00:00" hostname="agent-env-e54b594b-a3ed-4608-8852-61e07233b647"><testcase classname="backend.tests.test_iteration44_compliance.TestConsents" name="test_list_5_purposes" time="1.405" /><testcase classname="backend.tests.test_iteration44_compliance.TestConsents" name="test_grant_data_processing_then_marketing" time="0.212" /><testcase classname="backend.tests.test_iteration44_compliance.TestConsents" name="test_withdraw_marketing_then_required_blocked" time="0.266"><failure message="AssertionError: assert 'granted' == 'withdrawn'&#10;  &#10;  - withdrawn&#10;  + granted">backend/tests/test_iteration44_compliance.py:35: in test_withdraw_marketing_then_required_blocked
    assert mc["status"] == "withdrawn"
E   AssertionError: assert 'granted' == 'withdrawn'
E     
E     - withdrawn
E     + granted</failure></testcase><testcase classname="backend.tests.test_iteration44_compliance.TestPAN" name="test_invalid_pan" time="0.190" /><testcase classname="backend.tests.test_iteration44_compliance.TestPAN" name="test_set_get_delete_pan" time="0.318" /><testcase classname="backend.tests.test_iteration44_compliance.TestEncryptRoundtrip" name="test_roundtrip" time="0.007" /><testcase classname="backend.tests.test_iteration44_compliance.TestDBEncryption" name="test_db_stores_ciphertext_not_plain" time="0.732" /><testcase classname="backend.tests.test_iteration44_compliance.TestAudit" name="test_audit_trail_has_actions" time="0.296" /><testcase classname="backend.tests.test_iteration44_compliance.TestExport" name="test_export_masks_pan" time="0.329" /><testcase classname="backend.tests.test_iteration44_compliance.TestCategoryRank" name="test_holdings_enriched_has_cat_rank" time="17.803" /></testsuite></testsuites>