<?xml version="1.0" encoding="utf-8"?><testsuites name="pytest tests"><testsuite name="pytest" errors="0" failures="0" skipped="0" tests="5" time="16.179" timestamp="2026-04-23T09:08:33.374055+00:00" hostname="agent-env-e54b594b-a3ed-4608-8852-61e07233b647"><testcase classname="backend.tests.test_actionable_portfolio" name="test_holdings_enriched_structure" time="8.313" /><testcase classname="backend.tests.test_actionable_portfolio" name="test_holdings_enriched_badges_and_scores" time="7.437" /><testcase classname="backend.tests.test_actionable_portfolio" name="test_switch_candidates_hdfc" time="0.159" /><testcase classname="backend.tests.test_actionable_portfolio" name="test_switch_candidates_invalid_holding" time="0.048" /><testcase classname="backend.tests.test_actionable_portfolio" name="test_unauthenticated_blocked" time="0.145" /></testsuite></testsuites>