<?xml version="1.0" encoding="utf-8"?><testsuites name="pytest tests"><testsuite name="pytest" errors="0" failures="1" skipped="3" tests="29" time="8.831" timestamp="2026-04-18T16:02:45.628395+00:00" hostname="agent-env-1ea9a5c6-9c8c-436d-82e2-09a05bfff263"><testcase classname="tests.test_portfolio_intelligence.TestPortfolioIntelligence" name="test_auth_required" time="0.146" /><testcase classname="tests.test_portfolio_intelligence.TestPortfolioIntelligence" name="test_narrative_no_ai" time="0.244" /><testcase classname="tests.test_portfolio_intelligence.TestPortfolioIntelligence" name="test_compression_shape_and_bounds" time="0.180" /><testcase classname="tests.test_portfolio_intelligence.TestPortfolioIntelligence" name="test_dedupe_26_to_22" time="0.184" /><testcase classname="tests.test_portfolio_intelligence.TestPortfolioIntelligence" name="test_no_self_overlap_pairs" time="0.174" /><testcase classname="tests.test_portfolio_intelligence.TestPortfolioIntelligence" name="test_pairwise_overlap_sorted_desc" time="0.174" /><testcase classname="tests.test_portfolio_intelligence.TestPortfolioIntelligence" name="test_top_stocks_shape" time="0.170" /><testcase classname="tests.test_portfolio_intelligence.TestPortfolioIntelligence" name="test_category_inefficiency_has_two_plus_funds" time="0.168" /><testcase classname="tests.test_portfolio_intelligence.TestPortfolioIntelligence" name="test_sector_exposure_sums_near_100" time="0.173" /><testcase classname="tests.test_portfolio_intelligence.TestPortfolioIntelligence" name="test_redundancy_suggestions_sorted_by_score" time="0.174" /><testcase classname="tests.test_portfolio_intelligence.TestAIInsights" name="test_insights_3_to_6_items" time="0.514" /><testcase classname="tests.test_portfolio_intelligence.TestAIInsights" name="test_at_least_one_headline_cites_rs_or_pct" time="0.300" /><testcase classname="tests.test_portfolio_intelligence.TestAIInsights" name="test_fallback_insights_still_cite_rs" time="0.673"><failure message="AssertionError: fallback returned 0 insights&#10;assert 1 &lt;= 0&#10; +  where 0 = len([])">tests/test_portfolio_intelligence.py:198: in test_fallback_insights_still_cite_rs
    assert 1 &lt;= len(ins) &lt;= 6, f"fallback returned {len(ins)} insights"
E   AssertionError: fallback returned 0 insights
E   assert 1 &lt;= 0
E    +  where 0 = len([])</failure></testcase><testcase classname="tests.test_portfolio_intelligence.TestSimulate" name="test_empty_body_returns_unchanged" time="0.179" /><testcase classname="tests.test_portfolio_intelligence.TestSimulate" name="test_remove_two_funds_recomputes" time="0.325" /><testcase classname="tests.test_portfolio_intelligence.TestSimulate" name="test_body_validation_bad_type" time="0.045" /><testcase classname="tests.test_portfolio_intelligence.TestSimulate" name="test_simulate_auth_required" time="0.124" /><testcase classname="tests.test_portfolio_intelligence.TestAdminPortfolio" name="test_admin_can_view_user_intelligence" time="0.308" /><testcase classname="tests.test_portfolio_intelligence.TestAdminPortfolio" name="test_non_admin_cannot_view_other_user" time="0.000"><skipped type="pytest.skip" message="Both seeded users are admins; see admin_route_auth_required">/app/backend/tests/test_portfolio_intelligence.py:271: Both seeded users are admins; see admin_route_auth_required</skipped></testcase><testcase classname="tests.test_portfolio_intelligence.TestAdminPortfolio" name="test_admin_route_auth_required" time="0.171" /><testcase classname="tests.test_portfolio_intelligence.TestRateFund" name="test_rate_fund_first_call" time="0.288" /><testcase classname="tests.test_portfolio_intelligence.TestRateFund" name="test_rate_fund_second_call_cached" time="0.497"><skipped type="pytest.xfail" message="LLM integration broken — rate_fund returned null rating: &quot;LLM error: Error code: 401 - {'error': {'message': 'Incorrect API key provided: sk-emerg******************7A18. You can find your API key at https://platform.openai.com/account/api-keys.', 'type': 'invalid_request_error', 'code': 'invalid_api_key', 'param': None}, 'status': 401}&quot;. Route only caches non-null ratings, so 2nd call also not cached. See action_items." /></testcase><testcase classname="tests.test_portfolio_intelligence.TestRateFund" name="test_rate_fund_404_on_bad_id" time="0.051" /><testcase classname="tests.test_portfolio_intelligence.TestRateFund" name="test_rate_fund_requires_admin" time="0.000"><skipped type="pytest.skip" message="Both seeded users are admins">/app/backend/tests/test_portfolio_intelligence.py:329: Both seeded users are admins</skipped></testcase><testcase classname="tests.test_portfolio_intelligence.TestRegression" name="test_mf_holdings" time="3.189" /><testcase classname="tests.test_portfolio_intelligence.TestRegression" name="test_admin_mf_funds" time="0.056" /><testcase classname="tests.test_portfolio_intelligence.TestRegression" name="test_admin_mf_db_status" time="0.054" /><testcase classname="tests.test_portfolio_intelligence.TestRegression" name="test_user_profile" time="0.049" /><testcase classname="tests.test_portfolio_intelligence.TestRegression" name="test_scenarios_suggest" time="0.052" /></testsuite></testsuites>