<?xml version="1.0" encoding="utf-8"?><testsuites name="pytest tests"><testsuite name="pytest" errors="0" failures="0" skipped="0" tests="24" time="7.360" timestamp="2026-05-10T12:40:06.766068+00:00" hostname="agent-env-c105caf6-9d1d-4040-8d22-55a2eef01623"><testcase classname="backend.tests.test_nidp_admin_iter58.TestDerivedFeedsHaveRealStatus" name="test_derived_feed_has_real_status[event_calendar]" time="1.335" /><testcase classname="backend.tests.test_nidp_admin_iter58.TestDerivedFeedsHaveRealStatus" name="test_derived_feed_has_real_status[event_day_poller]" time="0.000" /><testcase classname="backend.tests.test_nidp_admin_iter58.TestDerivedFeedsHaveRealStatus" name="test_derived_feed_has_real_status[d1_prep]" time="0.000" /><testcase classname="backend.tests.test_nidp_admin_iter58.TestDerivedFeedsHaveRealStatus" name="test_derived_feed_has_real_status[intelligence]" time="0.000" /><testcase classname="backend.tests.test_nidp_admin_iter58.TestDerivedFeedsHaveRealStatus" name="test_derived_feed_has_real_status[price_adjuster]" time="0.000" /><testcase classname="backend.tests.test_nidp_admin_iter58.TestDerivedFeedsHaveRealStatus" name="test_derived_feed_has_real_status[announcement_classifier]" time="0.000" /><testcase classname="backend.tests.test_nidp_admin_iter58.TestDerivedFeedsHaveRealStatus" name="test_derived_feed_has_real_status[document_parser]" time="0.000" /><testcase classname="backend.tests.test_nidp_admin_iter58.TestDerivedFeedsHaveRealStatus" name="test_derived_feed_has_real_status[quality_gate]" time="0.000" /><testcase classname="backend.tests.test_nidp_admin_iter58.TestDerivedFeedsHaveRealStatus" name="test_intelligence_correctly_captures_failure" time="0.000" /><testcase classname="backend.tests.test_nidp_admin_iter58.TestEventCalendarRuns" name="test_event_calendar_runs_has_ok_entry" time="0.601" /><testcase classname="backend.tests.test_nidp_admin_iter58.TestEventCalendarRuns" name="test_event_calendar_calendar_7days" time="0.588" /><testcase classname="backend.tests.test_nidp_admin_iter58.TestIntelligenceRuns" name="test_intelligence_runs_has_failed_entry" time="0.607" /><testcase classname="backend.tests.test_nidp_admin_iter58.TestJobsSchemaRegression" name="test_jobs_returns_32" time="0.000" /><testcase classname="backend.tests.test_nidp_admin_iter58.TestJobsSchemaRegression" name="test_last_trading_day_weekday" time="0.000" /><testcase classname="backend.tests.test_nidp_admin_iter58.TestJobsSchemaRegression" name="test_grafana_embed_url_present" time="0.000" /><testcase classname="backend.tests.test_nidp_admin_iter58.TestJobsSchemaRegression" name="test_drift_empty" time="0.000" /><testcase classname="backend.tests.test_nidp_admin_iter58.TestRegressionExecute" name="test_execute_target_date" time="0.605" /><testcase classname="backend.tests.test_nidp_admin_iter58.TestRegressionGrafana" name="test_grafana_health" time="0.587" /><testcase classname="backend.tests.test_nidp_admin_iter58.TestRegressionGrafana" name="test_grafana_dashboard" time="0.626" /><testcase classname="backend.tests.test_nidp_admin_iter58.TestRegressionArchive" name="test_bhavcopy_listing" time="0.586" /><testcase classname="backend.tests.test_nidp_admin_iter58.TestRegressionArchive" name="test_bhavcopy_download" time="1.391" /><testcase classname="backend.tests.test_nidp_admin_iter58.TestRegressionArchive" name="test_path_traversal_blocked" time="0.051" /><testcase classname="backend.tests.test_nidp_admin_iter58.TestRegressionAuth" name="test_jobs_unauth" time="0.171" /><testcase classname="backend.tests.test_nidp_admin_iter58.TestRegressionAuth" name="test_grafana_unauth" time="0.111" /></testsuite></testsuites>