<?xml version="1.0" encoding="utf-8"?><testsuites name="pytest tests"><testsuite name="pytest" errors="0" failures="1" skipped="0" tests="11" time="1.043" timestamp="2026-04-20T05:08:25.270913+00:00" hostname="agent-env-e54b594b-a3ed-4608-8852-61e07233b647"><testcase classname="tests.test_iteration29_tax_and_buydate.TestCopilotContext" name="test_suggested_prompts_allocation_pcts" time="0.271" /><testcase classname="tests.test_iteration29_tax_and_buydate.TestCopilotContext" name="test_plan_tax_liability_nonzero" time="0.125" /><testcase classname="tests.test_iteration29_tax_and_buydate.TestPlanGenerate" name="test_plan_total_tax_and_per_action" time="0.116" /><testcase classname="tests.test_iteration29_tax_and_buydate.TestHoldingsBuyDate" name="test_post_without_buy_date_is_null" time="0.105" /><testcase classname="tests.test_iteration29_tax_and_buydate.TestHoldingsBuyDate" name="test_put_buy_date_persists" time="0.213" /><testcase classname="tests.test_iteration29_tax_and_buydate.TestHoldingsBuyDate" name="test_put_buy_date_null_clears" time="0.104"><failure message="AssertionError: PUT buy_date=null should clear, got 400: {&quot;detail&quot;:&quot;No fields to update&quot;}&#10;assert 400 == 200&#10; +  where 400 = &lt;Response [400]&gt;.status_code">tests/test_iteration29_tax_and_buydate.py:126: in test_put_buy_date_null_clears
    assert resp.status_code == 200, f"PUT buy_date=null should clear, got {resp.status_code}: {resp.text}"
E   AssertionError: PUT buy_date=null should clear, got 400: {"detail":"No fields to update"}
E   assert 400 == 200
E    +  where 400 = &lt;Response [400]&gt;.status_code</failure></testcase><testcase classname="tests.test_iteration29_tax_and_buydate.TestTaxCalculator" name="test_equity_stcg_20pct" time="0.001" /><testcase classname="tests.test_iteration29_tax_and_buydate.TestTaxCalculator" name="test_equity_ltcg_12_5pct_with_exemption" time="0.000" /><testcase classname="tests.test_iteration29_tax_and_buydate.TestTaxCalculator" name="test_debt_post_apr23_always_slab" time="0.000" /><testcase classname="tests.test_iteration29_tax_and_buydate.TestTaxCalculator" name="test_gold_ltcg_above_24m" time="0.000" /><testcase classname="tests.test_iteration29_tax_and_buydate.TestTaxCalculator" name="test_pending_when_buy_date_none" time="0.000" /></testsuite></testsuites>