<?xml version="1.0" encoding="utf-8"?><testsuites name="pytest tests"><testsuite name="pytest" errors="0" failures="0" skipped="0" tests="18" time="7.584" timestamp="2026-04-18T14:53:02.656636+00:00" hostname="agent-env-1ea9a5c6-9c8c-436d-82e2-09a05bfff263"><testcase classname="tests.test_groww_phase1_api" name="test_db_status_rejects_unauthenticated" time="0.192" /><testcase classname="tests.test_groww_phase1_api" name="test_db_status_reports_not_configured" time="0.114" /><testcase classname="tests.test_groww_phase1_api" name="test_lookup_requires_auth" time="0.109" /><testcase classname="tests.test_groww_phase1_api" name="test_lookup_falls_back_to_name_key_when_pg_absent" time="0.102" /><testcase classname="tests.test_groww_phase1_api" name="test_lookup_requires_at_least_one_param" time="0.103" /><testcase classname="tests.test_groww_phase1_api" name="test_holdings_requires_auth" time="0.109" /><testcase classname="tests.test_groww_phase1_api" name="test_holdings_fresh_scrape_shape" time="1.665" /><testcase classname="tests.test_groww_phase1_api" name="test_holdings_second_call_is_cached" time="1.115" /><testcase classname="tests.test_groww_phase1_api" name="test_holdings_search_api_fallback_sbi_small_cap" time="1.142" /><testcase classname="tests.test_groww_phase1_api" name="test_scrape_queue_rejects_unauthenticated" time="0.118" /><testcase classname="tests.test_groww_phase1_api" name="test_scrape_queue_shape" time="0.115" /><testcase classname="tests.test_groww_phase1_api" name="test_scrape_now_rejects_unauthenticated" time="0.138" /><testcase classname="tests.test_groww_phase1_api" name="test_scrape_now_bypass_gate" time="1.755" /><testcase classname="tests.test_groww_phase1_api" name="test_admin_secrets_lists_postgres_and_redis" time="0.110" /><testcase classname="tests.test_groww_phase1_api" name="test_postgres_test_endpoint_reports_not_configured" time="0.108" /><testcase classname="tests.test_groww_phase1_api" name="test_redis_test_endpoint_reports_not_configured" time="0.113" /><testcase classname="tests.test_groww_phase1_api" name="test_user_profile_still_works" time="0.117" /><testcase classname="tests.test_groww_phase1_api" name="test_scenarios_suggest_auth_gated" time="0.252" /></testsuite></testsuites>