<?xml version="1.0" encoding="utf-8"?><testsuites name="pytest tests"><testsuite name="pytest" errors="0" failures="0" skipped="0" tests="15" time="9.109" timestamp="2026-05-10T03:35:06.955858+00:00" hostname="agent-env-c105caf6-9d1d-4040-8d22-55a2eef01623"><testcase classname="backend.tests.test_nidp_admin_vm_iteration55.TestAuth" name="test_requires_session[/api/admin/nidp/diag]" time="0.227" /><testcase classname="backend.tests.test_nidp_admin_vm_iteration55.TestAuth" name="test_requires_session[/api/admin/nidp/jobs]" time="0.058" /><testcase classname="backend.tests.test_nidp_admin_vm_iteration55.TestAuth" name="test_requires_session[/api/admin/nidp/catalog]" time="0.057" /><testcase classname="backend.tests.test_nidp_admin_vm_iteration55.TestAuth" name="test_requires_session[/api/admin/nidp/quality/summary]" time="0.063" /><testcase classname="backend.tests.test_nidp_admin_vm_iteration55.TestDiag" name="test_diag" time="1.595" /><testcase classname="backend.tests.test_nidp_admin_vm_iteration55.TestJobs" name="test_jobs_list" time="0.880" /><testcase classname="backend.tests.test_nidp_admin_vm_iteration55.TestJobs" name="test_amfi_nav_runs" time="0.600" /><testcase classname="backend.tests.test_nidp_admin_vm_iteration55.TestJobs" name="test_amfi_nav_logs" time="0.597" /><testcase classname="backend.tests.test_nidp_admin_vm_iteration55.TestJobs" name="test_amfi_nav_calendar" time="0.609" /><testcase classname="backend.tests.test_nidp_admin_vm_iteration55.TestJobs" name="test_execute_amfi_circulars" time="0.598" /><testcase classname="backend.tests.test_nidp_admin_vm_iteration55.TestCatalog" name="test_catalog" time="1.242" /><testcase classname="backend.tests.test_nidp_admin_vm_iteration55.TestQuality" name="test_quality_summary" time="0.671" /><testcase classname="backend.tests.test_nidp_admin_vm_iteration55.TestQuality" name="test_quality_consistency" time="0.619" /><testcase classname="backend.tests.test_nidp_admin_vm_iteration55.TestQuality" name="test_quality_exceptions" time="0.600" /><testcase classname="backend.tests.test_nidp_admin_vm_iteration55.TestQuality" name="test_quality_quarantine" time="0.588" /></testsuite></testsuites>