<?xml version="1.0" encoding="utf-8"?><testsuites name="pytest tests"><testsuite name="pytest" errors="0" failures="0" skipped="0" tests="20" time="0.099" timestamp="2026-04-22T12:32:49.402573+00:00" hostname="agent-env-e54b594b-a3ed-4608-8852-61e07233b647"><testcase classname="tests.test_moneycontrol_client" name="test_parse_investment_style_full[Moderate Sensitivity High Quality-9.0-6.0]" time="0.001" /><testcase classname="tests.test_moneycontrol_client" name="test_parse_investment_style_full[Limited Sensitivity High Quality-9.0-9.0]" time="0.000" /><testcase classname="tests.test_moneycontrol_client" name="test_parse_investment_style_full[Extensive Sensitivity Medium Quality-6.0-3.0]" time="0.001" /><testcase classname="tests.test_moneycontrol_client" name="test_parse_investment_style_full[Limited Sensitivity Low Quality-3.0-9.0]" time="0.000" /><testcase classname="tests.test_moneycontrol_client" name="test_parse_investment_style_full[Extensive Sensitivity Low Quality-3.0-3.0]" time="0.000" /><testcase classname="tests.test_moneycontrol_client" name="test_parse_investment_style_none_or_empty" time="0.000" /><testcase classname="tests.test_moneycontrol_client" name="test_parse_investment_style_partial_match" time="0.000" /><testcase classname="tests.test_moneycontrol_client" name="test_build_payload_full_debt_fund" time="0.001" /><testcase classname="tests.test_moneycontrol_client" name="test_build_payload_missing_imid_returns_none" time="0.000" /><testcase classname="tests.test_moneycontrol_client" name="test_build_payload_missing_scheme_name_returns_none" time="0.000" /><testcase classname="tests.test_moneycontrol_client" name="test_build_payload_wrong_shape_returns_none" time="0.000" /><testcase classname="tests.test_moneycontrol_client" name="test_to_float_handles_varied_inputs" time="0.000" /><testcase classname="tests.test_moneycontrol_client" name="test_parse_launch_date_formats" time="0.000" /><testcase classname="tests.test_moneycontrol_client" name="test_years_since_returns_positive_float" time="0.000" /><testcase classname="tests.test_v3_debt_scoring" name="test_norm_credit_quality_clamps_and_rounds" time="0.000" /><testcase classname="tests.test_v3_debt_scoring" name="test_norm_yield_vs_cat_delta_mapping" time="0.000" /><testcase classname="tests.test_v3_debt_scoring" name="test_norm_duration_risk_from_modified_duration" time="0.000" /><testcase classname="tests.test_v3_debt_scoring" name="test_norm_duration_risk_flex_prefers_direct_score" time="0.000" /><testcase classname="tests.test_v3_debt_scoring" name="test_norm_credit_concentration_curve" time="0.008" /><testcase classname="tests.test_v3_debt_scoring" name="test_debt_quality_uses_moneycontrol_primitives" time="0.001" /></testsuite></testsuites>