<?xml version="1.0" encoding="utf-8"?><testsuites name="pytest tests"><testsuite name="pytest" errors="0" failures="0" skipped="0" tests="11" time="1.409" timestamp="2026-04-29T07:07:43.025367+00:00" hostname="agent-env-217395ff-2e3c-41b3-b24c-731630948748"><testcase classname="tests.test_nivesh_cas_provider.TestCasProviderEndpoint" name="test_get_returns_nivesh_configured_field" time="0.165" /><testcase classname="tests.test_nivesh_cas_provider.TestCasProviderEndpoint" name="test_put_set_nivesh_persists" time="0.148" /><testcase classname="tests.test_nivesh_cas_provider.TestCasProviderEndpoint" name="test_put_invalid_provider" time="0.109" /><testcase classname="tests.test_nivesh_cas_provider.TestCasProviderEndpoint" name="test_put_switch_back_to_casparser_api" time="0.181" /><testcase classname="tests.test_nivesh_cas_provider.TestCasProviderEndpoint" name="test_authenticated_active_endpoint" time="0.113" /><testcase classname="tests.test_nivesh_cas_provider.TestNiveshSecretsListed" name="test_admin_secrets_lists_four_docai_keys" time="0.100" /><testcase classname="tests.test_nivesh_cas_provider.TestNiveshParserModule" name="test_is_configured_true_when_secrets_set" time="0.499" /><testcase classname="tests.test_nivesh_cas_provider.TestNiveshParserModule" name="test_is_configured_false_when_missing" time="0.000" /><testcase classname="tests.test_nivesh_cas_provider.TestNiveshNormalizerAndMapper" name="test_normalized_schema_has_all_keys" time="0.001" /><testcase classname="tests.test_nivesh_cas_provider.TestNiveshNormalizerAndMapper" name="test_normalize_function_runs_on_minimal_input" time="0.002" /><testcase classname="tests.test_nivesh_cas_provider.TestNiveshNormalizerAndMapper" name="test_mapper_accepts_normalizer_output" time="0.001" /></testsuite></testsuites>