<?xml version="1.0" encoding="utf-8"?><testsuites name="pytest tests"><testsuite name="pytest" errors="0" failures="0" skipped="0" tests="26" time="0.055" timestamp="2026-05-10T20:19:04.654124+00:00" hostname="agent-env-c105caf6-9d1d-4040-8d22-55a2eef01623"><testcase classname="nidp.tests.quality.test_replay_engine.TestScoringPolicy" name="test_legacy_weights_sum_to_one" time="0.001" /><testcase classname="nidp.tests.quality.test_replay_engine.TestScoringPolicy" name="test_v1_weights_sum_to_one" time="0.000" /><testcase classname="nidp.tests.quality.test_replay_engine.TestScoringPolicy" name="test_v1_score_matches_prd_formula" time="0.000" /><testcase classname="nidp.tests.quality.test_replay_engine.TestScoringPolicy" name="test_legacy_score_matches_existing_formula" time="0.000" /><testcase classname="nidp.tests.quality.test_replay_engine.TestScoringPolicy" name="test_certify_tiers" time="0.000" /><testcase classname="nidp.tests.quality.test_replay_engine.TestScoringPolicy" name="test_publish_decision" time="0.000" /><testcase classname="nidp.tests.quality.test_replay_engine.TestScoringPolicy" name="test_as_dict_round_trip" time="0.000" /><testcase classname="nidp.tests.quality.test_replay_engine.TestPolicyDB" name="test_get_policy_falls_back_to_builtin_on_no_conn" time="0.001" /><testcase classname="nidp.tests.quality.test_replay_engine.TestPolicyDB" name="test_get_policy_falls_back_when_table_missing" time="0.003" /><testcase classname="nidp.tests.quality.test_replay_engine.TestPolicyDB" name="test_get_policy_unknown_raises" time="0.001" /><testcase classname="nidp.tests.quality.test_replay_engine.TestPolicyDB" name="test_list_policies_builtin" time="0.000" /><testcase classname="nidp.tests.quality.test_replay_engine.TestFailureInjector" name="test_plan_deterministic_with_seed" time="0.000" /><testcase classname="nidp.tests.quality.test_replay_engine.TestFailureInjector" name="test_zero_rate_yields_nothing" time="0.000" /><testcase classname="nidp.tests.quality.test_replay_engine.TestFailureInjector" name="test_full_rate_injects_all_types" time="0.000" /><testcase classname="nidp.tests.quality.test_replay_engine.TestFailureInjector" name="test_unknown_domain_uses_default_table" time="0.000" /><testcase classname="nidp.tests.quality.test_replay_engine.TestTradingDays" name="test_no_conn_skips_weekends" time="0.000" /><testcase classname="nidp.tests.quality.test_replay_engine.TestTradingDays" name="test_include_weekends" time="0.000" /><testcase classname="nidp.tests.quality.test_replay_engine.TestTradingDays" name="test_filters_holidays_when_table_present" time="0.001" /><testcase classname="nidp.tests.quality.test_replay_engine.TestTradingDays" name="test_falls_back_when_holidays_missing" time="0.001" /><testcase classname="nidp.tests.quality.test_replay_engine.TestReplayConfig" name="test_minimal_valid" time="0.000" /><testcase classname="nidp.tests.quality.test_replay_engine.TestReplayConfig" name="test_default_domains" time="0.000" /><testcase classname="nidp.tests.quality.test_replay_engine.TestReplayConfig" name="test_end_before_start_raises" time="0.000" /><testcase classname="nidp.tests.quality.test_replay_engine.TestReplayConfig" name="test_unknown_domain_raises" time="0.000" /><testcase classname="nidp.tests.quality.test_replay_engine.TestReplayConfig" name="test_parallel_bounds" time="0.000" /><testcase classname="nidp.tests.quality.test_replay_engine.TestReplayConfig" name="test_failure_rate_bounds" time="0.000" /><testcase classname="nidp.tests.quality.test_replay_engine.TestDateOutcome" name="test_defaults" time="0.000" /></testsuite></testsuites>