<?xml version="1.0" encoding="utf-8"?><testsuites name="pytest tests"><testsuite name="pytest" errors="0" failures="0" skipped="0" tests="15" time="1.521" timestamp="2026-05-10T20:19:56.177699+00:00" hostname="agent-env-c105caf6-9d1d-4040-8d22-55a2eef01623"><testcase classname="backend.tests.test_nidp_replay_iter60.TestAuth" name="test_policies_requires_auth" time="0.294" /><testcase classname="backend.tests.test_nidp_replay_iter60.TestAuth" name="test_start_requires_auth" time="0.063" /><testcase classname="backend.tests.test_nidp_replay_iter60.TestAuth" name="test_runs_requires_auth" time="0.052" /><testcase classname="backend.tests.test_nidp_replay_iter60.TestPolicies" name="test_policies_returns_builtin_when_db_unreachable" time="0.159" /><testcase classname="backend.tests.test_nidp_replay_iter60.TestPolicies" name="test_policies_weights_sum_to_one" time="0.121" /><testcase classname="backend.tests.test_nidp_replay_iter60.TestPolicies" name="test_v1_weights_match_prd" time="0.102" /><testcase classname="backend.tests.test_nidp_replay_iter60.TestPolicies" name="test_legacy_weights" time="0.091" /><testcase classname="backend.tests.test_nidp_replay_iter60.TestStartValidation" name="test_end_before_start_returns_422" time="0.071" /><testcase classname="backend.tests.test_nidp_replay_iter60.TestStartValidation" name="test_unknown_domain_returns_422" time="0.049" /><testcase classname="backend.tests.test_nidp_replay_iter60.TestStartValidation" name="test_parallel_out_of_range_returns_422" time="0.051" /><testcase classname="backend.tests.test_nidp_replay_iter60.TestStartValidation" name="test_failure_rate_above_one_returns_422" time="0.051" /><testcase classname="backend.tests.test_nidp_replay_iter60.TestStartValidation" name="test_window_over_5_years_returns_422" time="0.048" /><testcase classname="backend.tests.test_nidp_replay_iter60.TestDbBackedEndpoints" name="test_start_valid_payload_returns_meaningful_response" time="0.089" /><testcase classname="backend.tests.test_nidp_replay_iter60.TestDbBackedEndpoints" name="test_runs_endpoint_meaningful_error" time="0.089" /><testcase classname="backend.tests.test_nidp_replay_iter60.TestDbBackedEndpoints" name="test_status_unknown_id_returns_4xx_or_5xx" time="0.095" /></testsuite></testsuites>