<?xml version="1.0" encoding="utf-8"?><testsuites name="pytest tests"><testsuite name="pytest" errors="0" failures="0" skipped="0" tests="45" time="0.044" timestamp="2026-04-25T04:52:30.267005+00:00" hostname="agent-env-be9a8764-83f7-4c88-abb0-2335df0b12e8"><testcase classname="tests.test_switch_decision_engine" name="test_direct_plan_priority_strong_switch" time="0.000" /><testcase classname="tests.test_switch_decision_engine" name="test_direct_plan_priority_phased_when_tax_heavy" time="0.000" /><testcase classname="tests.test_switch_decision_engine" name="test_direct_plan_priority_hold_defer_when_net_negative" time="0.000" /><testcase classname="tests.test_switch_decision_engine" name="test_hard_blocker_tax_stcg_drag" time="0.000" /><testcase classname="tests.test_switch_decision_engine" name="test_hard_blocker_exit_load_heavy" time="0.000" /><testcase classname="tests.test_switch_decision_engine" name="test_hard_blocker_no_option" time="0.000" /><testcase classname="tests.test_switch_decision_engine" name="test_fund_switch_strong_when_alt_exists_and_signals_high" time="0.000" /><testcase classname="tests.test_switch_decision_engine" name="test_fund_switch_partial_when_score_2_and_positive_net" time="0.000" /><testcase classname="tests.test_switch_decision_engine" name="test_fund_switch_watchlist_when_score_high_but_tax_drag" time="0.000" /><testcase classname="tests.test_switch_decision_engine" name="test_fund_switch_sip_redirect_when_score_2_and_net_negative" time="0.000" /><testcase classname="tests.test_switch_decision_engine" name="test_weak_candidate_rejected" time="0.000" /><testcase classname="tests.test_switch_decision_engine" name="test_candidate_aum_filter" time="0.000" /><testcase classname="tests.test_switch_decision_engine" name="test_candidate_track_record_filter" time="0.000" /><testcase classname="tests.test_switch_decision_engine" name="test_ltcg_harvest_default_when_gain_exceeds_1L" time="0.000" /><testcase classname="tests.test_switch_decision_engine" name="test_ltcg_harvest_runs_when_candidate_rejected_but_still_has_option" time="0.000" /><testcase classname="tests.test_switch_decision_engine" name="test_tax_equity_stcg" time="0.000" /><testcase classname="tests.test_switch_decision_engine" name="test_tax_equity_ltcg_with_exemption" time="0.000" /><testcase classname="tests.test_switch_decision_engine" name="test_tax_debt_slab" time="0.000" /><testcase classname="tests.test_switch_decision_engine" name="test_signals_exit_below_40_scores_2" time="0.000" /><testcase classname="tests.test_switch_decision_engine" name="test_signals_exit_between_40_and_60_scores_1" time="0.000" /><testcase classname="tests.test_switch_decision_engine" name="test_signals_exit_above_60_scores_0" time="0.000" /><testcase classname="tests.test_switch_decision_engine" name="test_output_has_all_required_fields" time="0.000" /><testcase classname="tests.test_switch_decision_engine" name="test_recommendation_taxonomy_in_output" time="0.000" /><testcase classname="tests.test_switch_decision_engine" name="test_direct_priority_maps_to_switch_high" time="0.000" /><testcase classname="tests.test_switch_decision_engine" name="test_exit_when_E_low_and_Q_low_and_alt_exists" time="0.000" /><testcase classname="tests.test_switch_decision_engine" name="test_exit_blocked_by_tax_returns_review" time="0.000" /><testcase classname="tests.test_switch_decision_engine" name="test_exit_requires_health_AND_quality_threshold" time="0.000" /><testcase classname="tests.test_switch_decision_engine" name="test_add_when_all_scores_strong" time="0.000" /><testcase classname="tests.test_switch_decision_engine" name="test_add_blocked_when_overallocated" time="0.000" /><testcase classname="tests.test_switch_decision_engine" name="test_sector_override_with_score_2_triggers_exit" time="0.000" /><testcase classname="tests.test_switch_decision_engine" name="test_overweight_position_gets_partial_trim" time="0.000" /><testcase classname="tests.test_switch_decision_engine" name="test_watch_for_decent_fund_no_signals" time="0.000" /><testcase classname="tests.test_candidate_fund_hydrator" name="test_filters_aum_floor" time="0.001" /><testcase classname="tests.test_candidate_fund_hydrator" name="test_filters_track_record_floor" time="0.000" /><testcase classname="tests.test_candidate_fund_hydrator" name="test_filters_same_subcategory_only" time="0.000" /><testcase classname="tests.test_candidate_fund_hydrator" name="test_scale_conversions" time="0.000" /><testcase classname="tests.test_candidate_fund_hydrator" name="test_ret_fallback_chain" time="0.000" /><testcase classname="tests.test_candidate_fund_hydrator" name="test_drop_when_no_return_available" time="0.000" /><testcase classname="tests.test_candidate_fund_hydrator" name="test_exclude_instrument_id" time="0.000" /><testcase classname="tests.test_candidate_fund_hydrator" name="test_prefer_regular_plan_expense" time="0.000" /><testcase classname="tests.test_candidate_fund_hydrator" name="test_none_values_do_not_crash" time="0.000" /><testcase classname="tests.test_candidate_fund_hydrator" name="test_cache_hit_avoids_second_query" time="0.000" /><testcase classname="tests.test_candidate_fund_hydrator" name="test_fetch_current_fund_context_by_iid" time="0.000" /><testcase classname="tests.test_candidate_fund_hydrator" name="test_fetch_current_fund_context_returns_none_when_missing" time="0.000" /><testcase classname="tests.test_candidate_fund_hydrator" name="test_end_to_end_with_switch_engine" time="0.000" /></testsuite></testsuites>