<?xml version="1.0" encoding="utf-8"?><testsuites name="pytest tests"><testsuite name="pytest" errors="0" failures="0" skipped="0" tests="46" time="0.696" timestamp="2026-04-23T04:40:56.808243+00:00" hostname="agent-env-e54b594b-a3ed-4608-8852-61e07233b647"><testcase classname="tests.test_portfolio_health" name="test_hhi_single_stock" time="0.001" /><testcase classname="tests.test_portfolio_health" name="test_hhi_equal_weights" time="0.000" /><testcase classname="tests.test_portfolio_health" name="test_concentration_reaches_100_with_ideal_N" time="0.000" /><testcase classname="tests.test_portfolio_health" name="test_concentration_heavy_top_heavy" time="0.000" /><testcase classname="tests.test_portfolio_health" name="test_concentration_empty_returns_zero" time="0.000" /><testcase classname="tests.test_portfolio_health" name="test_allocation_perfect_match_scores_100" time="0.000" /><testcase classname="tests.test_portfolio_health" name="test_allocation_20pp_drift_scores_60" time="0.000" /><testcase classname="tests.test_portfolio_health" name="test_overlap_zero_scores_100" time="0.000" /><testcase classname="tests.test_portfolio_health" name="test_overlap_full_scores_zero" time="0.000" /><testcase classname="tests.test_portfolio_health" name="test_overlap_handles_none" time="0.000" /><testcase classname="tests.test_portfolio_health" name="test_compute_diversification_happy_path" time="0.000" /><testcase classname="tests.test_portfolio_health" name="test_compute_diversification_drivers_fire" time="0.000" /><testcase classname="tests.test_portfolio_health" name="test_risk_equal_weights_mid_vol_score" time="0.000" /><testcase classname="tests.test_portfolio_health" name="test_risk_single_low_vol_high_score" time="0.000" /><testcase classname="tests.test_portfolio_health" name="test_risk_no_holdings" time="0.000" /><testcase classname="tests.test_portfolio_health" name="test_risk_heuristic_fallback_flags_low_confidence" time="0.000" /><testcase classname="tests.test_portfolio_health" name="test_cost_cheap_direct_plan" time="0.000" /><testcase classname="tests.test_portfolio_health" name="test_cost_expensive_regular_plan_triggers_drivers" time="0.000" /><testcase classname="tests.test_portfolio_health" name="test_performance_strong_returns" time="0.000" /><testcase classname="tests.test_portfolio_health" name="test_performance_underperforms_benchmark" time="0.000" /><testcase classname="tests.test_portfolio_health" name="test_performance_partial_inputs_flag_low_confidence" time="0.000" /><testcase classname="tests.test_portfolio_health" name="test_compute_portfolio_health_weights_are_30_25_20_25" time="0.000" /><testcase classname="tests.test_portfolio_health" name="test_compute_portfolio_health_worst_case" time="0.000" /><testcase classname="tests.test_portfolio_health" name="test_compute_portfolio_health_mid_case" time="0.000" /><testcase classname="tests.test_portfolio_health" name="test_compute_portfolio_health_aggregates_drivers" time="0.000" /><testcase classname="tests.test_portfolio_health" name="test_compute_portfolio_health_low_confidence_propagates" time="0.000" /><testcase classname="tests.test_portfolio_health" name="test_normalise_risk_profile[Moderate-moderate]" time="0.000" /><testcase classname="tests.test_portfolio_health" name="test_normalise_risk_profile[MEDIUM-moderate]" time="0.000" /><testcase classname="tests.test_portfolio_health" name="test_normalise_risk_profile[balanced-moderate]" time="0.000" /><testcase classname="tests.test_portfolio_health" name="test_normalise_risk_profile[aggressive-aggressive]" time="0.000" /><testcase classname="tests.test_portfolio_health" name="test_normalise_risk_profile[growth-aggressive]" time="0.000" /><testcase classname="tests.test_portfolio_health" name="test_normalise_risk_profile[conservative-conservative]" time="0.000" /><testcase classname="tests.test_portfolio_health" name="test_normalise_risk_profile[low-conservative]" time="0.000" /><testcase classname="tests.test_portfolio_health" name="test_normalise_risk_profile[None-moderate]" time="0.000" /><testcase classname="tests.test_portfolio_health" name="test_normalise_risk_profile[-moderate]" time="0.000" /><testcase classname="tests.test_portfolio_health" name="test_normalise_risk_profile[unknown-thing-moderate]" time="0.000" /><testcase classname="tests.test_portfolio_health" name="test_ideal_allocation_long_horizon_aggressive" time="0.000" /><testcase classname="tests.test_portfolio_health" name="test_ideal_allocation_short_horizon_caps_equity" time="0.000" /><testcase classname="tests.test_portfolio_health" name="test_classify_market_cap_large" time="0.000" /><testcase classname="tests.test_portfolio_health" name="test_classify_market_cap_mid" time="0.000" /><testcase classname="tests.test_portfolio_health" name="test_classify_market_cap_small" time="0.000" /><testcase classname="tests.test_portfolio_health" name="test_classify_market_cap_unknown" time="0.000" /><testcase classname="tests.test_portfolio_health" name="test_primitives_from_bucket_table" time="0.000" /><testcase classname="tests.test_portfolio_health" name="test_stock_weights_concentration_helper" time="0.000" /><testcase classname="tests.test_portfolio_health" name="test_stock_weights_skips_zero_value" time="0.000" /><testcase classname="tests.test_portfolio_health" name="test_health_result_to_dict_shape" time="0.000" /></testsuite></testsuites>