<?xml version="1.0" encoding="utf-8"?><testsuites name="pytest tests"><testsuite name="pytest" errors="0" failures="0" skipped="0" tests="11" time="10.478" timestamp="2026-04-23T12:11:01.843706+00:00" hostname="agent-env-e54b594b-a3ed-4608-8852-61e07233b647"><testcase classname="backend.tests.test_iteration46_category_rank.TestCategoryRankCoverage" name="test_mf_category_rank_populated_for_20plus" time="2.521" /><testcase classname="backend.tests.test_iteration46_category_rank.TestCategoryRankCoverage" name="test_category_rank_total_always_paired" time="0.000" /><testcase classname="backend.tests.test_iteration46_category_rank.TestCategoryRankCoverage" name="test_ranked_funds_have_valid_totals" time="0.000" /><testcase classname="backend.tests.test_iteration46_category_rank.TestSubCategorySpotChecks" name="test_hdfc_flexi_cap_direct" time="0.000" /><testcase classname="backend.tests.test_iteration46_category_rank.TestSubCategorySpotChecks" name="test_hdfc_balanced_advantage_direct" time="0.000" /><testcase classname="backend.tests.test_iteration46_category_rank.TestSubCategorySpotChecks" name="test_axis_small_cap_direct" time="0.000" /><testcase classname="backend.tests.test_iteration46_category_rank.TestMorningstarRegression" name="test_morningstar_rating_still_populated" time="0.000" /><testcase classname="backend.tests.test_iteration46_category_rank.TestEnrichmentNoRegression" name="test_composite_scores_present" time="0.000" /><testcase classname="backend.tests.test_iteration46_category_rank.TestEnrichmentNoRegression" name="test_xirr_coverage" time="0.000" /><testcase classname="backend.tests.test_iteration46_category_rank.TestEnrichmentNoRegression" name="test_action_badges_present" time="0.000" /><testcase classname="backend.tests.test_iteration46_category_rank.TestEnrichmentNoRegression" name="test_portfolio_analytics_endpoint" time="7.867" /></testsuite></testsuites>