<?xml version="1.0" encoding="utf-8"?><testsuites name="pytest tests"><testsuite name="pytest" errors="0" failures="0" skipped="0" tests="8" time="20.520" timestamp="2026-04-25T04:54:26.098536+00:00" hostname="agent-env-be9a8764-83f7-4c88-abb0-2335df0b12e8"><testcase classname="tests.test_insights_v3_switch_decision_live" name="test_v3_endpoint_returns_funds" time="20.444" /><testcase classname="tests.test_insights_v3_switch_decision_live" name="test_switch_decision_present_for_majority_of_mfs" time="0.000" /><testcase classname="tests.test_insights_v3_switch_decision_live" name="test_switch_decision_has_prd_v12_fields" time="0.000" /><testcase classname="tests.test_insights_v3_switch_decision_live" name="test_backwards_compat_fields_retained" time="0.001" /><testcase classname="tests.test_insights_v3_switch_decision_live" name="test_hydrator_covers_at_least_80pct_of_mfs" time="0.000" /><testcase classname="tests.test_insights_v3_switch_decision_live" name="test_bucket_distribution_uses_5_taxonomy" time="0.000" /><testcase classname="tests.test_insights_v3_switch_decision_live" name="test_impact_block_has_numeric_values" time="0.000" /><testcase classname="tests.test_insights_v3_switch_decision_live" name="test_at_least_one_regular_plan_strong_switch" time="0.000" /></testsuite></testsuites>