<?xml version="1.0" encoding="utf-8"?><testsuites name="pytest tests"><testsuite name="pytest" errors="0" failures="0" skipped="0" tests="15" time="1.372" timestamp="2026-04-24T07:57:08.692380+00:00" hostname="agent-env-be9a8764-83f7-4c88-abb0-2335df0b12e8"><testcase classname="backend.tests.test_client_cas_invite.TestMfdCreateInvite" name="test_create_invite_returns_expected_shape" time="0.261" /><testcase classname="backend.tests.test_client_cas_invite.TestMfdCreateInvite" name="test_unauthenticated_create_returns_401" time="0.110" /><testcase classname="backend.tests.test_client_cas_invite.TestMfdCreateInvite" name="test_non_existent_profile_returns_404" time="0.049" /><testcase classname="backend.tests.test_client_cas_invite.TestMfdListInvites" name="test_list_invites_returns_array" time="0.049" /><testcase classname="backend.tests.test_client_cas_invite.TestMfdListInvites" name="test_list_never_leaks_oauth_tokens" time="0.047" /><testcase classname="backend.tests.test_client_cas_invite.TestMfdListInvites" name="test_unauthenticated_list_returns_401" time="0.044" /><testcase classname="backend.tests.test_client_cas_invite.TestMfdRevoke" name="test_revoke_sets_status_and_clears_tokens" time="0.211" /><testcase classname="backend.tests.test_client_cas_invite.TestMfdRevoke" name="test_unauthenticated_revoke_returns_401" time="0.049" /><testcase classname="backend.tests.test_client_cas_invite.TestPublicInviteDetails" name="test_valid_token_returns_details" time="0.048" /><testcase classname="backend.tests.test_client_cas_invite.TestPublicInviteDetails" name="test_bad_token_returns_404" time="0.044" /><testcase classname="backend.tests.test_client_cas_invite.TestPublicGmailConnect" name="test_returns_auth_url_with_invite_state" time="0.047" /><testcase classname="backend.tests.test_client_cas_invite.TestPublicGmailConnect" name="test_bad_token_returns_404" time="0.046" /><testcase classname="backend.tests.test_client_cas_invite.TestPublicScanGuard" name="test_scan_before_oauth_returns_400" time="0.044" /><testcase classname="backend.tests.test_client_cas_invite.TestPublicStatus" name="test_status_returns_processed_files" time="0.046" /><testcase classname="backend.tests.test_client_cas_invite.TestExpiredInvite" name="test_public_details_with_expired_marker" time="0.172" /></testsuite></testsuites>