<?xml version="1.0" encoding="utf-8"?><testsuites name="pytest tests"><testsuite name="pytest" errors="0" failures="0" skipped="0" tests="18" time="1.954" timestamp="2026-05-10T12:52:48.854635+00:00" hostname="agent-env-c105caf6-9d1d-4040-8d22-55a2eef01623"><testcase classname="backend.tests.test_nidp_admin_iter59.TestIntelligenceFix" name="test_intelligence_now_ok" time="1.276" /><testcase classname="backend.tests.test_nidp_admin_iter59.TestIntelligenceFix" name="test_intelligence_consecutive_failures_zero" time="0.000" /><testcase classname="backend.tests.test_nidp_admin_iter59.TestIntelligenceFix" name="test_intelligence_runs_history_preserved" time="0.587" /><testcase classname="backend.tests.test_nidp_admin_iter59.TestNseFinancialsFix" name="test_nse_financials_status_ok" time="0.000" /><testcase classname="backend.tests.test_nidp_admin_iter59.TestNseFinancialsFix" name="test_nse_financials_expected_freq_daily" time="0.000" /><testcase classname="backend.tests.test_nidp_admin_iter59.TestNseFinancialsFix" name="test_nse_financials_schedule_cron" time="0.000" /><testcase classname="backend.tests.test_nidp_admin_iter59.TestNseFinancialsFix" name="test_nse_financials_last_run_at_present" time="0.000" /><testcase classname="backend.tests.test_nidp_admin_iter59.TestManualAndEventFeeds" name="test_amfi_nav_history_is_manual" time="0.000" /><testcase classname="backend.tests.test_nidp_admin_iter59.TestManualAndEventFeeds" name="test_corporate_announcements_nse_is_event" time="0.000" /><testcase classname="backend.tests.test_nidp_admin_iter59.TestManualAndEventFeeds" name="test_corporate_announcements_bse_is_event" time="0.000" /><testcase classname="backend.tests.test_nidp_admin_iter59.TestNoRegression" name="test_jobs_count_32" time="0.000" /><testcase classname="backend.tests.test_nidp_admin_iter59.TestNoRegression" name="test_iter58_derived_feed_still_has_status[event_calendar]" time="0.000" /><testcase classname="backend.tests.test_nidp_admin_iter59.TestNoRegression" name="test_iter58_derived_feed_still_has_status[event_day_poller]" time="0.000" /><testcase classname="backend.tests.test_nidp_admin_iter59.TestNoRegression" name="test_iter58_derived_feed_still_has_status[d1_prep]" time="0.000" /><testcase classname="backend.tests.test_nidp_admin_iter59.TestNoRegression" name="test_iter58_derived_feed_still_has_status[price_adjuster]" time="0.000" /><testcase classname="backend.tests.test_nidp_admin_iter59.TestNoRegression" name="test_iter58_derived_feed_still_has_status[announcement_classifier]" time="0.007" /><testcase classname="backend.tests.test_nidp_admin_iter59.TestNoRegression" name="test_iter58_derived_feed_still_has_status[document_parser]" time="0.000" /><testcase classname="backend.tests.test_nidp_admin_iter59.TestNoRegression" name="test_iter58_derived_feed_still_has_status[quality_gate]" time="0.000" /></testsuite></testsuites>