<?xml version="1.0" encoding="utf-8"?><testsuites name="pytest tests"><testsuite name="pytest" errors="0" failures="0" skipped="0" tests="41" time="0.030" timestamp="2026-04-22T13:12:36.662792+00:00" hostname="agent-env-e54b594b-a3ed-4608-8852-61e07233b647"><testcase classname="tests.test_holding_action_score" name="test_ois_clamps_and_rounds" time="0.000" /><testcase classname="tests.test_holding_action_score" name="test_ads_none_when_inputs_missing" time="0.000" /><testcase classname="tests.test_holding_action_score" name="test_ads_overweight" time="0.000" /><testcase classname="tests.test_holding_action_score" name="test_ads_underweight" time="0.000" /><testcase classname="tests.test_holding_action_score" name="test_ads_on_target" time="0.000" /><testcase classname="tests.test_holding_action_score" name="test_ads_clamps_at_zero" time="0.000" /><testcase classname="tests.test_holding_action_score" name="test_tfs_none_when_inputs_missing" time="0.000" /><testcase classname="tests.test_holding_action_score" name="test_tfs_zero_when_no_tax" time="0.000" /><testcase classname="tests.test_holding_action_score" name="test_tfs_high_gain_stcg_heavy_penalty" time="0.000" /><testcase classname="tests.test_holding_action_score" name="test_tfs_low_gain_ltcg_light_penalty" time="0.000" /><testcase classname="tests.test_holding_action_score" name="test_tfs_caps_at_100" time="0.000" /><testcase classname="tests.test_holding_action_score" name="test_tfs_zero_holding_value_returns_none" time="0.000" /><testcase classname="tests.test_holding_action_score" name="test_has_equity_full_inputs" time="0.000" /><testcase classname="tests.test_holding_action_score" name="test_has_partial_inputs_renormalise" time="0.000" /><testcase classname="tests.test_holding_action_score" name="test_has_all_missing_returns_none" time="0.000" /><testcase classname="tests.test_holding_action_score" name="test_has_debt_routes_to_debt_profile" time="0.000" /><testcase classname="tests.test_holding_action_score" name="test_has_liquid_ignores_overlap_exit" time="0.000" /><testcase classname="tests.test_holding_action_score" name="test_has_unknown_category_falls_back_to_equity" time="0.000" /><testcase classname="tests.test_holding_action_score" name="test_guardrail_high_quality_blocks_exit" time="0.000" /><testcase classname="tests.test_holding_action_score" name="test_guardrail_tax_cost_exceeds_benefit" time="0.000" /><testcase classname="tests.test_holding_action_score" name="test_guardrail_recent_investment_blocks" time="0.000" /><testcase classname="tests.test_holding_action_score" name="test_guardrail_overlap_override_allows_exit" time="0.000" /><testcase classname="tests.test_holding_action_score" name="test_guardrail_low_confidence" time="0.000" /><testcase classname="tests.test_holding_action_score" name="test_guardrail_no_blocks_when_healthy" time="0.000" /><testcase classname="tests.test_holding_action_score" name="test_map_has_action_basic[90-HOLD]" time="0.000" /><testcase classname="tests.test_holding_action_score" name="test_map_has_action_basic[60.5-HOLD]" time="0.000" /><testcase classname="tests.test_holding_action_score" name="test_map_has_action_basic[50-TRIM]" time="0.000" /><testcase classname="tests.test_holding_action_score" name="test_map_has_action_basic[40-SWITCH]" time="0.000" /><testcase classname="tests.test_holding_action_score" name="test_map_has_action_basic[20-EXIT]" time="0.000" /><testcase classname="tests.test_holding_action_score" name="test_map_has_action_basic[None-UNKNOWN]" time="0.000" /><testcase classname="tests.test_holding_action_score" name="test_map_has_to_add_when_add_score_high" time="0.000" /><testcase classname="tests.test_holding_action_score" name="test_map_exit_downgrades_when_blocked" time="0.000" /><testcase classname="tests.test_holding_action_score" name="test_map_respects_overlap_override" time="0.000" /><testcase classname="tests.test_holding_action_score" name="test_map_low_confidence_downgrades_exit_and_switch" time="0.000" /><testcase classname="tests.test_holding_action_score" name="test_reason_cites_weakest_driver_for_exit" time="0.000" /><testcase classname="tests.test_holding_action_score" name="test_reason_cites_strongest_driver_for_hold" time="0.000" /><testcase classname="tests.test_holding_action_score" name="test_reason_mentions_overweight_stance" time="0.000" /><testcase classname="tests.test_holding_action_score" name="test_reason_mentions_blocked_guardrail_on_review" time="0.000" /><testcase classname="tests.test_holding_action_score" name="test_build_holding_action_happy_path" time="0.000" /><testcase classname="tests.test_holding_action_score" name="test_build_holding_action_high_quality_protected_from_exit" time="0.000" /><testcase classname="tests.test_holding_action_score" name="test_build_holding_action_accepts_none_partial_inputs" time="0.000" /></testsuite></testsuites>