<?xml version="1.0" encoding="utf-8"?><testsuites name="pytest tests"><testsuite name="pytest" errors="0" failures="0" skipped="0" tests="5" time="104.808" timestamp="2026-04-23T11:28:30.873302+00:00" hostname="agent-env-e54b594b-a3ed-4608-8852-61e07233b647"><testcase classname="backend.tests.test_iteration43_morningstar.TestHoldingsEnrichedMorningstar" name="test_holdings_enriched_mf_has_morningstar_field" time="17.603" /><testcase classname="backend.tests.test_iteration43_morningstar.TestHoldingsEnrichedMorningstar" name="test_at_least_10_mfs_rated" time="0.084" /><testcase classname="backend.tests.test_iteration43_morningstar.TestHoldingsEnrichedMorningstar" name="test_specific_expected_ratings" time="0.079" /><testcase classname="backend.tests.test_iteration43_morningstar.TestRefreshMfRatings" name="test_refresh_response_shape" time="22.060" /><testcase classname="backend.tests.test_iteration43_morningstar.TestRefreshMfRatings" name="test_refresh_idempotent" time="64.907" /></testsuite></testsuites>