<?xml version="1.0" encoding="utf-8"?><testsuites name="pytest tests"><testsuite name="pytest" errors="0" failures="0" skipped="0" tests="60" time="10.383" timestamp="2026-04-18T15:16:45.639564+00:00" hostname="agent-env-1ea9a5c6-9c8c-436d-82e2-09a05bfff263"><testcase classname="backend.tests.test_groww_phase1" name="test_slug_basic" time="0.001" /><testcase classname="backend.tests.test_groww_phase1" name="test_slug_strips_plan_and_parens" time="0.000" /><testcase classname="backend.tests.test_groww_phase1" name="test_parse_sample" time="0.005" /><testcase classname="backend.tests.test_groww_phase1" name="test_off_hours_weekend" time="0.000" /><testcase classname="backend.tests.test_groww_phase1" name="test_off_hours_weekday_market_open" time="0.000" /><testcase classname="backend.tests.test_groww_phase1" name="test_off_hours_weekday_after_close" time="0.000" /><testcase classname="backend.tests.test_groww_phase1" name="test_resolve_instrument_no_pg" time="0.001" /><testcase classname="backend.tests.test_groww_phase1" name="test_resolve_instrument_with_scheme_code_no_pg" time="0.000" /><testcase classname="backend.tests.test_groww_phase1_api" name="test_db_status_rejects_unauthenticated" time="0.174" /><testcase classname="backend.tests.test_groww_phase1_api" name="test_db_status_reports_not_configured" time="0.104" /><testcase classname="backend.tests.test_groww_phase1_api" name="test_lookup_requires_auth" time="0.104" /><testcase classname="backend.tests.test_groww_phase1_api" name="test_lookup_falls_back_to_name_key_when_pg_absent" time="0.129" /><testcase classname="backend.tests.test_groww_phase1_api" name="test_lookup_requires_at_least_one_param" time="0.114" /><testcase classname="backend.tests.test_groww_phase1_api" name="test_holdings_requires_auth" time="0.108" /><testcase classname="backend.tests.test_groww_phase1_api" name="test_holdings_fresh_scrape_shape" time="0.681" /><testcase classname="backend.tests.test_groww_phase1_api" name="test_holdings_second_call_is_cached" time="1.142" /><testcase classname="backend.tests.test_groww_phase1_api" name="test_holdings_search_api_fallback_sbi_small_cap" time="0.641" /><testcase classname="backend.tests.test_groww_phase1_api" name="test_scrape_queue_rejects_unauthenticated" time="0.109" /><testcase classname="backend.tests.test_groww_phase1_api" name="test_scrape_queue_shape" time="0.112" /><testcase classname="backend.tests.test_groww_phase1_api" name="test_scrape_now_rejects_unauthenticated" time="0.106" /><testcase classname="backend.tests.test_groww_phase1_api" name="test_scrape_now_bypass_gate" time="0.239" /><testcase classname="backend.tests.test_groww_phase1_api" name="test_admin_secrets_lists_postgres_and_redis" time="0.120" /><testcase classname="backend.tests.test_groww_phase1_api" name="test_postgres_test_endpoint_reports_not_configured" time="0.140" /><testcase classname="backend.tests.test_groww_phase1_api" name="test_redis_test_endpoint_reports_not_configured" time="0.111" /><testcase classname="backend.tests.test_groww_phase1_api" name="test_user_profile_still_works" time="0.107" /><testcase classname="backend.tests.test_groww_phase1_api" name="test_scenarios_suggest_auth_gated" time="0.221" /><testcase classname="backend.tests.test_groww_phase2_phase3.TestScheduler" name="test_scheduler_running_with_three_jobs" time="0.143" /><testcase classname="backend.tests.test_groww_phase2_phase3.TestScheduler" name="test_scheduler_stop_then_start_toggles" time="0.229" /><testcase classname="backend.tests.test_groww_phase2_phase3.TestScheduler" name="test_scheduler_control_requires_admin" time="0.253" /><testcase classname="backend.tests.test_groww_phase2_phase3.TestScrapeLifecycle" name="test_scrape_now_full_shape" time="0.305" /><testcase classname="backend.tests.test_groww_phase2_phase3.TestScrapeLifecycle" name="test_pg_instrument_master_row_exists" time="0.043" /><testcase classname="backend.tests.test_groww_phase2_phase3.TestScrapeLifecycle" name="test_pg_metadata_row_populated" time="0.043" /><testcase classname="backend.tests.test_groww_phase2_phase3.TestScrapeLifecycle" name="test_pg_performance_ratios_row_populated" time="0.040" /><testcase classname="backend.tests.test_groww_phase2_phase3.TestScrapeLifecycle" name="test_pg_holdings_rows_populated" time="0.083" /><testcase classname="backend.tests.test_groww_phase2_phase3.TestScrapeLifecycle" name="test_pg_audit_log_has_ok_status" time="0.042" /><testcase classname="backend.tests.test_groww_phase2_phase3.TestCacheEnrichment" name="test_second_holdings_call_is_cached_and_enriched" time="1.243" /><testcase classname="backend.tests.test_groww_phase2_phase3.TestPgFallback" name="test_load_fund_from_pg_direct" time="0.129" /><testcase classname="backend.tests.test_groww_phase2_phase3.TestDashboard" name="test_list_funds_returns_instrument_ids" time="0.118" /><testcase classname="backend.tests.test_groww_phase2_phase3.TestDashboard" name="test_list_funds_requires_admin" time="0.103" /><testcase classname="backend.tests.test_groww_phase2_phase3.TestDashboard" name="test_fund_detail_returns_full_payload" time="0.105" /><testcase classname="backend.tests.test_groww_phase2_phase3.TestDashboard" name="test_fund_detail_404_for_missing_uuid" time="0.108" /><testcase classname="backend.tests.test_groww_phase2_phase3.TestDashboard" name="test_audit_log_endpoint" time="0.113" /><testcase classname="backend.tests.test_groww_phase2_phase3.TestDashboard" name="test_audit_log_requires_admin" time="0.121" /><testcase classname="backend.tests.test_groww_phase2_phase3.TestQueueOps" name="test_seed_portfolio_queue" time="0.124" /><testcase classname="backend.tests.test_groww_phase2_phase3.TestQueueOps" name="test_seed_portfolio_queue_requires_admin" time="0.111" /><testcase classname="backend.tests.test_groww_phase2_phase3.TestQueueOps" name="test_drain_queue_force" time="0.104" /><testcase classname="backend.tests.test_groww_phase2_phase3.TestQueueOps" name="test_drain_queue_requires_admin" time="0.121" /><testcase classname="backend.tests.test_groww_phase2_phase3.TestAdminAuth" name="test_unauthenticated_rejected[/api/admin/mf/db-status-GET]" time="0.119" /><testcase classname="backend.tests.test_groww_phase2_phase3.TestAdminAuth" name="test_unauthenticated_rejected[/api/admin/mf/funds-GET]" time="0.117" /><testcase classname="backend.tests.test_groww_phase2_phase3.TestAdminAuth" name="test_unauthenticated_rejected[/api/admin/mf/audit-log-GET]" time="0.107" /><testcase classname="backend.tests.test_groww_phase2_phase3.TestAdminAuth" name="test_unauthenticated_rejected[/api/admin/mf/scrape-queue-GET]" time="0.110" /><testcase classname="backend.tests.test_groww_phase2_phase3.TestAdminAuth" name="test_unauthenticated_rejected[/api/admin/mf/scrape-now?scheme_name=X-POST]" time="0.111" /><testcase classname="backend.tests.test_groww_phase2_phase3.TestAdminAuth" name="test_unauthenticated_rejected[/api/admin/mf/seed-portfolio-queue-POST]" time="0.109" /><testcase classname="backend.tests.test_groww_phase2_phase3.TestAdminAuth" name="test_unauthenticated_rejected[/api/admin/mf/drain-queue-POST]" time="0.123" /><testcase classname="backend.tests.test_groww_phase2_phase3.TestAdminAuth" name="test_unauthenticated_rejected[/api/admin/mf/scheduler/start-POST]" time="0.108" /><testcase classname="backend.tests.test_groww_phase2_phase3.TestAdminAuth" name="test_unauthenticated_rejected[/api/admin/mf/scheduler/stop-POST]" time="0.128" /><testcase classname="backend.tests.test_groww_phase2_phase3.TestRegression" name="test_user_profile" time="0.109" /><testcase classname="backend.tests.test_groww_phase2_phase3.TestRegression" name="test_mf_holdings_user_auth" time="0.118" /><testcase classname="backend.tests.test_groww_phase2_phase3.TestRegression" name="test_admin_secrets" time="0.121" /><testcase classname="backend.tests.test_groww_phase2_phase3.TestRegression" name="test_admin_feature_flags" time="0.112" /></testsuite></testsuites>