<?xml version="1.0" encoding="utf-8"?><testsuites name="pytest tests"><testsuite name="pytest" errors="0" failures="0" skipped="0" tests="23" time="1.445" timestamp="2026-04-20T06:36:32.611340+00:00" hostname="agent-env-e54b594b-a3ed-4608-8852-61e07233b647"><testcase classname="tests.test_v2_5_decision_engine" name="test_plan_metadata_engine_version" time="0.219" /><testcase classname="tests.test_v2_5_decision_engine" name="test_plan_portfolio_score" time="0.000" /><testcase classname="tests.test_v2_5_decision_engine" name="test_plan_portfolio_score_breakdown" time="0.000" /><testcase classname="tests.test_v2_5_decision_engine" name="test_plan_confidence_score" time="0.000" /><testcase classname="tests.test_v2_5_decision_engine" name="test_plan_summary_is_non_empty_string" time="0.000" /><testcase classname="tests.test_v2_5_decision_engine" name="test_plan_improvements_shape" time="0.000" /><testcase classname="tests.test_v2_5_decision_engine" name="test_plan_do_nothing_and_degraded_flags" time="0.000" /><testcase classname="tests.test_v2_5_decision_engine" name="test_plan_hard_cap_6_actions" time="0.000" /><testcase classname="tests.test_v2_5_decision_engine" name="test_active_plan_has_v25_fields" time="0.148" /><testcase classname="tests.test_v2_5_decision_engine" name="test_save_preserves_v25_fields" time="0.318" /><testcase classname="tests.test_v2_5_decision_engine" name="test_copilot_suggested_prompts_ok" time="0.176" /><testcase classname="tests.test_v2_5_decision_engine" name="test_mf_quality_weights_6_components" time="0.000" /><testcase classname="tests.test_v2_5_decision_engine" name="test_mf_add_weights_have_need_0_15" time="0.000" /><testcase classname="tests.test_v2_5_decision_engine" name="test_score_mf_hold_fields" time="0.000" /><testcase classname="tests.test_v2_5_decision_engine" name="test_score_mf_switch_fields" time="0.000" /><testcase classname="tests.test_v2_5_decision_engine" name="test_score_mf_exit_guardrail_high_quality_low_overlap" time="0.000" /><testcase classname="tests.test_v2_5_decision_engine" name="test_score_mf_exit_tax_efficiency_blocks" time="0.000" /><testcase classname="tests.test_v2_5_decision_engine" name="test_score_mf_add_debt_uses_dynamic_target" time="0.000" /><testcase classname="tests.test_v2_5_decision_engine" name="test_tax_calculator_has_tax_efficiency_score_field" time="0.001" /><testcase classname="tests.test_v2_5_decision_engine" name="test_rule3_stricter_underperformer_only_one_condition_fails" time="0.489" /><testcase classname="tests.test_v2_5_decision_engine" name="test_rule3_flags_when_both_conditions_fail" time="0.000" /><testcase classname="tests.test_v2_5_decision_engine" name="test_rule5_debt_targets_by_risk_profile" time="0.000" /><testcase classname="tests.test_v2_5_decision_engine" name="test_rule7_do_nothing_summary_format" time="0.000" /></testsuite></testsuites>