<?xml version="1.0" encoding="utf-8"?><testsuites name="pytest tests"><testsuite name="pytest" errors="0" failures="1" skipped="0" tests="14" time="79.695" timestamp="2026-04-23T05:45:47.051443+00:00" hostname="agent-env-e54b594b-a3ed-4608-8852-61e07233b647"><testcase classname="tests.test_iteration38_unified_health.TestAnalyticsHealth" name="test_analytics_returns_health_score_keys" time="9.726" /><testcase classname="tests.test_iteration38_unified_health.TestAnalyticsHealth" name="test_analytics_preserves_legacy_dashboard_keys" time="5.418" /><testcase classname="tests.test_iteration38_unified_health.TestAnalyticsHealth" name="test_grade_matches_score_threshold" time="5.412" /><testcase classname="tests.test_iteration38_unified_health.TestInsightsHealthParity" name="test_insights_analysis_has_portfolio_health_block" time="5.382" /><testcase classname="tests.test_iteration38_unified_health.TestInsightsHealthParity" name="test_health_parity_analytics_vs_insights_analysis" time="10.845" /><testcase classname="tests.test_iteration38_unified_health.TestInsightsHealthParity" name="test_health_parity_v3_portfolio" time="15.497" /><testcase classname="tests.test_iteration38_unified_health.TestHealthProjection" name="test_projection_shape_for_user_with_active_plan" time="10.593" /><testcase classname="tests.test_iteration38_unified_health.TestHealthProjection" name="test_projection_current_matches_analytics" time="16.051" /><testcase classname="tests.test_iteration38_unified_health.TestStockWeightsAdmin" name="test_get_weights_requires_admin" time="0.184" /><testcase classname="tests.test_iteration38_unified_health.TestStockWeightsAdmin" name="test_get_weights_returns_four_dimensions" time="0.117" /><testcase classname="tests.test_iteration38_unified_health.TestStockWeightsAdmin" name="test_default_weight_values" time="0.049" /><testcase classname="tests.test_iteration38_unified_health.TestStockWeightsAdmin" name="test_put_weights_validates_sum_to_100" time="0.050" /><testcase classname="tests.test_iteration38_unified_health.TestStockWeightsAdmin" name="test_put_weights_persists_and_reset_restores" time="0.106"><failure message="AssertionError: PUT failed: 422: {&quot;detail&quot;:[{&quot;type&quot;:&quot;dict_type&quot;,&quot;loc&quot;:[&quot;body&quot;,&quot;weights&quot;,&quot;roe&quot;],&quot;msg&quot;:&quot;Input should be a valid dictionary&quot;,&quot;input&quot;:20,&quot;url&quot;:&quot;https://errors.pydantic.dev/2.12/v/dict_type&quot;},{&quot;type&quot;:&quot;dict_type&quot;,&quot;loc&quot;:[&quot;body&quot;,&quot;weights&quot;,&quot;debt_to_equity&quot;],&quot;msg&quot;:&quot;Input should be a valid dictionary&quot;,&quot;input&quot;:15,&quot;url&quot;:&quot;https://errors.pydantic.dev/2.12/v/dict_type&quot;},{&quot;type&quot;:&quot;dict_type&quot;,&quot;loc&quot;:[&quot;body&quot;,&quot;weights&quot;,&quot;eps_growth_3y&quot;],&quot;msg&quot;:&quot;Input should be a valid dictionary&quot;,&quot;input&quot;:25,&quot;url&quot;:&quot;https://errors.pydantic.dev/2.12/v/dict_type&quot;},{&quot;type&quot;:&quot;dict_type&quot;,&quot;loc&quot;:[&quot;body&quot;,&quot;weights&quot;,&quot;promoter_holding&quot;],&quot;msg&quot;:&quot;Input should be a valid dictionary&quot;,&quot;input&quot;:10,&quot;url&quot;:&quot;https://errors.pydantic.dev/2.12/v/dict_type&quot;},{&quot;type&quot;:&quot;dict_type&quot;,&quot;loc&quot;:[&quot;body&quot;,&quot;weights&quot;,&quot;market_cap_stability&quot;],&quot;msg&quot;:&quot;Input should be a valid dictionary&quot;,&quot;input&quot;:10,&quot;url&quot;:&quot;https://errors.pydantic.dev/2.12/v/dict_type&quot;},{&quot;type&quot;:&quot;dict_type&quot;,&quot;loc&quot;:[&quot;body&quot;,&quot;weights&quot;,&quot;earnings_consistency&quot;],&quot;msg&quot;:&quot;Input should be a valid dictionary&quot;,&quot;input&quot;:20,&quot;url&quot;:&quot;https://errors.pydantic.dev/2.12/v/dict_type&quot;}]}&#10;assert 422 in (200, 204)&#10; +  where 422 = &lt;Response [422]&gt;.status_code">tests/test_iteration38_unified_health.py:241: in test_put_weights_persists_and_reset_restores
    assert r.status_code in (200, 204), f"PUT failed: {r.status_code}: {r.text}"
E   AssertionError: PUT failed: 422: {"detail":[{"type":"dict_type","loc":["body","weights","roe"],"msg":"Input should be a valid dictionary","input":20,"url":"https://errors.pydantic.dev/2.12/v/dict_type"},{"type":"dict_type","loc":["body","weights","debt_to_equity"],"msg":"Input should be a valid dictionary","input":15,"url":"https://errors.pydantic.dev/2.12/v/dict_type"},{"type":"dict_type","loc":["body","weights","eps_growth_3y"],"msg":"Input should be a valid dictionary","input":25,"url":"https://errors.pydantic.dev/2.12/v/dict_type"},{"type":"dict_type","loc":["body","weights","promoter_holding"],"msg":"Input should be a valid dictionary","input":10,"url":"https://errors.pydantic.dev/2.12/v/dict_type"},{"type":"dict_type","loc":["body","weights","market_cap_stability"],"msg":"Input should be a valid dictionary","input":10,"url":"https://errors.pydantic.dev/2.12/v/dict_type"},{"type":"dict_type","loc":["body","weights","earnings_consistency"],"msg":"Input should be a valid dictionary","input":20,"url":"https://errors.pydantic.dev/2.12/v/dict_type"}]}
E   assert 422 in (200, 204)
E    +  where 422 = &lt;Response [422]&gt;.status_code</failure></testcase><testcase classname="tests.test_iteration38_unified_health.TestStockMaster" name="test_master_endpoint_responds" time="0.141" /></testsuite></testsuites>