<?xml version="1.0" encoding="utf-8"?><testsuites name="pytest tests"><testsuite name="pytest" errors="0" failures="0" skipped="0" tests="16" time="21.366" timestamp="2026-04-24T05:39:23.001808+00:00" hostname="agent-env-be9a8764-83f7-4c88-abb0-2335df0b12e8"><testcase classname="tests.test_portfolio_snapshot.TestAuth" name="test_snapshots_list_401" time="0.258" /><testcase classname="tests.test_portfolio_snapshot.TestAuth" name="test_snapshot_get_401" time="0.110" /><testcase classname="tests.test_portfolio_snapshot.TestAuth" name="test_trend_401" time="0.102" /><testcase classname="tests.test_portfolio_snapshot.TestAuth" name="test_compare_401" time="0.109" /><testcase classname="tests.test_portfolio_snapshot.TestAuth" name="test_manual_snapshot_401" time="0.100" /><testcase classname="tests.test_portfolio_snapshot.TestManualSnapshot" name="test_post_manual_returns_shape" time="9.714" /><testcase classname="tests.test_portfolio_snapshot.TestManualSnapshot" name="test_upsert_idempotency" time="9.507" /><testcase classname="tests.test_portfolio_snapshot.TestListDates" name="test_list_newest_first" time="0.138" /><testcase classname="tests.test_portfolio_snapshot.TestGetSnapshot" name="test_latest_no_date" time="0.100" /><testcase classname="tests.test_portfolio_snapshot.TestGetSnapshot" name="test_by_exact_date" time="0.100" /><testcase classname="tests.test_portfolio_snapshot.TestGetSnapshot" name="test_fallback_earlier_when_missing" time="0.181" /><testcase classname="tests.test_portfolio_snapshot.TestTrend" name="test_trend_shape" time="0.111" /><testcase classname="tests.test_portfolio_snapshot.TestCompare" name="test_compare_default" time="0.142" /><testcase classname="tests.test_portfolio_snapshot.TestCompare" name="test_compare_explicit_dates" time="0.108" /><testcase classname="tests.test_portfolio_snapshot.TestPureHelpers" name="test_diff_snapshots_first_snapshot" time="0.493" /><testcase classname="tests.test_portfolio_snapshot.TestPureHelpers" name="test_diff_snapshots_with_old" time="0.000" /></testsuite></testsuites>