<?xml version="1.0" encoding="utf-8"?><testsuites name="pytest tests"><testsuite name="pytest" errors="0" failures="0" skipped="0" tests="12" time="0.318" timestamp="2026-04-21T08:44:49.793329+00:00" hostname="agent-env-e54b594b-a3ed-4608-8852-61e07233b647"><testcase classname="tests.test_v3_fund_breakdown_api" name="test_portfolio_has_danger_counts" time="0.248" /><testcase classname="tests.test_v3_fund_breakdown_api" name="test_portfolio_returns_funds" time="0.000" /><testcase classname="tests.test_v3_fund_breakdown_api" name="test_each_fund_has_scores_block" time="0.000" /><testcase classname="tests.test_v3_fund_breakdown_api" name="test_each_fund_has_plan_type" time="0.000" /><testcase classname="tests.test_v3_fund_breakdown_api" name="test_each_fund_has_cost_leak_field" time="0.000" /><testcase classname="tests.test_v3_fund_breakdown_api" name="test_each_fund_has_danger_block" time="0.000" /><testcase classname="tests.test_v3_fund_breakdown_api" name="test_each_fund_has_deterministic_explanation" time="0.000" /><testcase classname="tests.test_v3_fund_breakdown_api" name="test_switch_null_for_direct_numeric_for_regular_with_cost_leak" time="0.000" /><testcase classname="tests.test_v3_fund_breakdown_api" name="test_danger_funds_sorted_first" time="0.000" /><testcase classname="tests.test_v3_fund_breakdown_api" name="test_danger_counts_consistent_with_funds" time="0.000" /><testcase classname="tests.test_v3_fund_breakdown_api" name="test_explanation_is_deterministic_no_llm_markers" time="0.000" /><testcase classname="tests.test_v3_fund_breakdown_api" name="test_expected_priyanka_counts" time="0.000" /></testsuite></testsuites>