<?xml version="1.0" encoding="utf-8"?><testsuites name="pytest tests"><testsuite name="pytest" errors="0" failures="0" skipped="0" tests="12" time="0.389" timestamp="2026-05-10T05:39:43.127033+00:00" hostname="agent-env-c105caf6-9d1d-4040-8d22-55a2eef01623"><testcase classname="backend.tests.test_nidp_expectations_iter57" name="test_expectations_requires_auth" time="0.176" /><testcase classname="backend.tests.test_nidp_expectations_iter57" name="test_feeds_total_at_least_20" time="0.131" /><testcase classname="backend.tests.test_nidp_expectations_iter57" name="test_expectations_total_at_least_100" time="0.000" /><testcase classname="backend.tests.test_nidp_expectations_iter57" name="test_feeds_object_present" time="0.000" /><testcase classname="backend.tests.test_nidp_expectations_iter57" name="test_all_required_feeds_present" time="0.000" /><testcase classname="backend.tests.test_nidp_expectations_iter57" name="test_amfi_nav_min_8_rules" time="0.000" /><testcase classname="backend.tests.test_nidp_expectations_iter57" name="test_fii_dii_min_6_rules" time="0.000" /><testcase classname="backend.tests.test_nidp_expectations_iter57" name="test_bhavcopy_min_12_rules" time="0.000" /><testcase classname="backend.tests.test_nidp_expectations_iter57" name="test_each_feed_has_suite_name_and_expectations" time="0.000" /><testcase classname="backend.tests.test_nidp_expectations_iter57" name="test_every_expectation_has_type_and_kwargs" time="0.000" /><testcase classname="backend.tests.test_nidp_expectations_iter57" name="test_all_expectation_types_are_valid_ge_types" time="0.000" /><testcase classname="backend.tests.test_nidp_expectations_iter57" name="test_amfi_nav_has_regex_expectation" time="0.000" /></testsuite></testsuites>