<?xml version="1.0" encoding="utf-8"?><testsuites name="pytest tests"><testsuite name="pytest" errors="0" failures="1" skipped="0" tests="21" time="2.975" timestamp="2026-04-20T11:26:36.650534+00:00" hostname="agent-env-e54b594b-a3ed-4608-8852-61e07233b647"><testcase classname="tests.test_admin_rules_prompts_api.TestAdminAuth" name="test_rules_config_requires_auth" time="0.128" /><testcase classname="tests.test_admin_rules_prompts_api.TestAdminAuth" name="test_prompts_requires_auth" time="0.047" /><testcase classname="tests.test_admin_rules_prompts_api.TestRulesConfig" name="test_get_returns_all_default_rules" time="0.110" /><testcase classname="tests.test_admin_rules_prompts_api.TestRulesConfig" name="test_put_override_persists" time="0.149" /><testcase classname="tests.test_admin_rules_prompts_api.TestRulesConfig" name="test_reset_clears_overrides" time="0.112" /><testcase classname="tests.test_admin_rules_prompts_api.TestCustomRuleValidate" name="test_validate_valid_expression" time="0.050" /><testcase classname="tests.test_admin_rules_prompts_api.TestCustomRuleValidate" name="test_validate_invalid_expression" time="0.051" /><testcase classname="tests.test_admin_rules_prompts_api.TestCustomRuleValidate" name="test_validate_with_sample_evaluates" time="0.053" /><testcase classname="tests.test_admin_rules_prompts_api.TestCustomRuleValidate" name="test_validate_rejects_unsafe[__import__('os').system('ls')]" time="0.048" /><testcase classname="tests.test_admin_rules_prompts_api.TestCustomRuleValidate" name="test_validate_rejects_unsafe[open('/etc/passwd')]" time="0.051" /><testcase classname="tests.test_admin_rules_prompts_api.TestCustomRuleValidate" name="test_validate_rejects_unsafe[lambda x: x]" time="0.055"><failure message="AssertionError: Should reject unsafe expr: lambda x: x&#10;assert True is False">tests/test_admin_rules_prompts_api.py:135: in test_validate_rejects_unsafe
    assert r.json()["ok"] is False, f"Should reject unsafe expr: {expr}"
E   AssertionError: Should reject unsafe expr: lambda x: x
E   assert True is False</failure></testcase><testcase classname="tests.test_admin_rules_prompts_api.TestCustomRuleCrud" name="test_create_valid_custom_rule" time="0.099" /><testcase classname="tests.test_admin_rules_prompts_api.TestCustomRuleCrud" name="test_create_missing_fields_returns_400" time="0.052" /><testcase classname="tests.test_admin_rules_prompts_api.TestCustomRuleCrud" name="test_create_unknown_context_key_returns_400" time="0.052" /><testcase classname="tests.test_admin_rules_prompts_api.TestCustomRuleCrud" name="test_delete_removes_rule" time="0.159" /><testcase classname="tests.test_admin_rules_prompts_api.TestPrompts" name="test_get_all_prompts" time="0.050" /><testcase classname="tests.test_admin_rules_prompts_api.TestPrompts" name="test_override_and_reset_prompt" time="0.219" /><testcase classname="tests.test_admin_rules_prompts_api.TestPrompts" name="test_update_prompt_empty_text_rejected" time="0.058" /><testcase classname="tests.test_admin_rules_prompts_api.TestPrompts" name="test_update_unknown_prompt_rejected" time="0.054" /><testcase classname="tests.test_admin_rules_prompts_api.TestPromptIntegration" name="test_prompt_test_endpoint_returns_response" time="1.161" /><testcase classname="tests.test_admin_rules_prompts_api.TestPlanRegression" name="test_plan_generate_still_v2_5" time="0.100" /></testsuite></testsuites>