<?xml version="1.0" encoding="utf-8"?><testsuites name="pytest tests"><testsuite name="pytest" errors="0" failures="0" skipped="0" tests="34" time="6.280" timestamp="2026-04-18T15:16:31.160588+00:00" hostname="agent-env-1ea9a5c6-9c8c-436d-82e2-09a05bfff263"><testcase classname="backend.tests.test_groww_phase2_phase3.TestScheduler" name="test_scheduler_running_with_three_jobs" time="0.235" /><testcase classname="backend.tests.test_groww_phase2_phase3.TestScheduler" name="test_scheduler_stop_then_start_toggles" time="0.230" /><testcase classname="backend.tests.test_groww_phase2_phase3.TestScheduler" name="test_scheduler_control_requires_admin" time="0.210" /><testcase classname="backend.tests.test_groww_phase2_phase3.TestScrapeLifecycle" name="test_scrape_now_full_shape" time="1.294" /><testcase classname="backend.tests.test_groww_phase2_phase3.TestScrapeLifecycle" name="test_pg_instrument_master_row_exists" time="0.043" /><testcase classname="backend.tests.test_groww_phase2_phase3.TestScrapeLifecycle" name="test_pg_metadata_row_populated" time="0.043" /><testcase classname="backend.tests.test_groww_phase2_phase3.TestScrapeLifecycle" name="test_pg_performance_ratios_row_populated" time="0.040" /><testcase classname="backend.tests.test_groww_phase2_phase3.TestScrapeLifecycle" name="test_pg_holdings_rows_populated" time="0.080" /><testcase classname="backend.tests.test_groww_phase2_phase3.TestScrapeLifecycle" name="test_pg_audit_log_has_ok_status" time="0.040" /><testcase classname="backend.tests.test_groww_phase2_phase3.TestCacheEnrichment" name="test_second_holdings_call_is_cached_and_enriched" time="1.253" /><testcase classname="backend.tests.test_groww_phase2_phase3.TestPgFallback" name="test_load_fund_from_pg_direct" time="0.116" /><testcase classname="backend.tests.test_groww_phase2_phase3.TestDashboard" name="test_list_funds_returns_instrument_ids" time="0.142" /><testcase classname="backend.tests.test_groww_phase2_phase3.TestDashboard" name="test_list_funds_requires_admin" time="0.104" /><testcase classname="backend.tests.test_groww_phase2_phase3.TestDashboard" name="test_fund_detail_returns_full_payload" time="0.120" /><testcase classname="backend.tests.test_groww_phase2_phase3.TestDashboard" name="test_fund_detail_404_for_missing_uuid" time="0.117" /><testcase classname="backend.tests.test_groww_phase2_phase3.TestDashboard" name="test_audit_log_endpoint" time="0.107" /><testcase classname="backend.tests.test_groww_phase2_phase3.TestDashboard" name="test_audit_log_requires_admin" time="0.107" /><testcase classname="backend.tests.test_groww_phase2_phase3.TestQueueOps" name="test_seed_portfolio_queue" time="0.107" /><testcase classname="backend.tests.test_groww_phase2_phase3.TestQueueOps" name="test_seed_portfolio_queue_requires_admin" time="0.107" /><testcase classname="backend.tests.test_groww_phase2_phase3.TestQueueOps" name="test_drain_queue_force" time="0.112" /><testcase classname="backend.tests.test_groww_phase2_phase3.TestQueueOps" name="test_drain_queue_requires_admin" time="0.113" /><testcase classname="backend.tests.test_groww_phase2_phase3.TestAdminAuth" name="test_unauthenticated_rejected[/api/admin/mf/db-status-GET]" time="0.108" /><testcase classname="backend.tests.test_groww_phase2_phase3.TestAdminAuth" name="test_unauthenticated_rejected[/api/admin/mf/funds-GET]" time="0.116" /><testcase classname="backend.tests.test_groww_phase2_phase3.TestAdminAuth" name="test_unauthenticated_rejected[/api/admin/mf/audit-log-GET]" time="0.126" /><testcase classname="backend.tests.test_groww_phase2_phase3.TestAdminAuth" name="test_unauthenticated_rejected[/api/admin/mf/scrape-queue-GET]" time="0.134" /><testcase classname="backend.tests.test_groww_phase2_phase3.TestAdminAuth" name="test_unauthenticated_rejected[/api/admin/mf/scrape-now?scheme_name=X-POST]" time="0.117" /><testcase classname="backend.tests.test_groww_phase2_phase3.TestAdminAuth" name="test_unauthenticated_rejected[/api/admin/mf/seed-portfolio-queue-POST]" time="0.124" /><testcase classname="backend.tests.test_groww_phase2_phase3.TestAdminAuth" name="test_unauthenticated_rejected[/api/admin/mf/drain-queue-POST]" time="0.124" /><testcase classname="backend.tests.test_groww_phase2_phase3.TestAdminAuth" name="test_unauthenticated_rejected[/api/admin/mf/scheduler/start-POST]" time="0.104" /><testcase classname="backend.tests.test_groww_phase2_phase3.TestAdminAuth" name="test_unauthenticated_rejected[/api/admin/mf/scheduler/stop-POST]" time="0.107" /><testcase classname="backend.tests.test_groww_phase2_phase3.TestRegression" name="test_user_profile" time="0.107" /><testcase classname="backend.tests.test_groww_phase2_phase3.TestRegression" name="test_mf_holdings_user_auth" time="0.106" /><testcase classname="backend.tests.test_groww_phase2_phase3.TestRegression" name="test_admin_secrets" time="0.101" /><testcase classname="backend.tests.test_groww_phase2_phase3.TestRegression" name="test_admin_feature_flags" time="0.099" /></testsuite></testsuites>