<?xml version="1.0" encoding="utf-8"?><testsuites name="pytest tests"><testsuite name="pytest" errors="0" failures="3" skipped="0" tests="26" time="9.361" timestamp="2026-04-18T15:12:40.447806+00:00" hostname="agent-env-1ea9a5c6-9c8c-436d-82e2-09a05bfff263"><testcase classname="backend.tests.test_groww_phase1_api" name="test_db_status_rejects_unauthenticated" time="0.169" /><testcase classname="backend.tests.test_groww_phase1_api" name="test_db_status_reports_not_configured" time="0.106"><failure message="assert True is False">backend/tests/test_groww_phase1_api.py:39: in test_db_status_reports_not_configured
    assert data["postgres"]["ok"] is False
E   assert True is False</failure></testcase><testcase classname="backend.tests.test_groww_phase1_api" name="test_lookup_requires_auth" time="0.112" /><testcase classname="backend.tests.test_groww_phase1_api" name="test_lookup_falls_back_to_name_key_when_pg_absent" time="0.117" /><testcase classname="backend.tests.test_groww_phase1_api" name="test_lookup_requires_at_least_one_param" time="0.122" /><testcase classname="backend.tests.test_groww_phase1_api" name="test_holdings_requires_auth" time="0.115" /><testcase classname="backend.tests.test_groww_phase1_api" name="test_holdings_fresh_scrape_shape" time="1.677" /><testcase classname="backend.tests.test_groww_phase1_api" name="test_holdings_second_call_is_cached" time="1.148" /><testcase classname="backend.tests.test_groww_phase1_api" name="test_holdings_search_api_fallback_sbi_small_cap" time="1.009" /><testcase classname="backend.tests.test_groww_phase1_api" name="test_scrape_queue_rejects_unauthenticated" time="0.123" /><testcase classname="backend.tests.test_groww_phase1_api" name="test_scrape_queue_shape" time="0.183" /><testcase classname="backend.tests.test_groww_phase1_api" name="test_scrape_now_rejects_unauthenticated" time="0.105" /><testcase classname="backend.tests.test_groww_phase1_api" name="test_scrape_now_bypass_gate" time="2.916" /><testcase classname="backend.tests.test_groww_phase1_api" name="test_admin_secrets_lists_postgres_and_redis" time="0.109" /><testcase classname="backend.tests.test_groww_phase1_api" name="test_postgres_test_endpoint_reports_not_configured" time="0.150"><failure message="AssertionError: assert True is False&#10; +  where True = &lt;built-in method get of dict object at 0xfaa2689be000&gt;('ok')&#10; +    where &lt;built-in method get of dict object at 0xfaa2689be000&gt; = {'detail': 'Connected — PostgreSQL 15.16 (Debian 15.16-0+deb12u1) on aarch64-unknown', 'ok': True}.get">backend/tests/test_groww_phase1_api.py:206: in test_postgres_test_endpoint_reports_not_configured
    assert data.get("ok") is False
E   AssertionError: assert True is False
E    +  where True = &lt;built-in method get of dict object at 0xfaa2689be000&gt;('ok')
E    +    where &lt;built-in method get of dict object at 0xfaa2689be000&gt; = {'detail': 'Connected — PostgreSQL 15.16 (Debian 15.16-0+deb12u1) on aarch64-unknown', 'ok': True}.get</failure></testcase><testcase classname="backend.tests.test_groww_phase1_api" name="test_redis_test_endpoint_reports_not_configured" time="0.107"><failure message="AssertionError: assert True is False&#10; +  where True = &lt;built-in method get of dict object at 0xfaa26883e1c0&gt;('ok')&#10; +    where &lt;built-in method get of dict object at 0xfaa26883e1c0&gt; = {'detail': 'Connected — redis 7.0.15', 'ok': True}.get">backend/tests/test_groww_phase1_api.py:219: in test_redis_test_endpoint_reports_not_configured
    assert data.get("ok") is False
E   AssertionError: assert True is False
E    +  where True = &lt;built-in method get of dict object at 0xfaa26883e1c0&gt;('ok')
E    +    where &lt;built-in method get of dict object at 0xfaa26883e1c0&gt; = {'detail': 'Connected — redis 7.0.15', 'ok': True}.get</failure></testcase><testcase classname="backend.tests.test_groww_phase1_api" name="test_user_profile_still_works" time="0.112" /><testcase classname="backend.tests.test_groww_phase1_api" name="test_scenarios_suggest_auth_gated" time="0.223" /><testcase classname="backend.tests.test_groww_phase1" name="test_slug_basic" time="0.000" /><testcase classname="backend.tests.test_groww_phase1" name="test_slug_strips_plan_and_parens" time="0.000" /><testcase classname="backend.tests.test_groww_phase1" name="test_parse_sample" time="0.005" /><testcase classname="backend.tests.test_groww_phase1" name="test_off_hours_weekend" time="0.000" /><testcase classname="backend.tests.test_groww_phase1" name="test_off_hours_weekday_market_open" time="0.000" /><testcase classname="backend.tests.test_groww_phase1" name="test_off_hours_weekday_after_close" time="0.000" /><testcase classname="backend.tests.test_groww_phase1" name="test_resolve_instrument_no_pg" time="0.001" /><testcase classname="backend.tests.test_groww_phase1" name="test_resolve_instrument_with_scheme_code_no_pg" time="0.000" /></testsuite></testsuites>