<?xml version="1.0" encoding="utf-8"?><testsuites name="pytest tests"><testsuite name="pytest" errors="0" failures="0" skipped="0" tests="100" time="0.876" timestamp="2026-04-23T05:44:47.731687+00:00" hostname="agent-env-e54b594b-a3ed-4608-8852-61e07233b647"><testcase classname="tests.test_portfolio_health" name="test_hhi_single_stock" time="0.001" /><testcase classname="tests.test_portfolio_health" name="test_hhi_equal_weights" time="0.000" /><testcase classname="tests.test_portfolio_health" name="test_concentration_reaches_100_with_ideal_N" time="0.000" /><testcase classname="tests.test_portfolio_health" name="test_concentration_heavy_top_heavy" time="0.000" /><testcase classname="tests.test_portfolio_health" name="test_concentration_empty_returns_zero" time="0.000" /><testcase classname="tests.test_portfolio_health" name="test_allocation_perfect_match_scores_100" time="0.000" /><testcase classname="tests.test_portfolio_health" name="test_allocation_20pp_drift_scores_60" time="0.000" /><testcase classname="tests.test_portfolio_health" name="test_overlap_zero_scores_100" time="0.000" /><testcase classname="tests.test_portfolio_health" name="test_overlap_full_scores_zero" time="0.000" /><testcase classname="tests.test_portfolio_health" name="test_overlap_handles_none" time="0.000" /><testcase classname="tests.test_portfolio_health" name="test_compute_diversification_happy_path" time="0.000" /><testcase classname="tests.test_portfolio_health" name="test_compute_diversification_drivers_fire" time="0.000" /><testcase classname="tests.test_portfolio_health" name="test_risk_equal_weights_mid_vol_score" time="0.000" /><testcase classname="tests.test_portfolio_health" name="test_risk_single_low_vol_high_score" time="0.000" /><testcase classname="tests.test_portfolio_health" name="test_risk_no_holdings" time="0.000" /><testcase classname="tests.test_portfolio_health" name="test_risk_heuristic_fallback_flags_low_confidence" time="0.000" /><testcase classname="tests.test_portfolio_health" name="test_cost_cheap_direct_plan" time="0.000" /><testcase classname="tests.test_portfolio_health" name="test_cost_expensive_regular_plan_triggers_drivers" time="0.000" /><testcase classname="tests.test_portfolio_health" name="test_performance_strong_returns" time="0.000" /><testcase classname="tests.test_portfolio_health" name="test_performance_underperforms_benchmark" time="0.000" /><testcase classname="tests.test_portfolio_health" name="test_performance_partial_inputs_flag_low_confidence" time="0.000" /><testcase classname="tests.test_portfolio_health" name="test_compute_portfolio_health_weights_are_30_25_20_25" time="0.000" /><testcase classname="tests.test_portfolio_health" name="test_compute_portfolio_health_worst_case" time="0.000" /><testcase classname="tests.test_portfolio_health" name="test_compute_portfolio_health_mid_case" time="0.000" /><testcase classname="tests.test_portfolio_health" name="test_compute_portfolio_health_aggregates_drivers" time="0.000" /><testcase classname="tests.test_portfolio_health" name="test_compute_portfolio_health_low_confidence_propagates" time="0.000" /><testcase classname="tests.test_portfolio_health" name="test_normalise_risk_profile[Moderate-moderate]" time="0.000" /><testcase classname="tests.test_portfolio_health" name="test_normalise_risk_profile[MEDIUM-moderate]" time="0.000" /><testcase classname="tests.test_portfolio_health" name="test_normalise_risk_profile[balanced-moderate]" time="0.000" /><testcase classname="tests.test_portfolio_health" name="test_normalise_risk_profile[aggressive-aggressive]" time="0.000" /><testcase classname="tests.test_portfolio_health" name="test_normalise_risk_profile[growth-aggressive]" time="0.000" /><testcase classname="tests.test_portfolio_health" name="test_normalise_risk_profile[conservative-conservative]" time="0.000" /><testcase classname="tests.test_portfolio_health" name="test_normalise_risk_profile[low-conservative]" time="0.000" /><testcase classname="tests.test_portfolio_health" name="test_normalise_risk_profile[None-moderate]" time="0.000" /><testcase classname="tests.test_portfolio_health" name="test_normalise_risk_profile[-moderate]" time="0.000" /><testcase classname="tests.test_portfolio_health" name="test_normalise_risk_profile[unknown-thing-moderate]" time="0.000" /><testcase classname="tests.test_portfolio_health" name="test_ideal_allocation_long_horizon_aggressive" time="0.000" /><testcase classname="tests.test_portfolio_health" name="test_ideal_allocation_short_horizon_caps_equity" time="0.000" /><testcase classname="tests.test_portfolio_health" name="test_classify_market_cap_large" time="0.000" /><testcase classname="tests.test_portfolio_health" name="test_classify_market_cap_mid" time="0.000" /><testcase classname="tests.test_portfolio_health" name="test_classify_market_cap_small" time="0.000" /><testcase classname="tests.test_portfolio_health" name="test_classify_market_cap_unknown" time="0.000" /><testcase classname="tests.test_portfolio_health" name="test_primitives_from_bucket_table" time="0.000" /><testcase classname="tests.test_portfolio_health" name="test_stock_weights_concentration_helper" time="0.000" /><testcase classname="tests.test_portfolio_health" name="test_stock_weights_skips_zero_value" time="0.000" /><testcase classname="tests.test_portfolio_health" name="test_health_result_to_dict_shape" time="0.000" /><testcase classname="tests.test_portfolio_health" name="test_score_to_grade[100-A+]" time="0.000" /><testcase classname="tests.test_portfolio_health" name="test_score_to_grade[92-A+]" time="0.000" /><testcase classname="tests.test_portfolio_health" name="test_score_to_grade[90-A+]" time="0.000" /><testcase classname="tests.test_portfolio_health" name="test_score_to_grade[89-A]" time="0.000" /><testcase classname="tests.test_portfolio_health" name="test_score_to_grade[85-A]" time="0.000" /><testcase classname="tests.test_portfolio_health" name="test_score_to_grade[80-A]" time="0.000" /><testcase classname="tests.test_portfolio_health" name="test_score_to_grade[79-B+]" time="0.000" /><testcase classname="tests.test_portfolio_health" name="test_score_to_grade[70-B+]" time="0.000" /><testcase classname="tests.test_portfolio_health" name="test_score_to_grade[69-B]" time="0.000" /><testcase classname="tests.test_portfolio_health" name="test_score_to_grade[60-B]" time="0.000" /><testcase classname="tests.test_portfolio_health" name="test_score_to_grade[59-C]" time="0.000" /><testcase classname="tests.test_portfolio_health" name="test_score_to_grade[50-C]" time="0.000" /><testcase classname="tests.test_portfolio_health" name="test_score_to_grade[49-D]" time="0.000" /><testcase classname="tests.test_portfolio_health" name="test_score_to_grade[40-D]" time="0.000" /><testcase classname="tests.test_portfolio_health" name="test_score_to_grade[39-F]" time="0.000" /><testcase classname="tests.test_portfolio_health" name="test_score_to_grade[0-F]" time="0.000" /><testcase classname="tests.test_portfolio_health" name="test_score_to_grade_none" time="0.000" /><testcase classname="tests.test_portfolio_health" name="test_health_result_exposes_grade" time="0.000" /><testcase classname="tests.test_portfolio_health" name="test_stock_cost_proxy_applied" time="0.000" /><testcase classname="tests.test_portfolio_health" name="test_stock_cost_blends_with_mf_expense" time="0.000" /><testcase classname="tests.test_portfolio_health" name="test_cap_benchmark_table_values" time="0.000" /><testcase classname="tests.test_stock_scoring" name="test_norm_roe[None-50.0]" time="0.000" /><testcase classname="tests.test_stock_scoring" name="test_norm_roe[5-0]" time="0.000" /><testcase classname="tests.test_stock_scoring" name="test_norm_roe[10-0]" time="0.000" /><testcase classname="tests.test_stock_scoring" name="test_norm_roe[22-100]" time="0.000" /><testcase classname="tests.test_stock_scoring" name="test_norm_roe[30-100]" time="0.000" /><testcase classname="tests.test_stock_scoring" name="test_norm_roe[16-expected5]" time="0.000" /><testcase classname="tests.test_stock_scoring" name="test_norm_debt_to_equity_lower_better" time="0.000" /><testcase classname="tests.test_stock_scoring" name="test_norm_eps_growth" time="0.000" /><testcase classname="tests.test_stock_scoring" name="test_norm_promoter_holding" time="0.000" /><testcase classname="tests.test_stock_scoring" name="test_norm_market_cap_stability" time="0.000" /><testcase classname="tests.test_stock_scoring" name="test_norm_volatility_lower_better" time="0.000" /><testcase classname="tests.test_stock_scoring" name="test_norm_dividend_yield_not_penalising_growth" time="0.000" /><testcase classname="tests.test_stock_scoring" name="test_norm_earnings_decline_flag" time="0.000" /><testcase classname="tests.test_stock_scoring" name="test_norm_debt_spike_flag" time="0.000" /><testcase classname="tests.test_stock_scoring" name="test_norm_low_overlap" time="0.000" /><testcase classname="tests.test_stock_scoring" name="test_norm_relative_valuation" time="0.000" /><testcase classname="tests.test_stock_scoring" name="test_compute_quality_score_strong_stock" time="0.000" /><testcase classname="tests.test_stock_scoring" name="test_compute_quality_score_weak_stock" time="0.000" /><testcase classname="tests.test_stock_scoring" name="test_compute_health_score_declining" time="0.000" /><testcase classname="tests.test_stock_scoring" name="test_compute_exit_score_danger_zone" time="0.000" /><testcase classname="tests.test_stock_scoring" name="test_compute_add_score_portfolio_gap" time="0.000" /><testcase classname="tests.test_stock_scoring" name="test_score_stock_returns_all_four_scores" time="0.000" /><testcase classname="tests.test_stock_scoring" name="test_derive_recommendation_exit" time="0.000" /><testcase classname="tests.test_stock_scoring" name="test_derive_recommendation_trim" time="0.000" /><testcase classname="tests.test_stock_scoring" name="test_derive_recommendation_buy" time="0.000" /><testcase classname="tests.test_stock_scoring" name="test_derive_recommendation_hold" time="0.000" /><testcase classname="tests.test_stock_scoring" name="test_derive_recommendation_review" time="0.000" /><testcase classname="tests.test_stock_scoring" name="test_derive_recommendation_missing_data" time="0.000" /><testcase classname="tests.test_stock_scoring" name="test_default_weights_quality_sums_to_100" time="0.000" /><testcase classname="tests.test_stock_scoring" name="test_default_weights_exit_sums_to_100" time="0.000" /><testcase classname="tests.test_stock_scoring" name="test_default_weights_add_sums_to_100" time="0.000" /><testcase classname="tests.test_stock_scoring" name="test_set_and_get_weights_roundtrip" time="0.000" /><testcase classname="tests.test_stock_scoring" name="test_no_overlap_with_mf_weights" time="0.001" /></testsuite></testsuites>