<?xml version="1.0" encoding="utf-8"?><testsuites name="pytest tests"><testsuite name="pytest" errors="0" failures="0" skipped="0" tests="20" time="22.354" timestamp="2026-04-14T17:54:39.036347+00:00" hostname="agent-env-cfc740d1-5bde-44b6-b00d-ceaa4246504f"><testcase classname="backend.tests.test_bug_fixes_iteration9.TestHealthAndAuth" name="test_api_root" time="0.269" /><testcase classname="backend.tests.test_bug_fixes_iteration9.TestHealthAndAuth" name="test_auth_with_session_token" time="0.147" /><testcase classname="backend.tests.test_bug_fixes_iteration9.TestDayChangeHashBased" name="test_day_change_not_static" time="2.233" /><testcase classname="backend.tests.test_bug_fixes_iteration9.TestDayChangeHashBased" name="test_day_change_hash_logic" time="0.000" /><testcase classname="backend.tests.test_bug_fixes_iteration9.TestFundPerformanceCaching" name="test_fund_performance_returns_data" time="7.762" /><testcase classname="backend.tests.test_bug_fixes_iteration9.TestFundPerformanceCaching" name="test_fund_performance_force_refresh" time="7.831" /><testcase classname="backend.tests.test_bug_fixes_iteration9.TestChatMultiTurnMemory" name="test_chat_send_returns_response" time="1.970" /><testcase classname="backend.tests.test_bug_fixes_iteration9.TestChatMultiTurnMemory" name="test_chat_messages_retrieval" time="0.151" /><testcase classname="backend.tests.test_bug_fixes_iteration9.TestPortfolioAnalytics" name="test_analytics_structure" time="0.218" /><testcase classname="backend.tests.test_bug_fixes_iteration9.TestPortfolioAnalytics" name="test_performance_trend_has_30_days" time="0.258" /><testcase classname="backend.tests.test_bug_fixes_iteration9.TestDeepAnalytics" name="test_deep_analytics_structure" time="0.148" /><testcase classname="backend.tests.test_bug_fixes_iteration9.TestInsightsEndpoints" name="test_insights_list" time="0.110" /><testcase classname="backend.tests.test_bug_fixes_iteration9.TestInsightsEndpoints" name="test_insights_analysis" time="0.139" /><testcase classname="backend.tests.test_bug_fixes_iteration9.TestHoldingsEndpoints" name="test_get_holdings" time="0.117" /><testcase classname="backend.tests.test_bug_fixes_iteration9.TestHoldingsEndpoints" name="test_holdings_filter_by_asset_type" time="0.111" /><testcase classname="backend.tests.test_bug_fixes_iteration9.TestUploadEndpoints" name="test_upload_status_not_found" time="0.160" /><testcase classname="backend.tests.test_bug_fixes_iteration9.TestUploadEndpoints" name="test_upload_latest_task" time="0.125" /><testcase classname="backend.tests.test_bug_fixes_iteration9.TestPortfolioManagement" name="test_list_portfolios" time="0.147" /><testcase classname="backend.tests.test_bug_fixes_iteration9.TestInstrumentSearch" name="test_search_instruments" time="0.127" /><testcase classname="backend.tests.test_bug_fixes_iteration9.TestInstrumentSearch" name="test_search_instruments_short_query" time="0.104" /></testsuite></testsuites>