<?xml version="1.0" encoding="utf-8"?><testsuites name="pytest tests"><testsuite name="pytest" errors="0" failures="0" skipped="0" tests="17" time="11.072" timestamp="2026-04-17T15:37:56.256397+00:00" hostname="agent-env-df1d5dc7-12e5-46b0-8fa8-e69ef55b74ad"><testcase classname="backend.tests.test_phase1_streaming.TestHealthAndAuth" name="test_api_root" time="0.171" /><testcase classname="backend.tests.test_phase1_streaming.TestHealthAndAuth" name="test_auth_me_with_valid_session" time="0.173" /><testcase classname="backend.tests.test_phase1_streaming.TestHealthAndAuth" name="test_auth_me_without_session" time="0.117" /><testcase classname="backend.tests.test_phase1_streaming.TestChatStreamingEndpoint" name="test_stream_returns_sse_format" time="0.909" /><testcase classname="backend.tests.test_phase1_streaming.TestChatStreamingEndpoint" name="test_stream_requires_message" time="0.111" /><testcase classname="backend.tests.test_phase1_streaming.TestChatStreamingEndpoint" name="test_stream_requires_auth" time="0.109" /><testcase classname="backend.tests.test_phase1_streaming.TestChatBatchEndpoint" name="test_batch_chat_returns_messages" time="1.281" /><testcase classname="backend.tests.test_phase1_streaming.TestChatBatchEndpoint" name="test_batch_chat_requires_auth" time="0.419" /><testcase classname="backend.tests.test_phase1_streaming.TestChatSessions" name="test_list_sessions" time="0.155" /><testcase classname="backend.tests.test_phase1_streaming.TestChatSessions" name="test_get_messages" time="0.131" /><testcase classname="backend.tests.test_phase1_streaming.TestPortfolioEndpoints" name="test_get_holdings" time="0.131" /><testcase classname="backend.tests.test_phase1_streaming.TestPortfolioEndpoints" name="test_get_analytics" time="4.304" /><testcase classname="backend.tests.test_phase1_streaming.TestPortfolioEndpoints" name="test_holdings_requires_auth" time="0.148" /><testcase classname="backend.tests.test_phase1_streaming.TestPortfolioEndpoints" name="test_analytics_requires_auth" time="2.431" /><testcase classname="backend.tests.test_phase1_streaming.TestInsightsEndpoints" name="test_get_insights" time="0.121" /><testcase classname="backend.tests.test_phase1_streaming.TestInsightsEndpoints" name="test_insights_requires_auth" time="0.130" /><testcase classname="backend.tests.test_phase1_streaming.TestUserProfile" name="test_get_profile" time="0.129" /></testsuite></testsuites>