<?xml version="1.0" encoding="utf-8"?><testsuites name="pytest tests"><testsuite name="pytest" errors="0" failures="0" skipped="0" tests="17" time="2.418" timestamp="2026-04-16T13:51:57.615599+00:00" hostname="agent-env-65fd6c59-68c5-419d-b1cb-94bfb6d6c9ce"><testcase classname="backend.tests.test_onboarding_flow.TestUserProfile" name="test_get_profile_returns_initial_state" time="0.362" /><testcase classname="backend.tests.test_onboarding_flow.TestJourneySelection" name="test_set_journey_new_investor" time="0.051" /><testcase classname="backend.tests.test_onboarding_flow.TestJourneySelection" name="test_set_journey_existing_investor" time="0.056" /><testcase classname="backend.tests.test_onboarding_flow.TestJourneySelection" name="test_set_journey_invalid_type" time="0.052" /><testcase classname="backend.tests.test_onboarding_flow.TestJourneySelection" name="test_journey_persists_in_profile" time="0.100" /><testcase classname="backend.tests.test_onboarding_flow.TestQuickSetup" name="test_quick_setup_valid_input" time="0.055" /><testcase classname="backend.tests.test_onboarding_flow.TestQuickSetup" name="test_quick_setup_without_monthly_investment" time="0.058" /><testcase classname="backend.tests.test_onboarding_flow.TestQuickSetup" name="test_quick_setup_all_goals" time="0.322" /><testcase classname="backend.tests.test_onboarding_flow.TestQuickSetup" name="test_quick_setup_all_risk_appetites" time="0.156" /><testcase classname="backend.tests.test_onboarding_flow.TestQuickSetup" name="test_quick_setup_all_horizons" time="0.231" /><testcase classname="backend.tests.test_onboarding_flow.TestQuickSetup" name="test_quick_setup_age_validation" time="0.205" /><testcase classname="backend.tests.test_onboarding_flow.TestQuickSetup" name="test_quick_setup_invalid_goal" time="0.051" /><testcase classname="backend.tests.test_onboarding_flow.TestQuickSetup" name="test_quick_setup_persists_in_profile" time="0.097" /><testcase classname="backend.tests.test_onboarding_flow.TestCompleteOnboarding" name="test_complete_onboarding" time="0.053" /><testcase classname="backend.tests.test_onboarding_flow.TestCompleteOnboarding" name="test_onboarding_completed_persists" time="0.094" /><testcase classname="backend.tests.test_onboarding_flow.TestFullNewInvestorFlow" name="test_complete_new_investor_flow" time="0.221" /><testcase classname="backend.tests.test_onboarding_flow.TestFullExistingInvestorFlow" name="test_complete_existing_investor_flow" time="0.156" /></testsuite></testsuites>