<?xml version="1.0" encoding="utf-8"?><testsuites name="pytest tests"><testsuite name="pytest" errors="0" failures="0" skipped="0" tests="12" time="5.340" timestamp="2026-04-16T08:59:34.281481+00:00" hostname="agent-env-5ea2915d-ae6e-494a-a504-653beaf407e6"><testcase classname="backend.tests.test_iteration13.TestLivePricesAPI" name="test_refresh_prices_endpoint_exists" time="1.655" /><testcase classname="backend.tests.test_iteration13.TestLivePricesAPI" name="test_analytics_returns_live_price_stats" time="2.125" /><testcase classname="backend.tests.test_iteration13.TestRecommendationsWithAmounts" name="test_recommendations_have_amount_fields" time="0.129" /><testcase classname="backend.tests.test_iteration13.TestSimulateEndpoint" name="test_simulate_endpoint_exists" time="0.141" /><testcase classname="backend.tests.test_iteration13.TestSimulateEndpoint" name="test_simulate_actions_have_details" time="0.107" /><testcase classname="backend.tests.test_iteration13.TestRiskAnalysisWithActionPlan" name="test_risk_analysis_has_risk_factors" time="0.137" /><testcase classname="backend.tests.test_iteration13.TestRiskAnalysisWithActionPlan" name="test_risk_factors_have_action_plan" time="0.142" /><testcase classname="backend.tests.test_iteration13.TestHoldingsLivePrices" name="test_equity_holdings_have_live_prices" time="0.246" /><testcase classname="backend.tests.test_iteration13.TestAnalyticsDataQuality" name="test_analytics_has_all_required_fields" time="0.128" /><testcase classname="backend.tests.test_iteration13.TestAnalyticsDataQuality" name="test_top_gainers_have_asset_type" time="0.173" /><testcase classname="backend.tests.test_iteration13.TestFundPerformanceEndpoint" name="test_fund_performance_endpoint_exists" time="0.120" /><testcase classname="backend.tests.test_iteration13.TestHealthScore" name="test_health_score_has_breakdown" time="0.147" /></testsuite></testsuites>