<?xml version="1.0" encoding="utf-8"?><testsuites name="pytest tests"><testsuite name="pytest" errors="0" failures="0" skipped="0" tests="18" time="5.669" timestamp="2026-04-17T13:30:47.354383+00:00" hostname="agent-env-eb7a1e2a-963f-4495-8479-8a4af5dbeee9"><testcase classname="tests.test_cas_connect_iteration17.TestBackendAPIs" name="test_health_check" time="0.184" /><testcase classname="tests.test_cas_connect_iteration17.TestBackendAPIs" name="test_auth_me_with_session" time="0.116" /><testcase classname="tests.test_cas_connect_iteration17.TestBackendAPIs" name="test_casparser_access_token_endpoint_exists" time="0.982" /><testcase classname="tests.test_cas_connect_iteration17.TestBackendAPIs" name="test_portfolio_import_connect_endpoint_exists" time="0.105" /><testcase classname="tests.test_cas_connect_iteration17.TestBackendAPIs" name="test_portfolio_holdings_endpoint" time="0.120" /><testcase classname="tests.test_cas_connect_iteration17.TestBackendAPIs" name="test_portfolio_analytics_endpoint" time="3.251" /><testcase classname="tests.test_cas_connect_iteration17.TestBackendAPIs" name="test_user_profile_endpoint" time="0.109" /><testcase classname="tests.test_cas_connect_iteration17.TestMasterdataEnrichment" name="test_validate_and_enrich_holdings_preserves_quantity_with_cost_data" time="0.147" /><testcase classname="tests.test_cas_connect_iteration17.TestMasterdataEnrichment" name="test_validate_and_enrich_holdings_updates_nav" time="0.073" /><testcase classname="tests.test_cas_connect_iteration17.TestFrontendRoutes" name="test_landing_page_loads" time="0.122" /><testcase classname="tests.test_cas_connect_iteration17.TestFrontendRoutes" name="test_dashboard_page_loads" time="0.116" /><testcase classname="tests.test_cas_connect_iteration17.TestFrontendRoutes" name="test_cas_callback_page_loads" time="0.122" /><testcase classname="tests.test_cas_connect_iteration17.TestFrontendRoutes" name="test_cas_callback_without_params_shows_invalid" time="0.120" /><testcase classname="tests.test_cas_connect_iteration17.TestCasConnectConfiguration" name="test_cas_connect_button_config_in_frontend" time="0.000" /><testcase classname="tests.test_cas_connect_iteration17.TestCasConnectConfiguration" name="test_cas_callback_page_exists_in_frontend" time="0.000" /><testcase classname="tests.test_cas_connect_iteration17.TestCasConnectConfiguration" name="test_app_routes_include_cas_callback" time="0.000" /><testcase classname="tests.test_cas_connect_iteration17.TestLegacyUploadRemoval" name="test_onboarding_view_no_legacy_upload" time="0.000" /><testcase classname="tests.test_cas_connect_iteration17.TestLegacyUploadRemoval" name="test_portfolio_view_no_legacy_import" time="0.000" /></testsuite></testsuites>