<?xml version="1.0" encoding="utf-8"?><testsuites name="pytest tests"><testsuite name="pytest" errors="0" failures="0" skipped="0" tests="13" time="8.276" timestamp="2026-04-17T16:15:06.180163+00:00" hostname="agent-env-df1d5dc7-12e5-46b0-8fa8-e69ef55b74ad"><testcase classname="backend.tests.test_phase2_explainability.TestInsightsAnalysisAPI" name="test_analysis_returns_risk_gauge" time="0.289" /><testcase classname="backend.tests.test_phase2_explainability.TestInsightsAnalysisAPI" name="test_analysis_returns_problem_distribution" time="0.145" /><testcase classname="backend.tests.test_phase2_explainability.TestInsightsAnalysisAPI" name="test_analysis_returns_insights" time="0.140" /><testcase classname="backend.tests.test_phase2_explainability.TestInsightsAnalysisAPI" name="test_analysis_returns_before_after" time="0.114" /><testcase classname="backend.tests.test_phase2_explainability.TestInsightsAnalysisAPI" name="test_analysis_returns_do_nothing_scenario" time="0.113" /><testcase classname="backend.tests.test_phase2_explainability.TestDeepAnalyticsAPI" name="test_deep_analytics_returns_performance_cards" time="1.915" /><testcase classname="backend.tests.test_phase2_explainability.TestDeepAnalyticsAPI" name="test_deep_analytics_returns_overexposure" time="0.138" /><testcase classname="backend.tests.test_phase2_explainability.TestChatStreamingAPI" name="test_chat_stream_returns_sse_events" time="1.258" /><testcase classname="backend.tests.test_phase2_explainability.TestChatStreamingAPI" name="test_chat_send_returns_messages" time="1.533" /><testcase classname="backend.tests.test_phase2_explainability.TestAuthAPI" name="test_auth_me_returns_user" time="0.133" /><testcase classname="backend.tests.test_phase2_explainability.TestAuthAPI" name="test_auth_me_returns_401_without_session" time="0.124" /><testcase classname="backend.tests.test_phase2_explainability.TestPortfolioAPI" name="test_holdings_returns_data" time="0.108" /><testcase classname="backend.tests.test_phase2_explainability.TestPortfolioAPI" name="test_analytics_returns_data" time="2.171" /></testsuite></testsuites>