<?xml version="1.0" encoding="utf-8"?><testsuites name="pytest tests"><testsuite name="pytest" errors="0" failures="0" skipped="0" tests="14" time="6.288" timestamp="2026-04-17T17:51:18.766667+00:00" hostname="agent-env-df1d5dc7-12e5-46b0-8fa8-e69ef55b74ad"><testcase classname="backend.tests.test_iteration24_allocation_analysis.TestAllocationAnalysisEndpoint" name="test_allocation_analysis_returns_expected_fields" time="0.204" /><testcase classname="backend.tests.test_iteration24_allocation_analysis.TestAllocationAnalysisEndpoint" name="test_company_allocation_structure" time="0.113" /><testcase classname="backend.tests.test_iteration24_allocation_analysis.TestAllocationAnalysisEndpoint" name="test_sector_allocation_structure" time="0.170" /><testcase classname="backend.tests.test_iteration24_allocation_analysis.TestAllocationAnalysisEndpoint" name="test_top_10_companies_structure" time="0.116" /><testcase classname="backend.tests.test_iteration24_allocation_analysis.TestAllocationAnalysisEndpoint" name="test_top_5_sectors_structure" time="0.124" /><testcase classname="backend.tests.test_iteration24_allocation_analysis.TestAllocationAnalysisEndpoint" name="test_concentration_flags_structure" time="0.110" /><testcase classname="backend.tests.test_iteration24_allocation_analysis.TestAllocationAnalysisEndpoint" name="test_data_quality_field" time="0.141" /><testcase classname="backend.tests.test_iteration24_allocation_analysis.TestAllocationAnalysisEndpoint" name="test_caching_works" time="0.221" /><testcase classname="backend.tests.test_iteration24_allocation_analysis.TestAllocationAnalysisEndpoint" name="test_hdfc_bank_concentration_flagged" time="0.122" /><testcase classname="backend.tests.test_iteration24_allocation_analysis.TestNoRegressionExistingEndpoints" name="test_auth_me_works" time="0.130" /><testcase classname="backend.tests.test_iteration24_allocation_analysis.TestNoRegressionExistingEndpoints" name="test_portfolio_holdings_works" time="0.156" /><testcase classname="backend.tests.test_iteration24_allocation_analysis.TestNoRegressionExistingEndpoints" name="test_portfolio_analytics_works" time="4.440" /><testcase classname="backend.tests.test_iteration24_allocation_analysis.TestNoRegressionExistingEndpoints" name="test_deep_analytics_works" time="0.143" /><testcase classname="backend.tests.test_iteration24_allocation_analysis.TestSecurityNoPII" name="test_projection_excludes_pii_fields" time="0.000" /></testsuite></testsuites>