<?xml version="1.0" encoding="utf-8"?><testsuites name="pytest tests"><testsuite name="pytest" errors="0" failures="0" skipped="0" tests="16" time="153.909" timestamp="2026-04-14T15:05:11.088374+00:00" hostname="agent-env-cfc740d1-5bde-44b6-b00d-ceaa4246504f"><testcase classname="tests.test_fund_performance.TestFundPerformanceEndpoint" name="test_fund_performance_endpoint_returns_200" time="8.156" /><testcase classname="tests.test_fund_performance.TestFundPerformanceEndpoint" name="test_fund_performance_response_structure" time="7.773" /><testcase classname="tests.test_fund_performance.TestFundPerformanceEndpoint" name="test_fund_ratings_structure" time="48.190" /><testcase classname="tests.test_fund_performance.TestFundPerformanceEndpoint" name="test_performance_distribution_structure" time="8.050" /><testcase classname="tests.test_fund_performance.TestFundPerformanceEndpoint" name="test_top_performers_structure" time="19.191" /><testcase classname="tests.test_fund_performance.TestFundPerformanceEndpoint" name="test_bottom_performers_structure" time="7.902" /><testcase classname="tests.test_fund_performance.TestFundPerformanceEndpoint" name="test_category_overlap_structure" time="7.796" /><testcase classname="tests.test_fund_performance.TestFundPerformanceEndpoint" name="test_summary_structure" time="21.872" /><testcase classname="tests.test_fund_performance.TestFundPerformanceEndpoint" name="test_rating_logic_overperforming" time="7.867" /><testcase classname="tests.test_fund_performance.TestFundPerformanceEndpoint" name="test_rating_logic_underperforming" time="7.996" /><testcase classname="tests.test_fund_performance.TestFundPerformanceEndpoint" name="test_alpha_calculation" time="7.792" /><testcase classname="tests.test_fund_performance.TestFundPerformanceEndpoint" name="test_unauthorized_access" time="0.144" /><testcase classname="tests.test_fund_performance.TestPreviousFeaturesStillWork" name="test_deep_analytics_still_works" time="0.164" /><testcase classname="tests.test_fund_performance.TestPreviousFeaturesStillWork" name="test_analytics_still_works" time="0.247" /><testcase classname="tests.test_fund_performance.TestPreviousFeaturesStillWork" name="test_insights_generate_still_works" time="0.479" /><testcase classname="tests.test_fund_performance.TestPreviousFeaturesStillWork" name="test_holdings_still_works" time="0.155" /></testsuite></testsuites>