<?xml version="1.0" encoding="utf-8"?><testsuites name="pytest tests"><testsuite name="pytest" errors="0" failures="0" skipped="0" tests="11" time="5.481" timestamp="2026-04-17T17:08:40.404502+00:00" hostname="agent-env-df1d5dc7-12e5-46b0-8fa8-e69ef55b74ad"><testcase classname="backend.tests.test_iteration22_visualization.TestAuthAndBasicAPIs" name="test_auth_me" time="0.151" /><testcase classname="backend.tests.test_iteration22_visualization.TestAuthAndBasicAPIs" name="test_portfolio_holdings" time="0.162" /><testcase classname="backend.tests.test_iteration22_visualization.TestDeepAnalyticsAPI" name="test_deep_analytics_returns_overexposure" time="2.181" /><testcase classname="backend.tests.test_iteration22_visualization.TestDeepAnalyticsAPI" name="test_hdfc_is_top_fund_house" time="0.133" /><testcase classname="backend.tests.test_iteration22_visualization.TestDeepAnalyticsAPI" name="test_sector_data_exists" time="0.136" /><testcase classname="backend.tests.test_iteration22_visualization.TestFundPerformanceAPI" name="test_fund_performance_returns_ratings" time="0.121" /><testcase classname="backend.tests.test_iteration22_visualization.TestFundPerformanceAPI" name="test_fund_ratings_have_pnl_fields" time="0.109" /><testcase classname="backend.tests.test_iteration22_visualization.TestFundPerformanceAPI" name="test_category_overlap_data" time="0.139" /><testcase classname="backend.tests.test_iteration22_visualization.TestFundPerformanceAPI" name="test_performance_distribution" time="0.211" /><testcase classname="backend.tests.test_iteration22_visualization.TestInsightsAPI" name="test_insights_analysis" time="0.136" /><testcase classname="backend.tests.test_iteration22_visualization.TestPortfolioAnalyticsAPI" name="test_portfolio_analytics" time="1.901" /></testsuite></testsuites>