<?xml version="1.0" encoding="utf-8"?><testsuites name="pytest tests"><testsuite name="pytest" errors="0" failures="0" skipped="0" tests="15" time="4.889" timestamp="2026-04-16T07:18:17.640343+00:00" hostname="agent-env-231362b2-294b-4536-bb7d-38d166eaa770"><testcase classname="backend.tests.test_bug_fixes_iteration11.TestAnalyticsDataFlags" name="test_analytics_returns_data_flags" time="2.353" /><testcase classname="backend.tests.test_bug_fixes_iteration11.TestAnalyticsDataFlags" name="test_analytics_explanations_content" time="0.168" /><testcase classname="backend.tests.test_bug_fixes_iteration11.TestSectorExposureEquityOnly" name="test_sector_exposure_equity_only_flag" time="0.159" /><testcase classname="backend.tests.test_bug_fixes_iteration11.TestSectorExposureEquityOnly" name="test_sector_exposure_explanation" time="0.189" /><testcase classname="backend.tests.test_bug_fixes_iteration11.TestRiskAnalysisWithHoldings" name="test_risk_analysis_structure" time="0.187" /><testcase classname="backend.tests.test_bug_fixes_iteration11.TestRiskAnalysisWithHoldings" name="test_risk_factors_have_holdings" time="0.203" /><testcase classname="backend.tests.test_bug_fixes_iteration11.TestGmailStatusWithLastImport" name="test_gmail_status_structure" time="0.237" /><testcase classname="backend.tests.test_bug_fixes_iteration11.TestGmailStatusWithLastImport" name="test_gmail_status_requires_auth" time="0.136" /><testcase classname="backend.tests.test_bug_fixes_iteration11.TestGmailHistory" name="test_gmail_history_endpoint" time="0.143" /><testcase classname="backend.tests.test_bug_fixes_iteration11.TestGmailHistory" name="test_gmail_history_requires_auth" time="0.179" /><testcase classname="backend.tests.test_bug_fixes_iteration11.TestUploadHistory" name="test_upload_history_endpoint" time="0.143" /><testcase classname="backend.tests.test_bug_fixes_iteration11.TestUploadHistory" name="test_upload_history_requires_auth" time="0.171" /><testcase classname="backend.tests.test_bug_fixes_iteration11.TestUploadHistory" name="test_upload_history_fields" time="0.133" /><testcase classname="backend.tests.test_bug_fixes_iteration11.TestHealthScoreExplanations" name="test_health_score_present" time="0.201" /><testcase classname="backend.tests.test_bug_fixes_iteration11.TestMissingCMPExplanation" name="test_missing_cmp_explanation" time="0.186" /></testsuite></testsuites>