<?xml version="1.0" encoding="utf-8"?><testsuites name="pytest tests"><testsuite name="pytest" errors="0" failures="1" skipped="0" tests="18" time="27.035" timestamp="2026-04-16T10:12:42.210932+00:00" hostname="agent-env-1905ced9-fdd7-40a4-9ff7-67e6c86ce8bb"><testcase classname="tests.test_iteration15.TestUserProfile" name="test_get_user_profile" time="0.188" /><testcase classname="tests.test_iteration15.TestUserProfile" name="test_set_journey_existing_investor" time="0.126" /><testcase classname="tests.test_iteration15.TestUserProfile" name="test_set_journey_new_investor" time="0.134" /><testcase classname="tests.test_iteration15.TestUserProfile" name="test_submit_risk_profile" time="0.117" /><testcase classname="tests.test_iteration15.TestUserProfile" name="test_get_risk_profile" time="0.106" /><testcase classname="tests.test_iteration15.TestChatSessions" name="test_list_chat_sessions" time="0.153" /><testcase classname="tests.test_iteration15.TestChatSessions" name="test_create_chat_session" time="0.098" /><testcase classname="tests.test_iteration15.TestChatSessions" name="test_verify_session_in_list" time="0.149" /><testcase classname="tests.test_iteration15.TestChatSessions" name="test_delete_chat_session" time="0.119" /><testcase classname="tests.test_iteration15.TestChatSessions" name="test_verify_session_deleted" time="0.115" /><testcase classname="tests.test_iteration15.TestChatMessages" name="test_create_session_for_messages" time="0.107" /><testcase classname="tests.test_iteration15.TestChatMessages" name="test_send_message_with_session" time="14.532" /><testcase classname="tests.test_iteration15.TestChatMessages" name="test_get_messages_for_session" time="0.139" /><testcase classname="tests.test_iteration15.TestChatMessages" name="test_session_title_updated" time="0.150" /><testcase classname="tests.test_iteration15.TestChatMessages" name="test_cleanup_test_session" time="0.105" /><testcase classname="tests.test_iteration15.TestChatMarkdown" name="test_ai_response_contains_markdown" time="10.338" /><testcase classname="tests.test_iteration15.TestHealthAndAuth" name="test_health_endpoint" time="0.131"><failure message="AssertionError: Health check failed: 404&#10;assert 404 == 200&#10; +  where 404 = &lt;Response [404]&gt;.status_code">tests/test_iteration15.py:308: in test_health_endpoint
    assert response.status_code == 200, f"Health check failed: {response.status_code}"
E   AssertionError: Health check failed: 404
E   assert 404 == 200
E    +  where 404 = &lt;Response [404]&gt;.status_code</failure></testcase><testcase classname="tests.test_iteration15.TestHealthAndAuth" name="test_auth_me_with_token" time="0.099" /></testsuite></testsuites>