<?xml version="1.0" encoding="utf-8"?><testsuites name="pytest tests"><testsuite name="pytest" errors="0" failures="0" skipped="0" tests="10" time="5.032" timestamp="2026-04-16T09:40:54.389570+00:00" hostname="agent-env-5ea2915d-ae6e-494a-a504-653beaf407e6"><testcase classname="backend.tests.test_iteration14.TestIssue2HeatmapPercentages" name="test_analytics_heatmap_data_has_return_pct" time="3.597" /><testcase classname="backend.tests.test_iteration14.TestIssue2HeatmapPercentages" name="test_heatmap_return_pct_values_are_reasonable" time="0.170" /><testcase classname="backend.tests.test_iteration14.TestIssue3AIInsightsDescriptions" name="test_insights_have_description" time="0.134" /><testcase classname="backend.tests.test_iteration14.TestIssue3AIInsightsDescriptions" name="test_insights_description_not_placeholder" time="0.120" /><testcase classname="backend.tests.test_iteration14.TestIssue4SGBPrices" name="test_sgb_holdings_have_buy_price" time="0.140" /><testcase classname="backend.tests.test_iteration14.TestIssue4SGBPrices" name="test_sgb_returns_are_positive" time="0.173" /><testcase classname="backend.tests.test_iteration14.TestIssue4SGBPrices" name="test_analytics_sgb_in_heatmap" time="0.155" /><testcase classname="backend.tests.test_iteration14.TestExistingFeatures" name="test_live_prices_badge" time="0.155" /><testcase classname="backend.tests.test_iteration14.TestExistingFeatures" name="test_recommendations_have_amounts" time="0.157" /><testcase classname="backend.tests.test_iteration14.TestExistingFeatures" name="test_risk_factors_have_action_plan" time="0.156" /></testsuite></testsuites>