<?xml version="1.0" encoding="utf-8"?><testsuites name="pytest tests"><testsuite name="pytest" errors="0" failures="0" skipped="0" tests="7" time="3.969" timestamp="2026-04-16T07:28:02.669304+00:00" hostname="agent-env-231362b2-294b-4536-bb7d-38d166eaa770"><testcase classname="tests.test_iteration12.TestAnalyticsTopGainersLosers" name="test_analytics_returns_top_gainers_with_asset_type" time="2.377" /><testcase classname="tests.test_iteration12.TestAnalyticsTopGainersLosers" name="test_analytics_returns_top_losers_with_asset_type" time="0.161" /><testcase classname="tests.test_iteration12.TestAnalyticsTopGainersLosers" name="test_analytics_returns_up_to_10_gainers" time="0.297" /><testcase classname="tests.test_iteration12.TestAnalyticsTopGainersLosers" name="test_analytics_returns_up_to_10_losers" time="0.297" /><testcase classname="tests.test_iteration12.TestCASParserPrompt" name="test_cas_parser_prompt_has_sgb_rule" time="0.304" /><testcase classname="tests.test_iteration12.TestAnalyticsDataStructure" name="test_analytics_has_required_fields" time="0.296" /><testcase classname="tests.test_iteration12.TestAnalyticsDataStructure" name="test_top_gainers_sorted_by_pct_change_desc" time="0.166" /></testsuite></testsuites>