<?xml version="1.0" encoding="utf-8"?><testsuites name="pytest tests"><testsuite name="pytest" errors="0" failures="0" skipped="0" tests="21" time="2.581" timestamp="2026-04-17T14:46:34.541061+00:00" hostname="agent-env-df1d5dc7-12e5-46b0-8fa8-e69ef55b74ad"><testcase classname="backend.tests.test_refactoring_iteration18.TestRootEndpoint" name="test_root_endpoint_returns_message" time="0.176" /><testcase classname="backend.tests.test_refactoring_iteration18.TestAuthRoutes" name="test_google_client_id_endpoint" time="0.132" /><testcase classname="backend.tests.test_refactoring_iteration18.TestAuthRoutes" name="test_auth_me_with_valid_session" time="0.121" /><testcase classname="backend.tests.test_refactoring_iteration18.TestAuthRoutes" name="test_auth_me_without_session" time="0.112" /><testcase classname="backend.tests.test_refactoring_iteration18.TestAuthRoutes" name="test_auth_me_with_invalid_session" time="0.119" /><testcase classname="backend.tests.test_refactoring_iteration18.TestAuthRoutes" name="test_auth_me_with_bearer_token" time="0.105" /><testcase classname="backend.tests.test_refactoring_iteration18.TestAdminRoutes" name="test_admin_stats_with_admin_session" time="0.115" /><testcase classname="backend.tests.test_refactoring_iteration18.TestAdminRoutes" name="test_admin_whitelist_with_admin_session" time="0.128" /><testcase classname="backend.tests.test_refactoring_iteration18.TestAdminRoutes" name="test_admin_stats_without_auth" time="0.133" /><testcase classname="backend.tests.test_refactoring_iteration18.TestAdminRoutes" name="test_admin_whitelist_without_auth" time="0.108" /><testcase classname="backend.tests.test_refactoring_iteration18.TestPortfolioRoutes" name="test_portfolio_holdings_authenticated" time="0.130" /><testcase classname="backend.tests.test_refactoring_iteration18.TestPortfolioRoutes" name="test_portfolio_holdings_unauthenticated" time="0.109" /><testcase classname="backend.tests.test_refactoring_iteration18.TestPortfolioRoutes" name="test_portfolios_list_authenticated" time="0.113" /><testcase classname="backend.tests.test_refactoring_iteration18.TestPortfolioRoutes" name="test_portfolios_list_unauthenticated" time="0.110" /><testcase classname="backend.tests.test_refactoring_iteration18.TestUserRoutes" name="test_user_profile_authenticated" time="0.117" /><testcase classname="backend.tests.test_refactoring_iteration18.TestUserRoutes" name="test_user_profile_unauthenticated" time="0.105" /><testcase classname="backend.tests.test_refactoring_iteration18.TestChatRoutes" name="test_chat_sessions_authenticated" time="0.120" /><testcase classname="backend.tests.test_refactoring_iteration18.TestChatRoutes" name="test_chat_sessions_unauthenticated" time="0.114" /><testcase classname="backend.tests.test_refactoring_iteration18.TestInsightsRoutes" name="test_insights_list_authenticated" time="0.104" /><testcase classname="backend.tests.test_refactoring_iteration18.TestInsightsRoutes" name="test_insights_list_unauthenticated" time="0.107" /><testcase classname="backend.tests.test_refactoring_iteration18.TestLogoutRoute" name="test_logout_clears_session" time="0.104" /></testsuite></testsuites>