<?xml version="1.0" encoding="utf-8"?><testsuites name="pytest tests"><testsuite name="pytest" errors="0" failures="0" skipped="0" tests="15" time="6.136" timestamp="2026-04-17T17:19:32.765434+00:00" hostname="agent-env-df1d5dc7-12e5-46b0-8fa8-e69ef55b74ad"><testcase classname="backend.tests.test_iteration23_fund_overlap.TestDeepAnalyticsDuplication" name="test_deep_analytics_returns_duplication_object" time="2.312" /><testcase classname="backend.tests.test_iteration23_fund_overlap.TestDeepAnalyticsDuplication" name="test_duplication_score_is_high" time="0.158" /><testcase classname="backend.tests.test_iteration23_fund_overlap.TestDeepAnalyticsDuplication" name="test_category_detail_structure" time="0.165" /><testcase classname="backend.tests.test_iteration23_fund_overlap.TestDeepAnalyticsDuplication" name="test_category_detail_has_overlapping_categories" time="0.139" /><testcase classname="backend.tests.test_iteration23_fund_overlap.TestDeepAnalyticsDuplication" name="test_insights_structure" time="0.131" /><testcase classname="backend.tests.test_iteration23_fund_overlap.TestDeepAnalyticsDuplication" name="test_insights_contain_warnings_for_high_overlap" time="0.128" /><testcase classname="backend.tests.test_iteration23_fund_overlap.TestDeepAnalyticsDuplication" name="test_sector_overlaps_structure" time="0.171" /><testcase classname="backend.tests.test_iteration23_fund_overlap.TestOverlapMatrix" name="test_overlap_matrix_exists" time="0.140" /><testcase classname="backend.tests.test_iteration23_fund_overlap.TestOverlapMatrix" name="test_overlap_matrix_structure" time="0.132" /><testcase classname="backend.tests.test_iteration23_fund_overlap.TestOverlapMatrix" name="test_overlap_matrix_has_high_overlap_pairs" time="0.129" /><testcase classname="backend.tests.test_iteration23_fund_overlap.TestExistingEndpoints" name="test_auth_me_works" time="0.126" /><testcase classname="backend.tests.test_iteration23_fund_overlap.TestExistingEndpoints" name="test_portfolio_holdings_works" time="0.129" /><testcase classname="backend.tests.test_iteration23_fund_overlap.TestExistingEndpoints" name="test_portfolio_analytics_works" time="1.887" /><testcase classname="backend.tests.test_iteration23_fund_overlap.TestExistingEndpoints" name="test_deep_analytics_overexposure_still_works" time="0.144" /><testcase classname="backend.tests.test_iteration23_fund_overlap.TestExistingEndpoints" name="test_deep_analytics_performance_cards_still_works" time="0.136" /></testsuite></testsuites>