<?xml version="1.0" encoding="utf-8"?><testsuites name="pytest tests"><testsuite name="pytest" errors="0" failures="0" skipped="0" tests="18" time="2.554" timestamp="2026-04-15T07:18:42.295274+00:00" hostname="agent-env-cfc740d1-5bde-44b6-b00d-ceaa4246504f"><testcase classname="backend.tests.test_gmail_autofetch.TestGmailStatus" name="test_gmail_status_returns_connected_false_for_user_without_gmail" time="0.271" /><testcase classname="backend.tests.test_gmail_autofetch.TestGmailStatus" name="test_gmail_status_requires_auth" time="0.111" /><testcase classname="backend.tests.test_gmail_autofetch.TestGmailConnect" name="test_gmail_connect_returns_auth_url" time="0.108" /><testcase classname="backend.tests.test_gmail_autofetch.TestGmailConnect" name="test_gmail_connect_requires_auth" time="0.108" /><testcase classname="backend.tests.test_gmail_autofetch.TestGmailCallback" name="test_gmail_callback_missing_params_redirects_with_error" time="0.114" /><testcase classname="backend.tests.test_gmail_autofetch.TestGmailCallback" name="test_gmail_callback_invalid_state_redirects_with_error" time="0.101" /><testcase classname="backend.tests.test_gmail_autofetch.TestGmailCallback" name="test_gmail_callback_with_error_param_redirects" time="0.100" /><testcase classname="backend.tests.test_gmail_autofetch.TestGmailScan" name="test_gmail_scan_returns_400_if_not_connected" time="0.230" /><testcase classname="backend.tests.test_gmail_autofetch.TestGmailScan" name="test_gmail_scan_requires_auth" time="0.105" /><testcase classname="backend.tests.test_gmail_autofetch.TestGmailDisconnect" name="test_gmail_disconnect_removes_tokens" time="0.210" /><testcase classname="backend.tests.test_gmail_autofetch.TestGmailDisconnect" name="test_gmail_disconnect_requires_auth" time="0.104" /><testcase classname="backend.tests.test_gmail_autofetch.TestGmailImport" name="test_gmail_import_returns_400_without_message_id" time="0.109" /><testcase classname="backend.tests.test_gmail_autofetch.TestGmailImport" name="test_gmail_import_returns_400_without_attachment_id" time="0.111" /><testcase classname="backend.tests.test_gmail_autofetch.TestGmailImport" name="test_gmail_import_returns_400_if_not_connected" time="0.245" /><testcase classname="backend.tests.test_gmail_autofetch.TestGmailImport" name="test_gmail_import_requires_auth" time="0.115" /><testcase classname="backend.tests.test_gmail_autofetch.TestDeduplicationLogic" name="test_holdings_have_source_field" time="0.128" /><testcase classname="backend.tests.test_gmail_autofetch.TestGmailServiceIntegration" name="test_gmail_oauth_state_creation" time="0.104" /><testcase classname="backend.tests.test_gmail_autofetch.TestGmailServiceIntegration" name="test_gmail_scopes_include_readonly" time="0.107" /></testsuite></testsuites>