<?xml version="1.0" encoding="utf-8"?><testsuites name="pytest tests"><testsuite name="pytest" errors="0" failures="0" skipped="0" tests="12" time="6.959" timestamp="2026-04-17T16:43:14.333248+00:00" hostname="agent-env-df1d5dc7-12e5-46b0-8fa8-e69ef55b74ad"><testcase classname="tests.test_iteration21_fixes.TestBackendAPIs" name="test_auth_me" time="0.168" /><testcase classname="tests.test_iteration21_fixes.TestBackendAPIs" name="test_portfolio_holdings" time="0.120" /><testcase classname="tests.test_iteration21_fixes.TestSectorEnrichment" name="test_analytics_sector_exposure_has_proper_sectors" time="4.052" /><testcase classname="tests.test_iteration21_fixes.TestSectorEnrichment" name="test_deep_analytics_overexposure_has_enriched_sectors" time="0.127" /><testcase classname="tests.test_iteration21_fixes.TestFundPerformance" name="test_fund_performance_returns_data" time="0.133" /><testcase classname="tests.test_iteration21_fixes.TestFundPerformance" name="test_performance_distribution_has_overperforming" time="0.116" /><testcase classname="tests.test_iteration21_fixes.TestFundPerformance" name="test_fund_ratings_have_correct_rating_field" time="0.119" /><testcase classname="tests.test_iteration21_fixes.TestFundPerformance" name="test_category_overlap_data" time="0.148" /><testcase classname="tests.test_iteration21_fixes.TestHeatmapData" name="test_fund_ratings_have_heatmap_fields" time="0.161" /><testcase classname="tests.test_iteration21_fixes.TestExistingEndpoints" name="test_insights_analysis" time="0.132" /><testcase classname="tests.test_iteration21_fixes.TestExistingEndpoints" name="test_portfolio_analytics" time="0.182" /><testcase classname="tests.test_iteration21_fixes.TestExistingEndpoints" name="test_deep_analytics" time="1.400" /></testsuite></testsuites>