<?xml version="1.0" encoding="utf-8"?><testsuites name="pytest tests"><testsuite name="pytest" errors="0" failures="0" skipped="0" tests="16" time="1.480" timestamp="2026-04-14T14:30:26.499023+00:00" hostname="agent-env-cfc740d1-5bde-44b6-b00d-ceaa4246504f"><testcase classname="tests.test_deep_analytics.TestHealthAndAuth" name="test_api_root" time="0.178" /><testcase classname="tests.test_deep_analytics.TestHealthAndAuth" name="test_auth_me" time="0.047" /><testcase classname="tests.test_deep_analytics.TestPortfolioAnalytics" name="test_analytics_returns_data" time="0.159" /><testcase classname="tests.test_deep_analytics.TestPortfolioAnalytics" name="test_analytics_has_heatmap_data" time="0.161" /><testcase classname="tests.test_deep_analytics.TestNAVRefresh" name="test_nav_refresh_endpoint" time="0.202" /><testcase classname="tests.test_deep_analytics.TestDeepAnalytics" name="test_deep_analytics_returns_structure" time="0.081" /><testcase classname="tests.test_deep_analytics.TestDeepAnalytics" name="test_overexposure_fund_house" time="0.075" /><testcase classname="tests.test_deep_analytics.TestDeepAnalytics" name="test_overexposure_sector" time="0.068" /><testcase classname="tests.test_deep_analytics.TestDeepAnalytics" name="test_overlap_matrix" time="0.069" /><testcase classname="tests.test_deep_analytics.TestDeepAnalytics" name="test_performance_cards" time="0.071" /><testcase classname="tests.test_deep_analytics.TestHoldingsEndpoint" name="test_get_holdings" time="0.053" /><testcase classname="tests.test_deep_analytics.TestHoldingsEndpoint" name="test_filter_holdings_by_asset_type" time="0.052" /><testcase classname="tests.test_deep_analytics.TestInsightsEndpoints" name="test_get_insights" time="0.054" /><testcase classname="tests.test_deep_analytics.TestInsightsEndpoints" name="test_get_analysis" time="0.048" /><testcase classname="tests.test_deep_analytics.TestPortfolioManagement" name="test_list_portfolios" time="0.049" /><testcase classname="tests.test_deep_analytics.TestInstrumentSearch" name="test_search_instruments" time="0.047" /></testsuite></testsuites>