<?xml version="1.0" encoding="utf-8"?><testsuites name="pytest tests"><testsuite name="pytest" errors="0" failures="10" skipped="0" tests="328" time="91.925" timestamp="2026-04-23T05:54:10.244756+00:00" hostname="agent-env-e54b594b-a3ed-4608-8852-61e07233b647"><testcase classname="tests.test_portfolio_health" name="test_hhi_single_stock" time="0.001" /><testcase classname="tests.test_portfolio_health" name="test_hhi_equal_weights" time="0.000" /><testcase classname="tests.test_portfolio_health" name="test_concentration_reaches_100_with_ideal_N" time="0.000" /><testcase classname="tests.test_portfolio_health" name="test_concentration_heavy_top_heavy" time="0.000" /><testcase classname="tests.test_portfolio_health" name="test_concentration_empty_returns_zero" time="0.000" /><testcase classname="tests.test_portfolio_health" name="test_allocation_perfect_match_scores_100" time="0.000" /><testcase classname="tests.test_portfolio_health" name="test_allocation_20pp_drift_scores_60" time="0.000" /><testcase classname="tests.test_portfolio_health" name="test_overlap_zero_scores_100" time="0.000" /><testcase classname="tests.test_portfolio_health" name="test_overlap_full_scores_zero" time="0.000" /><testcase classname="tests.test_portfolio_health" name="test_overlap_handles_none" time="0.000" /><testcase classname="tests.test_portfolio_health" name="test_compute_diversification_happy_path" time="0.000" /><testcase classname="tests.test_portfolio_health" name="test_compute_diversification_drivers_fire" time="0.000" /><testcase classname="tests.test_portfolio_health" name="test_risk_equal_weights_mid_vol_score" time="0.000" /><testcase classname="tests.test_portfolio_health" name="test_risk_single_low_vol_high_score" time="0.000" /><testcase classname="tests.test_portfolio_health" name="test_risk_no_holdings" time="0.000" /><testcase classname="tests.test_portfolio_health" name="test_risk_heuristic_fallback_flags_low_confidence" time="0.000" /><testcase classname="tests.test_portfolio_health" name="test_cost_cheap_direct_plan" time="0.000" /><testcase classname="tests.test_portfolio_health" name="test_cost_expensive_regular_plan_triggers_drivers" time="0.000" /><testcase classname="tests.test_portfolio_health" name="test_performance_strong_returns" time="0.000" /><testcase classname="tests.test_portfolio_health" name="test_performance_underperforms_benchmark" time="0.000" /><testcase classname="tests.test_portfolio_health" name="test_performance_partial_inputs_flag_low_confidence" time="0.000" /><testcase classname="tests.test_portfolio_health" name="test_compute_portfolio_health_weights_are_30_25_20_25" time="0.000" /><testcase classname="tests.test_portfolio_health" name="test_compute_portfolio_health_worst_case" time="0.000" /><testcase classname="tests.test_portfolio_health" name="test_compute_portfolio_health_mid_case" time="0.000" /><testcase classname="tests.test_portfolio_health" name="test_compute_portfolio_health_aggregates_drivers" time="0.000" /><testcase classname="tests.test_portfolio_health" name="test_compute_portfolio_health_low_confidence_propagates" time="0.000" /><testcase classname="tests.test_portfolio_health" name="test_normalise_risk_profile[Moderate-moderate]" time="0.000" /><testcase classname="tests.test_portfolio_health" name="test_normalise_risk_profile[MEDIUM-moderate]" time="0.000" /><testcase classname="tests.test_portfolio_health" name="test_normalise_risk_profile[balanced-moderate]" time="0.000" /><testcase classname="tests.test_portfolio_health" name="test_normalise_risk_profile[aggressive-aggressive]" time="0.000" /><testcase classname="tests.test_portfolio_health" name="test_normalise_risk_profile[growth-aggressive]" time="0.000" /><testcase classname="tests.test_portfolio_health" name="test_normalise_risk_profile[conservative-conservative]" time="0.000" /><testcase classname="tests.test_portfolio_health" name="test_normalise_risk_profile[low-conservative]" time="0.000" /><testcase classname="tests.test_portfolio_health" name="test_normalise_risk_profile[None-moderate]" time="0.000" /><testcase classname="tests.test_portfolio_health" name="test_normalise_risk_profile[-moderate]" time="0.000" /><testcase classname="tests.test_portfolio_health" name="test_normalise_risk_profile[unknown-thing-moderate]" time="0.000" /><testcase classname="tests.test_portfolio_health" name="test_ideal_allocation_long_horizon_aggressive" time="0.000" /><testcase classname="tests.test_portfolio_health" name="test_ideal_allocation_short_horizon_caps_equity" time="0.000" /><testcase classname="tests.test_portfolio_health" name="test_classify_market_cap_large" time="0.000" /><testcase classname="tests.test_portfolio_health" name="test_classify_market_cap_mid" time="0.000" /><testcase classname="tests.test_portfolio_health" name="test_classify_market_cap_small" time="0.000" /><testcase classname="tests.test_portfolio_health" name="test_classify_market_cap_unknown" time="0.000" /><testcase classname="tests.test_portfolio_health" name="test_primitives_from_bucket_table" time="0.000" /><testcase classname="tests.test_portfolio_health" name="test_stock_weights_concentration_helper" time="0.000" /><testcase classname="tests.test_portfolio_health" name="test_stock_weights_skips_zero_value" time="0.000" /><testcase classname="tests.test_portfolio_health" name="test_health_result_to_dict_shape" time="0.000" /><testcase classname="tests.test_portfolio_health" name="test_score_to_grade[100-A+]" time="0.000" /><testcase classname="tests.test_portfolio_health" name="test_score_to_grade[92-A+]" time="0.000" /><testcase classname="tests.test_portfolio_health" name="test_score_to_grade[90-A+]" time="0.000" /><testcase classname="tests.test_portfolio_health" name="test_score_to_grade[89-A]" time="0.000" /><testcase classname="tests.test_portfolio_health" name="test_score_to_grade[85-A]" time="0.000" /><testcase classname="tests.test_portfolio_health" name="test_score_to_grade[80-A]" time="0.000" /><testcase classname="tests.test_portfolio_health" name="test_score_to_grade[79-B+]" time="0.000" /><testcase classname="tests.test_portfolio_health" name="test_score_to_grade[70-B+]" time="0.000" /><testcase classname="tests.test_portfolio_health" name="test_score_to_grade[69-B]" time="0.000" /><testcase classname="tests.test_portfolio_health" name="test_score_to_grade[60-B]" time="0.000" /><testcase classname="tests.test_portfolio_health" name="test_score_to_grade[59-C]" time="0.000" /><testcase classname="tests.test_portfolio_health" name="test_score_to_grade[50-C]" time="0.000" /><testcase classname="tests.test_portfolio_health" name="test_score_to_grade[49-D]" time="0.000" /><testcase classname="tests.test_portfolio_health" name="test_score_to_grade[40-D]" time="0.000" /><testcase classname="tests.test_portfolio_health" name="test_score_to_grade[39-F]" time="0.000" /><testcase classname="tests.test_portfolio_health" name="test_score_to_grade[0-F]" time="0.000" /><testcase classname="tests.test_portfolio_health" name="test_score_to_grade_none" time="0.000" /><testcase classname="tests.test_portfolio_health" name="test_health_result_exposes_grade" time="0.000" /><testcase classname="tests.test_portfolio_health" name="test_stock_cost_proxy_applied" time="0.000" /><testcase classname="tests.test_portfolio_health" name="test_stock_cost_blends_with_mf_expense" time="0.000" /><testcase classname="tests.test_portfolio_health" name="test_cap_benchmark_table_values" time="0.000" /><testcase classname="tests.test_stock_scoring" name="test_norm_roe[None-50.0]" time="0.000" /><testcase classname="tests.test_stock_scoring" name="test_norm_roe[5-0]" time="0.000" /><testcase classname="tests.test_stock_scoring" name="test_norm_roe[10-0]" time="0.000" /><testcase classname="tests.test_stock_scoring" name="test_norm_roe[22-100]" time="0.000" /><testcase classname="tests.test_stock_scoring" name="test_norm_roe[30-100]" time="0.000" /><testcase classname="tests.test_stock_scoring" name="test_norm_roe[16-expected5]" time="0.000" /><testcase classname="tests.test_stock_scoring" name="test_norm_debt_to_equity_lower_better" time="0.000" /><testcase classname="tests.test_stock_scoring" name="test_norm_eps_growth" time="0.000" /><testcase classname="tests.test_stock_scoring" name="test_norm_promoter_holding" time="0.000" /><testcase classname="tests.test_stock_scoring" name="test_norm_market_cap_stability" time="0.000" /><testcase classname="tests.test_stock_scoring" name="test_norm_volatility_lower_better" time="0.000" /><testcase classname="tests.test_stock_scoring" name="test_norm_dividend_yield_not_penalising_growth" time="0.000" /><testcase classname="tests.test_stock_scoring" name="test_norm_earnings_decline_flag" time="0.000" /><testcase classname="tests.test_stock_scoring" name="test_norm_debt_spike_flag" time="0.000" /><testcase classname="tests.test_stock_scoring" name="test_norm_low_overlap" time="0.000" /><testcase classname="tests.test_stock_scoring" name="test_norm_relative_valuation" time="0.000" /><testcase classname="tests.test_stock_scoring" name="test_compute_quality_score_strong_stock" time="0.000" /><testcase classname="tests.test_stock_scoring" name="test_compute_quality_score_weak_stock" time="0.000" /><testcase classname="tests.test_stock_scoring" name="test_compute_health_score_declining" time="0.000" /><testcase classname="tests.test_stock_scoring" name="test_compute_exit_score_danger_zone" time="0.000" /><testcase classname="tests.test_stock_scoring" name="test_compute_add_score_portfolio_gap" time="0.000" /><testcase classname="tests.test_stock_scoring" name="test_score_stock_returns_all_four_scores" time="0.000" /><testcase classname="tests.test_stock_scoring" name="test_derive_recommendation_exit" time="0.000" /><testcase classname="tests.test_stock_scoring" name="test_derive_recommendation_trim" time="0.000" /><testcase classname="tests.test_stock_scoring" name="test_derive_recommendation_buy" time="0.000" /><testcase classname="tests.test_stock_scoring" name="test_derive_recommendation_hold" time="0.000" /><testcase classname="tests.test_stock_scoring" name="test_derive_recommendation_review" time="0.000" /><testcase classname="tests.test_stock_scoring" name="test_derive_recommendation_missing_data" time="0.000" /><testcase classname="tests.test_stock_scoring" name="test_default_weights_quality_sums_to_100" time="0.000" /><testcase classname="tests.test_stock_scoring" name="test_default_weights_exit_sums_to_100" time="0.000" /><testcase classname="tests.test_stock_scoring" name="test_default_weights_add_sums_to_100" time="0.000" /><testcase classname="tests.test_stock_scoring" name="test_set_and_get_weights_roundtrip" time="0.000" /><testcase classname="tests.test_stock_scoring" name="test_no_overlap_with_mf_weights" time="0.001" /><testcase classname="tests.test_v3_scoring" name="test_max_drawdown_simple_peak_trough" time="0.000" /><testcase classname="tests.test_v3_scoring" name="test_max_drawdown_none_when_too_short" time="0.000" /><testcase classname="tests.test_v3_scoring" name="test_max_drawdown_zero_for_monotonic" time="0.000" /><testcase classname="tests.test_v3_scoring" name="test_consistency_score_needs_sufficient_data" time="0.000" /><testcase classname="tests.test_v3_scoring" name="test_consistency_score_perfect_beater" time="0.000" /><testcase classname="tests.test_v3_scoring" name="test_consistency_score_none_without_category_avg" time="0.000" /><testcase classname="tests.test_v3_scoring" name="test_downside_capture_balanced_fund" time="0.000" /><testcase classname="tests.test_v3_scoring" name="test_aum_trend_flat_scores_near_5" time="0.000" /><testcase classname="tests.test_v3_scoring" name="test_aum_trend_strong_growth_scores_high" time="0.000" /><testcase classname="tests.test_v3_scoring" name="test_aum_trend_sharp_decline_scores_low" time="0.000" /><testcase classname="tests.test_v3_scoring" name="test_norm_returns_beats_category" time="0.000" /><testcase classname="tests.test_v3_scoring" name="test_norm_returns_none_when_all_missing" time="0.000" /><testcase classname="tests.test_v3_scoring" name="test_norm_risk_adjusted_excellent_sharpe" time="0.000" /><testcase classname="tests.test_v3_scoring" name="test_norm_drawdown_monotonic" time="0.000" /><testcase classname="tests.test_v3_scoring" name="test_norm_cost_cheap_direct_plan_scores_high" time="0.000" /><testcase classname="tests.test_v3_scoring" name="test_norm_manager_tenure_thresholds" time="0.000" /><testcase classname="tests.test_v3_scoring" name="test_norm_turnover_peaks_at_60" time="0.000" /><testcase classname="tests.test_v3_scoring" name="test_norm_top10_inverse" time="0.000" /><testcase classname="tests.test_v3_scoring" name="test_weighted_composite_full_data" time="0.000" /><testcase classname="tests.test_v3_scoring" name="test_weighted_composite_redistribution" time="0.000" /><testcase classname="tests.test_v3_scoring" name="test_weighted_composite_all_missing" time="0.000" /><testcase classname="tests.test_v3_scoring" name="test_quality_score_excellent_fund_high" time="0.000" /><testcase classname="tests.test_v3_scoring" name="test_quality_score_poor_fund_low" time="0.003" /><testcase classname="tests.test_v3_scoring" name="test_quality_score_missing_nav_analytics_redistributes" time="0.000" /><testcase classname="tests.test_v3_scoring" name="test_health_score_excellent_fund_high" time="0.000" /><testcase classname="tests.test_v3_scoring" name="test_health_score_poor_fund_low" time="0.001" /><testcase classname="tests.test_v3_scoring" name="test_exit_score_high_when_overlap_and_quality_low" time="0.000" /><testcase classname="tests.test_v3_scoring" name="test_exit_score_low_when_fund_is_excellent" time="0.000" /><testcase classname="tests.test_v3_scoring" name="test_add_score_excellent_fund_with_gap" time="0.000" /><testcase classname="tests.test_v3_scoring" name="test_portfolio_fit_balanced_portfolio_high" time="0.000" /><testcase classname="tests.test_v3_scoring" name="test_switch_score_meaningful_upgrade_recommended" time="0.001" /><testcase classname="tests.test_v3_scoring" name="test_switch_score_tax_kills_weak_switch" time="0.001" /><testcase classname="tests.test_v3_scoring" name="test_guardrail_high_quality_blocks_exit" time="0.000" /><testcase classname="tests.test_v3_scoring" name="test_guardrail_high_overlap_overrides_quality_protection" time="0.000" /><testcase classname="tests.test_v3_scoring" name="test_guardrail_tax_exceeds_benefit_blocks" time="0.001" /><testcase classname="tests.test_v3_scoring" name="test_guardrail_recent_investment_blocks" time="0.000" /><testcase classname="tests.test_v3_scoring" name="test_guardrail_low_confidence_flags_but_does_not_block" time="0.001" /><testcase classname="tests.test_v3_scoring" name="test_engine_version_is_v3_phase1" time="0.000" /><testcase classname="tests.test_v3_weights" name="test_classifier_equity" time="0.000" /><testcase classname="tests.test_v3_weights" name="test_classifier_debt" time="0.001" /><testcase classname="tests.test_v3_weights" name="test_classifier_hybrid" time="0.000" /><testcase classname="tests.test_v3_weights" name="test_classifier_liquid" time="0.000" /><testcase classname="tests.test_v3_weights" name="test_classifier_default" time="0.001" /><testcase classname="tests.test_v3_weights" name="test_default_weights_sum_to_100" time="0.000" /><testcase classname="tests.test_v3_weights" name="test_get_weights" time="0.190" /><testcase classname="tests.test_v3_weights" name="test_put_weights_validates_sum" time="0.050" /><testcase classname="tests.test_v3_weights" name="test_put_weights_accepts_valid" time="0.167" /><testcase classname="tests.test_v3_weights" name="test_reset_restores_defaults" time="0.051" /><testcase classname="tests.test_v3_weights" name="test_non_admin_blocked" time="0.106" /><testcase classname="tests.test_v3_weights" name="test_master_funds_applies_category_weights" time="0.307" /><testcase classname="tests.test_v3_debt_scoring" name="test_norm_credit_quality_clamps_and_rounds" time="0.000" /><testcase classname="tests.test_v3_debt_scoring" name="test_norm_yield_vs_cat_delta_mapping" time="0.000" /><testcase classname="tests.test_v3_debt_scoring" name="test_norm_duration_risk_from_modified_duration" time="0.000" /><testcase classname="tests.test_v3_debt_scoring" name="test_norm_duration_risk_flex_prefers_direct_score" time="0.000" /><testcase classname="tests.test_v3_debt_scoring" name="test_norm_credit_concentration_curve" time="0.000" /><testcase classname="tests.test_v3_debt_scoring" name="test_debt_quality_uses_moneycontrol_primitives" time="0.000" /><testcase classname="tests.test_v3_explainer" name="test_classify_danger_critical_on_very_low_quality" time="0.000" /><testcase classname="tests.test_v3_explainer" name="test_classify_danger_critical_on_high_exit" time="0.000" /><testcase classname="tests.test_v3_explainer" name="test_classify_danger_warning_only_on_borderline" time="0.000" /><testcase classname="tests.test_v3_explainer" name="test_classify_danger_ok_on_healthy" time="0.000" /><testcase classname="tests.test_v3_explainer" name="test_classify_danger_flags_strong_switch_score" time="0.000" /><testcase classname="tests.test_v3_explainer" name="test_classify_danger_surfaces_tax_lockout" time="0.000" /><testcase classname="tests.test_v3_explainer" name="test_classify_danger_ignores_high_quality_protection" time="0.000" /><testcase classname="tests.test_v3_explainer" name="test_explanation_includes_scores_and_weak_components" time="0.000" /><testcase classname="tests.test_v3_explainer" name="test_explanation_cites_drawdown_primitive" time="0.000" /><testcase classname="tests.test_v3_explainer" name="test_explanation_adds_switch_note_for_regular_plan" time="0.000" /><testcase classname="tests.test_v3_explainer" name="test_explanation_no_switch_note_for_direct_plan" time="0.000" /><testcase classname="tests.test_v3_explainer" name="test_explanation_mentions_exit_when_elevated" time="0.000" /><testcase classname="tests.test_v3_explainer" name="test_explanation_handles_missing_primitives_gracefully" time="0.000" /><testcase classname="tests.test_v3_explainer" name="test_recommendation_exit_on_high_exit_score" time="0.000" /><testcase classname="tests.test_v3_explainer" name="test_recommendation_review_when_exit_is_guardrail_blocked" time="0.000" /><testcase classname="tests.test_v3_explainer" name="test_recommendation_review_when_exit_locked_out" time="0.000" /><testcase classname="tests.test_v3_explainer" name="test_recommendation_switch_on_regular_with_strong_switch_score" time="0.000" /><testcase classname="tests.test_v3_explainer" name="test_recommendation_no_switch_for_direct_plan_even_if_switch_high" time="0.000" /><testcase classname="tests.test_v3_explainer" name="test_recommendation_review_on_low_quality" time="0.000" /><testcase classname="tests.test_v3_explainer" name="test_recommendation_review_on_low_health" time="0.000" /><testcase classname="tests.test_v3_explainer" name="test_recommendation_review_on_elevated_exit" time="0.000" /><testcase classname="tests.test_v3_explainer" name="test_recommendation_buy_on_strong_fund" time="0.000" /><testcase classname="tests.test_v3_explainer" name="test_recommendation_hold_default" time="0.000" /><testcase classname="tests.test_v3_explainer" name="test_recommendation_priority_exit_beats_switch" time="0.000" /><testcase classname="tests.test_v3_explainer" name="test_recommendation_has_required_fields" time="0.000" /><testcase classname="tests.test_holding_action_score" name="test_ois_clamps_and_rounds" time="0.000" /><testcase classname="tests.test_holding_action_score" name="test_ads_none_when_inputs_missing" time="0.000" /><testcase classname="tests.test_holding_action_score" name="test_ads_overweight" time="0.000" /><testcase classname="tests.test_holding_action_score" name="test_ads_underweight" time="0.000" /><testcase classname="tests.test_holding_action_score" name="test_ads_on_target" time="0.000" /><testcase classname="tests.test_holding_action_score" name="test_ads_clamps_at_zero" time="0.000" /><testcase classname="tests.test_holding_action_score" name="test_tfs_none_when_inputs_missing" time="0.000" /><testcase classname="tests.test_holding_action_score" name="test_tfs_zero_when_no_tax" time="0.000" /><testcase classname="tests.test_holding_action_score" name="test_tfs_high_gain_stcg_heavy_penalty" time="0.000" /><testcase classname="tests.test_holding_action_score" name="test_tfs_low_gain_ltcg_light_penalty" time="0.000" /><testcase classname="tests.test_holding_action_score" name="test_tfs_caps_at_100" time="0.000" /><testcase classname="tests.test_holding_action_score" name="test_tfs_zero_holding_value_returns_none" time="0.000" /><testcase classname="tests.test_holding_action_score" name="test_has_equity_full_inputs" time="0.000" /><testcase classname="tests.test_holding_action_score" name="test_has_partial_inputs_renormalise" time="0.000" /><testcase classname="tests.test_holding_action_score" name="test_has_all_missing_returns_none" time="0.000" /><testcase classname="tests.test_holding_action_score" name="test_has_debt_routes_to_debt_profile" time="0.000" /><testcase classname="tests.test_holding_action_score" name="test_has_liquid_ignores_overlap_exit" time="0.000" /><testcase classname="tests.test_holding_action_score" name="test_has_unknown_category_falls_back_to_equity" time="0.000" /><testcase classname="tests.test_holding_action_score" name="test_guardrail_high_quality_blocks_exit" time="0.000" /><testcase classname="tests.test_holding_action_score" name="test_guardrail_tax_cost_exceeds_benefit" time="0.000" /><testcase classname="tests.test_holding_action_score" name="test_guardrail_recent_investment_blocks" time="0.000" /><testcase classname="tests.test_holding_action_score" name="test_guardrail_overlap_override_allows_exit" time="0.000" /><testcase classname="tests.test_holding_action_score" name="test_guardrail_low_confidence" time="0.000" /><testcase classname="tests.test_holding_action_score" name="test_guardrail_no_blocks_when_healthy" time="0.000" /><testcase classname="tests.test_holding_action_score" name="test_map_has_action_basic[90-HOLD]" time="0.000" /><testcase classname="tests.test_holding_action_score" name="test_map_has_action_basic[60.5-HOLD]" time="0.000" /><testcase classname="tests.test_holding_action_score" name="test_map_has_action_basic[50-TRIM]" time="0.000" /><testcase classname="tests.test_holding_action_score" name="test_map_has_action_basic[40-SWITCH]" time="0.000" /><testcase classname="tests.test_holding_action_score" name="test_map_has_action_basic[20-EXIT]" time="0.000" /><testcase classname="tests.test_holding_action_score" name="test_map_has_action_basic[None-UNKNOWN]" time="0.000" /><testcase classname="tests.test_holding_action_score" name="test_map_has_to_add_when_add_score_high" time="0.000" /><testcase classname="tests.test_holding_action_score" name="test_map_exit_downgrades_when_blocked" time="0.000" /><testcase classname="tests.test_holding_action_score" name="test_map_respects_overlap_override" time="0.000" /><testcase classname="tests.test_holding_action_score" name="test_map_low_confidence_downgrades_exit_and_switch" time="0.000" /><testcase classname="tests.test_holding_action_score" name="test_reason_cites_weakest_driver_for_exit" time="0.000" /><testcase classname="tests.test_holding_action_score" name="test_reason_cites_strongest_driver_for_hold" time="0.000" /><testcase classname="tests.test_holding_action_score" name="test_reason_mentions_overweight_stance" time="0.000" /><testcase classname="tests.test_holding_action_score" name="test_reason_mentions_blocked_guardrail_on_review" time="0.000" /><testcase classname="tests.test_holding_action_score" name="test_build_holding_action_happy_path" time="0.000" /><testcase classname="tests.test_holding_action_score" name="test_build_holding_action_high_quality_protected_from_exit" time="0.000" /><testcase classname="tests.test_holding_action_score" name="test_build_holding_action_accepts_none_partial_inputs" time="0.000" /><testcase classname="tests.test_v2_plans.TestV2PlansAPI" name="test_01_generate_plan" time="0.263"><failure message="AssertionError: Expected 200, got 404: 404 page not found&#10;  &#10;assert 404 == 200&#10; +  where 404 = &lt;Response [404]&gt;.status_code">E   AssertionError: Expected 200, got 404: 404 page not found
      
    assert 404 == 200
     +  where 404 = &lt;Response [404]&gt;.status_code</failure></testcase><testcase classname="tests.test_v2_plans.TestV2PlansAPI" name="test_02_save_plan" time="0.147"><failure message="assert 404 == 200&#10; +  where 404 = &lt;Response [404]&gt;.status_code">E   assert 404 == 200
     +  where 404 = &lt;Response [404]&gt;.status_code</failure></testcase><testcase classname="tests.test_v2_plans.TestV2PlansAPI" name="test_03_get_active_plan" time="0.104"><failure message="AssertionError: Expected 200, got 404: 404 page not found&#10;  &#10;assert 404 == 200&#10; +  where 404 = &lt;Response [404]&gt;.status_code">E   AssertionError: Expected 200, got 404: 404 page not found
      
    assert 404 == 200
     +  where 404 = &lt;Response [404]&gt;.status_code</failure></testcase><testcase classname="tests.test_v2_plans.TestV2PlansAPI" name="test_04_get_plan_by_id" time="0.144"><failure message="assert 404 == 200&#10; +  where 404 = &lt;Response [404]&gt;.status_code">E   assert 404 == 200
     +  where 404 = &lt;Response [404]&gt;.status_code</failure></testcase><testcase classname="tests.test_v2_plans.TestV2PlansAPI" name="test_05_update_action_status" time="0.117"><failure message="assert 404 == 200&#10; +  where 404 = &lt;Response [404]&gt;.status_code">E   assert 404 == 200
     +  where 404 = &lt;Response [404]&gt;.status_code</failure></testcase><testcase classname="tests.test_v2_plans.TestV2PlansAPI" name="test_06_refresh_plan" time="0.106"><failure message="AssertionError: Expected 200, got 404: 404 page not found&#10;  &#10;assert 404 == 200&#10; +  where 404 = &lt;Response [404]&gt;.status_code">E   AssertionError: Expected 200, got 404: 404 page not found
      
    assert 404 == 200
     +  where 404 = &lt;Response [404]&gt;.status_code</failure></testcase><testcase classname="tests.test_v2_plans.TestV2PlansAPI" name="test_07_generate_signals" time="0.157"><failure message="AssertionError: Expected 200, got 404: 404 page not found&#10;  &#10;assert 404 == 200&#10; +  where 404 = &lt;Response [404]&gt;.status_code">E   AssertionError: Expected 200, got 404: 404 page not found
      
    assert 404 == 200
     +  where 404 = &lt;Response [404]&gt;.status_code</failure></testcase><testcase classname="tests.test_v2_plans.TestV2PlansAPI" name="test_08_get_plan_history" time="0.117"><failure message="AssertionError: Expected 200, got 404: 404 page not found&#10;  &#10;assert 404 == 200&#10; +  where 404 = &lt;Response [404]&gt;.status_code">E   AssertionError: Expected 200, got 404: 404 page not found
      
    assert 404 == 200
     +  where 404 = &lt;Response [404]&gt;.status_code</failure></testcase><testcase classname="tests.test_v2_plans.TestV2PlansAPI" name="test_09_error_cases" time="0.256"><failure message="AssertionError: Expected 401/422 for unauthorized access, got 404&#10;assert 404 in [401, 422]&#10; +  where 404 = &lt;Response [404]&gt;.status_code">E   AssertionError: Expected 401/422 for unauthorized access, got 404
    assert 404 in [401, 422]
     +  where 404 = &lt;Response [404]&gt;.status_code</failure></testcase><testcase classname="tests.test_v2_plans.TestV2PlansAPI" name="test_10_data_validation" time="0.136" /><testcase classname="tests.test_v2_plans" name="test_complete_flow" time="0.102"><failure message="AssertionError: Expected 200, got 404: 404 page not found&#10;  &#10;assert 404 == 200&#10; +  where 404 = &lt;Response [404]&gt;.status_code">E   AssertionError: Expected 200, got 404: 404 page not found
      
    assert 404 == 200
     +  where 404 = &lt;Response [404]&gt;.status_code</failure></testcase><testcase classname="tests.test_v2_5_decision_engine" name="test_plan_metadata_engine_version" time="3.686" /><testcase classname="tests.test_v2_5_decision_engine" name="test_plan_portfolio_score" time="0.000" /><testcase classname="tests.test_v2_5_decision_engine" name="test_plan_portfolio_score_breakdown" time="0.000" /><testcase classname="tests.test_v2_5_decision_engine" name="test_plan_confidence_score" time="0.000" /><testcase classname="tests.test_v2_5_decision_engine" name="test_plan_summary_is_non_empty_string" time="0.000" /><testcase classname="tests.test_v2_5_decision_engine" name="test_plan_improvements_shape" time="0.000" /><testcase classname="tests.test_v2_5_decision_engine" name="test_plan_do_nothing_and_degraded_flags" time="0.000" /><testcase classname="tests.test_v2_5_decision_engine" name="test_plan_hard_cap_6_actions" time="0.000" /><testcase classname="tests.test_v2_5_decision_engine" name="test_active_plan_has_v25_fields" time="0.213" /><testcase classname="tests.test_v2_5_decision_engine" name="test_save_preserves_v25_fields" time="3.649" /><testcase classname="tests.test_v2_5_decision_engine" name="test_copilot_suggested_prompts_ok" time="3.391" /><testcase classname="tests.test_v2_5_decision_engine" name="test_mf_quality_weights_6_components" time="0.000" /><testcase classname="tests.test_v2_5_decision_engine" name="test_mf_add_weights_have_need_0_15" time="0.000" /><testcase classname="tests.test_v2_5_decision_engine" name="test_score_mf_hold_fields" time="0.000" /><testcase classname="tests.test_v2_5_decision_engine" name="test_score_mf_switch_fields" time="0.000" /><testcase classname="tests.test_v2_5_decision_engine" name="test_score_mf_exit_guardrail_high_quality_low_overlap" time="0.000" /><testcase classname="tests.test_v2_5_decision_engine" name="test_score_mf_exit_tax_efficiency_blocks" time="0.000" /><testcase classname="tests.test_v2_5_decision_engine" name="test_score_mf_add_debt_uses_dynamic_target" time="0.000" /><testcase classname="tests.test_v2_5_decision_engine" name="test_tax_calculator_has_tax_efficiency_score_field" time="0.000" /><testcase classname="tests.test_v2_5_decision_engine" name="test_rule3_stricter_underperformer_only_one_condition_fails" time="0.000" /><testcase classname="tests.test_v2_5_decision_engine" name="test_rule3_flags_when_both_conditions_fail" time="0.000" /><testcase classname="tests.test_v2_5_decision_engine" name="test_rule5_debt_targets_by_risk_profile" time="0.000" /><testcase classname="tests.test_v2_5_decision_engine" name="test_rule7_do_nothing_summary_format" time="0.000" /><testcase classname="tests.test_action_rules" name="test_classify_plan_type" time="0.000" /><testcase classname="tests.test_action_rules" name="test_normalize_base_scheme_name" time="0.000" /><testcase classname="tests.test_action_rules" name="test_find_regular_direct_pairs" time="0.000" /><testcase classname="tests.test_action_rules" name="test_rule_1_regular_direct_consolidation" time="0.004" /><testcase classname="tests.test_action_rules" name="test_rule_6_cost_leak_switch" time="0.001" /><testcase classname="tests.test_action_rules" name="test_rule_6_cost_leak_triggers_when_large" time="0.001" /><testcase classname="tests.test_action_rules" name="test_rule_2_amc_concentration" time="0.001" /><testcase classname="tests.test_action_rules" name="test_rule_4_different_fund_overlap" time="0.001" /><testcase classname="tests.test_action_rules" name="test_rule_5_debt_gap_triggers_add" time="0.000" /><testcase classname="tests.test_action_rules" name="test_rule_3_underperformer_replacement" time="0.001" /><testcase classname="tests.test_action_rules" name="test_rule_2b_category_concentration_trims_over_35_pct" time="0.001" /><testcase classname="tests.test_action_rules" name="test_rule_2b_skipped_when_category_under_threshold" time="0.001" /><testcase classname="tests.test_action_rules" name="test_rule_2_amc_fires_for_unresolved_funds" time="0.208" /><testcase classname="tests.test_action_rules" name="test_category_inferred_from_scheme_name" time="0.321" /><testcase classname="tests.test_action_rules" name="test_infer_category_helper" time="0.000" /><testcase classname="tests.test_action_rules" name="test_fuzzy_match_strips_broker_prefixes_and_parens" time="0.000" /><testcase classname="tests.test_action_rules" name="test_rule_2_amc_threshold_uses_gte_not_strict_gt" time="0.342" /><testcase classname="tests.test_goal_engine" name="test_inflate_target_matches_formula" time="0.000" /><testcase classname="tests.test_goal_engine" name="test_required_sip_zero_pv_matches_formula" time="0.000" /><testcase classname="tests.test_goal_engine" name="test_required_sip_with_pv_reduces_sip" time="0.000" /><testcase classname="tests.test_goal_engine" name="test_required_sip_pv_exceeds_target_returns_zero" time="0.000" /><testcase classname="tests.test_goal_engine" name="test_required_lumpsum_inverse_of_fv" time="0.000" /><testcase classname="tests.test_goal_engine" name="test_project_corpus_matches_sip_math" time="0.000" /><testcase classname="tests.test_goal_engine" name="test_project_corpus_with_starting" time="0.000" /><testcase classname="tests.test_goal_engine" name="test_allocation_for_moderate_profile" time="0.000" /><testcase classname="tests.test_goal_engine" name="test_allocation_for_aggressive_profile" time="0.000" /><testcase classname="tests.test_goal_engine" name="test_allocation_caps_equity_for_short_horizon" time="0.000" /><testcase classname="tests.test_goal_engine" name="test_allocation_unknown_profile_falls_back_to_moderate" time="0.000" /><testcase classname="tests.test_goal_engine" name="test_blend_return_vol_matches_weighted_avg" time="0.000" /><testcase classname="tests.test_goal_engine" name="test_blend_100_debt_gives_debt_stats" time="0.000" /><testcase classname="tests.test_goal_engine" name="test_scenario_matrix_orders_corpus" time="0.000" /><testcase classname="tests.test_goal_engine" name="test_scenario_matrix_never_goes_negative" time="0.000" /><testcase classname="tests.test_goal_engine" name="test_mc_deterministic_with_seed" time="0.016" /><testcase classname="tests.test_goal_engine" name="test_mc_probability_in_range" time="0.002" /><testcase classname="tests.test_goal_engine" name="test_mc_huge_sip_high_success" time="0.002" /><testcase classname="tests.test_goal_engine" name="test_mc_underfunded_low_success" time="0.001" /><testcase classname="tests.test_goal_engine" name="test_actions_recommend_sip_increase_on_shortfall" time="0.000" /><testcase classname="tests.test_goal_engine" name="test_actions_recommend_risk_reduction_for_short_horizon" time="0.000" /><testcase classname="tests.test_goal_engine" name="test_actions_on_track_signal_when_healthy" time="0.000" /><testcase classname="tests.test_goal_engine" name="test_evaluate_goal_full_plan" time="0.003" /><testcase classname="tests.test_goal_engine" name="test_evaluate_goal_allocation_override_respected" time="0.002" /><testcase classname="tests.test_rules_admin" name="test_dsl_basic_comparison" time="0.000" /><testcase classname="tests.test_rules_admin" name="test_dsl_boolean_combinations" time="0.000" /><testcase classname="tests.test_rules_admin" name="test_dsl_arithmetic" time="0.000" /><testcase classname="tests.test_rules_admin" name="test_dsl_safe_builtins" time="0.000" /><testcase classname="tests.test_rules_admin" name="test_dsl_rejects_undefined_name" time="0.000" /><testcase classname="tests.test_rules_admin" name="test_dsl_rejects_eval_injection" time="0.000" /><testcase classname="tests.test_rules_admin" name="test_dsl_rejects_attribute_on_non_dict" time="0.000" /><testcase classname="tests.test_rules_admin" name="test_dsl_rejects_lambdas_and_defs" time="0.000" /><testcase classname="tests.test_rules_admin" name="test_dsl_chained_comparisons" time="0.000" /><testcase classname="tests.test_rules_admin" name="test_dsl_validate_returns_names_used" time="0.000" /><testcase classname="tests.test_rules_admin" name="test_dsl_validate_rejects_syntax_error" time="0.000" /><testcase classname="tests.test_rules_admin" name="test_dsl_validate_rejects_lambda_and_comprehensions" time="0.000" /><testcase classname="tests.test_rules_admin" name="test_dsl_expression_size_limit" time="0.000" /><testcase classname="tests.test_rules_admin" name="test_rules_config_defaults_all_rules_present" time="0.000" /><testcase classname="tests.test_rules_admin" name="test_rules_config_default_threshold_values" time="0.000" /><testcase classname="tests.test_rules_admin" name="test_rules_config_merge_defaults_preserves_unknown_keys" time="0.000" /><testcase classname="tests.test_rules_admin" name="test_prompts_registry_has_all_expected_prompts" time="0.000" /><testcase classname="tests.test_iteration38_unified_health.TestAnalyticsHealth" name="test_analytics_returns_health_score_keys" time="6.095" /><testcase classname="tests.test_iteration38_unified_health.TestAnalyticsHealth" name="test_analytics_preserves_legacy_dashboard_keys" time="5.667" /><testcase classname="tests.test_iteration38_unified_health.TestAnalyticsHealth" name="test_grade_matches_score_threshold" time="5.391" /><testcase classname="tests.test_iteration38_unified_health.TestInsightsHealthParity" name="test_insights_analysis_has_portfolio_health_block" time="5.356" /><testcase classname="tests.test_iteration38_unified_health.TestInsightsHealthParity" name="test_health_parity_analytics_vs_insights_analysis" time="10.740" /><testcase classname="tests.test_iteration38_unified_health.TestInsightsHealthParity" name="test_health_parity_v3_portfolio" time="15.645" /><testcase classname="tests.test_iteration38_unified_health.TestHealthProjection" name="test_projection_shape_for_user_with_active_plan" time="10.543" /><testcase classname="tests.test_iteration38_unified_health.TestHealthProjection" name="test_projection_current_matches_analytics" time="16.267" /><testcase classname="tests.test_iteration38_unified_health.TestStockWeightsAdmin" name="test_get_weights_requires_admin" time="0.220" /><testcase classname="tests.test_iteration38_unified_health.TestStockWeightsAdmin" name="test_get_weights_returns_four_dimensions" time="0.106" /><testcase classname="tests.test_iteration38_unified_health.TestStockWeightsAdmin" name="test_default_weight_values" time="0.051" /><testcase classname="tests.test_iteration38_unified_health.TestStockWeightsAdmin" name="test_put_weights_validates_sum_to_100" time="0.050" /><testcase classname="tests.test_iteration38_unified_health.TestStockWeightsAdmin" name="test_put_weights_persists_and_reset_restores" time="0.230" /><testcase classname="tests.test_iteration38_unified_health.TestStockMaster" name="test_master_endpoint_responds" time="0.140" /></testsuite></testsuites>